This file contains any messages produced by compilers while
running configure, to aid debugging if configure makes a mistake.

It was created by FreeType configure 2.3.7, which was
generated by GNU Autoconf 2.62.  Invocation command line was

  $ ./configure --prefix=/home/cygwin/cegcc/arm-mingw32ce --host=arm-mingw32ce --disable-shared CC=/home/cygwin/cegcc/bin/arm-mingw32ce-gcc CXX=/home/cygwin/cegcc/bin/arm-mingw32ce-g++ LD=/home/cygwin/cegcc/bin/arm-mingw32ce-ld AR=/home/cygwin/cegcc/bin/arm-mingw32ce-ar RANLIB=/home/cygwin/cegcc/bin/arm-mingw32ce-ranlib STRIP=/home/cygwin/cegcc/bin/arm-mingw32ce-strip WINDRES=/home/cygwin/cegcc/bin/arm-mingw32ce-windres AS=/home/cygwin/cegcc/bin/arm-mingw32ce-as DLLTOOL=/home/cygwin/cegcc/bin/arm-mingw32ce-dlltool OBJDUMP=/home/cygwin/cegcc/bin/arm-mingw32ce-objdump NM=/home/cygwin/cegcc/bin/arm-mingw32ce-nm

## --------- ##
## Platform. ##
## --------- ##

hostname = LAPTOP-QM9QS4IM
uname -m = i686
uname -r = 3.3.5-341.i686
uname -s = CYGWIN_NT-10.0-22000-WOW64
uname -v = 2022-05-13 12:23 UTC

/usr/bin/uname -p = unknown
/bin/uname -X     = unknown

/bin/arch              = i686
/usr/bin/arch -k       = unknown
/usr/convex/getsysinfo = unknown
/usr/bin/hostinfo      = unknown
/bin/machine           = unknown
/usr/bin/oslevel       = unknown
/bin/universe          = unknown

PATH: /usr/local/bin
PATH: /usr/bin
PATH: /cygdrive/c/WINDOWS/system32
PATH: /cygdrive/c/WINDOWS
PATH: /cygdrive/c/WINDOWS/System32/Wbem
PATH: /cygdrive/c/WINDOWS/System32/WindowsPowerShell/v1.0
PATH: /cygdrive/c/WINDOWS/System32/OpenSSH
PATH: /cygdrive/c/Program Files/Git/cmd
PATH: /cygdrive/c/Program Files/usbipd-win
PATH: /cygdrive/c/Users/admin/AppData/Local/Microsoft/WindowsApps
PATH: /cygdrive/c/Users/admin/AppData/Local/Programs/Microsoft VS Code/bin


## ----------- ##
## Core tests. ##
## ----------- ##

configure:2071: checking build system type
configure:2089: result: i686-pc-cygwin
configure:2111: checking host system type
configure:2126: result: arm-unknown-mingw32ce
configure:2148: checking target system type
configure:2163: result: arm-unknown-mingw32ce
configure:2203: checking for arm-mingw32ce-gcc
configure:2230: result: /home/cygwin/cegcc/bin/arm-mingw32ce-gcc
configure:2508: checking for C compiler version
configure:2516: /home/cygwin/cegcc/bin/arm-mingw32ce-gcc --version >&5
arm-mingw32ce-gcc (GCC) 9.3.0
Copyright (C) 2019 Free Software Foundation, Inc.
This is free software; see the source for copying conditions.  There is NO
warranty; not even for MERCHANTABILITY or FITNESS FOR A PARTICULAR PURPOSE.

configure:2520: $? = 0
configure:2527: /home/cygwin/cegcc/bin/arm-mingw32ce-gcc -v >&5
Using built-in specs.
COLLECT_GCC=/home/cygwin/cegcc/bin/arm-mingw32ce-gcc
COLLECT_LTO_WRAPPER=/home/cygwin/cegcc/bin/../libexec/gcc/arm-mingw32ce/9.3.0/lto-wrapper.exe
Target: arm-mingw32ce
Configured with: /home/cygwin/cegcc-build/gcc/configure --prefix=/opt/cegcc --build=i686-pc-cygwin --with-gcc --with-gnu-ld --with-gnu-as --enable-threads=win32 --disable-nls --enable-languages=c,c++ --disable-win32-registry --disable-multilib --disable-interwork --without-newlib --enable-checking --with-headers --disable-__cxa_atexit --with-libiconv-prefix=/usr/local --host=i686-pc-cygwin --target=arm-mingw32ce
Thread model: win32
gcc version 9.3.0 (GCC) 
configure:2531: $? = 0
configure:2538: /home/cygwin/cegcc/bin/arm-mingw32ce-gcc -V >&5
arm-mingw32ce-gcc: error: unrecognized command line option '-V'
arm-mingw32ce-gcc: fatal error: no input files
compilation terminated.
configure:2542: $? = 1
configure:2565: checking for C compiler default output file name
configure:2587: /home/cygwin/cegcc/bin/arm-mingw32ce-gcc    conftest.c  >&5
configure:2591: $? = 0
configure:2629: result: a.exe
configure:2646: checking whether the C compiler works
configure:2656: ./a.exe
./configure: line 2658: ./a.exe: cannot execute binary file: Exec format error
configure:2660: $? = 126
configure:2677: result: yes
configure:2684: checking whether we are cross compiling
configure:2686: result: yes
configure:2689: checking for suffix of executables
configure:2696: /home/cygwin/cegcc/bin/arm-mingw32ce-gcc -o conftest.exe    conftest.c  >&5
configure:2700: $? = 0
configure:2724: result: .exe
configure:2730: checking for suffix of object files
configure:2756: /home/cygwin/cegcc/bin/arm-mingw32ce-gcc -c   conftest.c >&5
configure:2760: $? = 0
configure:2783: result: o
configure:2787: checking whether we are using the GNU C compiler
configure:2816: /home/cygwin/cegcc/bin/arm-mingw32ce-gcc -c   conftest.c >&5
configure:2823: $? = 0
configure:2840: result: yes
configure:2849: checking whether /home/cygwin/cegcc/bin/arm-mingw32ce-gcc accepts -g
configure:2879: /home/cygwin/cegcc/bin/arm-mingw32ce-gcc -c -g  conftest.c >&5
configure:2886: $? = 0
configure:2987: result: yes
configure:3004: checking for /home/cygwin/cegcc/bin/arm-mingw32ce-gcc option to accept ISO C89
configure:3078: /home/cygwin/cegcc/bin/arm-mingw32ce-gcc  -c -g -O2  conftest.c >&5
configure:3085: $? = 0
configure:3108: result: none needed
configure:3131: checking how to run the C preprocessor
configure:3171: /home/cygwin/cegcc/bin/arm-mingw32ce-gcc -E  conftest.c
configure:3178: $? = 0
configure:3209: /home/cygwin/cegcc/bin/arm-mingw32ce-gcc -E  conftest.c
conftest.c:8:10: fatal error: ac_nonexistent.h: No such file or directory
    8 | #include <ac_nonexistent.h>
      |          ^~~~~~~~~~~~~~~~~~
compilation terminated.
configure:3216: $? = 1
configure: failed program was:
| /* confdefs.h.  */
| #define PACKAGE_NAME "FreeType"
| #define PACKAGE_TARNAME "freetype"
| #define PACKAGE_VERSION "2.3.7"
| #define PACKAGE_STRING "FreeType 2.3.7"
| #define PACKAGE_BUGREPORT "freetype@nongnu.org"
| /* end confdefs.h.  */
| #include <ac_nonexistent.h>
configure:3249: result: /home/cygwin/cegcc/bin/arm-mingw32ce-gcc -E
configure:3278: /home/cygwin/cegcc/bin/arm-mingw32ce-gcc -E  conftest.c
configure:3285: $? = 0
configure:3316: /home/cygwin/cegcc/bin/arm-mingw32ce-gcc -E  conftest.c
conftest.c:8:10: fatal error: ac_nonexistent.h: No such file or directory
    8 | #include <ac_nonexistent.h>
      |          ^~~~~~~~~~~~~~~~~~
compilation terminated.
configure:3323: $? = 1
configure: failed program was:
| /* confdefs.h.  */
| #define PACKAGE_NAME "FreeType"
| #define PACKAGE_TARNAME "freetype"
| #define PACKAGE_VERSION "2.3.7"
| #define PACKAGE_STRING "FreeType 2.3.7"
| #define PACKAGE_BUGREPORT "freetype@nongnu.org"
| /* end confdefs.h.  */
| #include <ac_nonexistent.h>
configure:3368: checking for i686-pc-cygwin-gcc
configure:3384: found /usr/bin/i686-pc-cygwin-gcc
configure:3395: result: i686-pc-cygwin-gcc
configure:3405: checking for i686-pc-cygwin-gcc
configure:3432: result: i686-pc-cygwin-gcc
configure:3442: checking for i686-pc-cygwin-gcc
configure:3486: result: i686-pc-cygwin-gcc
configure:3498: checking for suffix of native executables
configure:3513: result: 
configure:3555: checking for rm
configure:3571: found /usr/bin/rm
configure:3582: result: rm -f
configure:3592: checking for rmdir
configure:3608: found /usr/bin/rmdir
configure:3619: result: rmdir
configure:3647: checking for a BSD-compatible install
configure:3715: result: /usr/bin/install -c
configure:3738: checking for grep that handles long lines and -e
configure:3798: result: /usr/bin/grep
configure:3803: checking for egrep
configure:3867: result: /usr/bin/grep -E
configure:3872: checking for ANSI C header files
configure:3902: /home/cygwin/cegcc/bin/arm-mingw32ce-gcc -c -g -O2  conftest.c >&5
configure:3909: $? = 0
configure:4040: result: yes
configure:4064: checking for sys/types.h
configure:4085: /home/cygwin/cegcc/bin/arm-mingw32ce-gcc -c -g -O2  conftest.c >&5
configure:4092: $? = 0
configure:4109: result: yes
configure:4064: checking for sys/stat.h
configure:4085: /home/cygwin/cegcc/bin/arm-mingw32ce-gcc -c -g -O2  conftest.c >&5
configure:4092: $? = 0
configure:4109: result: yes
configure:4064: checking for stdlib.h
configure:4085: /home/cygwin/cegcc/bin/arm-mingw32ce-gcc -c -g -O2  conftest.c >&5
configure:4092: $? = 0
configure:4109: result: yes
configure:4064: checking for string.h
configure:4085: /home/cygwin/cegcc/bin/arm-mingw32ce-gcc -c -g -O2  conftest.c >&5
configure:4092: $? = 0
configure:4109: result: yes
configure:4064: checking for memory.h
configure:4085: /home/cygwin/cegcc/bin/arm-mingw32ce-gcc -c -g -O2  conftest.c >&5
configure:4092: $? = 0
configure:4109: result: yes
configure:4064: checking for strings.h
configure:4085: /home/cygwin/cegcc/bin/arm-mingw32ce-gcc -c -g -O2  conftest.c >&5
configure:4092: $? = 0
configure:4109: result: yes
configure:4064: checking for inttypes.h
configure:4085: /home/cygwin/cegcc/bin/arm-mingw32ce-gcc -c -g -O2  conftest.c >&5
configure:4092: $? = 0
configure:4109: result: yes
configure:4064: checking for stdint.h
configure:4085: /home/cygwin/cegcc/bin/arm-mingw32ce-gcc -c -g -O2  conftest.c >&5
configure:4092: $? = 0
configure:4109: result: yes
configure:4064: checking for unistd.h
configure:4085: /home/cygwin/cegcc/bin/arm-mingw32ce-gcc -c -g -O2  conftest.c >&5
configure:4092: $? = 0
configure:4109: result: yes
configure:4139: checking fcntl.h usability
configure:4156: /home/cygwin/cegcc/bin/arm-mingw32ce-gcc -c -g -O2  conftest.c >&5
configure:4163: $? = 0
configure:4177: result: yes
configure:4181: checking fcntl.h presence
configure:4196: /home/cygwin/cegcc/bin/arm-mingw32ce-gcc -E  conftest.c
configure:4203: $? = 0
configure:4217: result: yes
configure:4250: checking for fcntl.h
configure:4259: result: yes
configure:4128: checking for unistd.h
configure:4135: result: yes
configure:4277: checking for an ANSI C-conforming const
configure:4352: /home/cygwin/cegcc/bin/arm-mingw32ce-gcc -c -g -O2  conftest.c >&5
configure:4359: $? = 0
configure:4374: result: yes
configure:4388: checking size of int
configure:4418: /home/cygwin/cegcc/bin/arm-mingw32ce-gcc -c -g -O2  conftest.c >&5
configure:4425: $? = 0
configure:4455: /home/cygwin/cegcc/bin/arm-mingw32ce-gcc -c -g -O2  conftest.c >&5
conftest.c: In function 'main':
conftest.c:56:12: error: size of array 'test_array' is negative
   56 | static int test_array [1 - 2 * !(((long int) (sizeof (int))) <= 0)];
      |            ^~~~~~~~~~
configure:4462: $? = 1
configure: failed program was:
| /* confdefs.h.  */
| #define PACKAGE_NAME "FreeType"
| #define PACKAGE_TARNAME "freetype"
| #define PACKAGE_VERSION "2.3.7"
| #define PACKAGE_STRING "FreeType 2.3.7"
| #define PACKAGE_BUGREPORT "freetype@nongnu.org"
| #define STDC_HEADERS 1
| #define HAVE_SYS_TYPES_H 1
| #define HAVE_SYS_STAT_H 1
| #define HAVE_STDLIB_H 1
| #define HAVE_STRING_H 1
| #define HAVE_MEMORY_H 1
| #define HAVE_STRINGS_H 1
| #define HAVE_INTTYPES_H 1
| #define HAVE_STDINT_H 1
| #define HAVE_UNISTD_H 1
| #define HAVE_FCNTL_H 1
| #define HAVE_UNISTD_H 1
| /* end confdefs.h.  */
| #include <stdio.h>
| #ifdef HAVE_SYS_TYPES_H
| # include <sys/types.h>
| #endif
| #ifdef HAVE_SYS_STAT_H
| # include <sys/stat.h>
| #endif
| #ifdef STDC_HEADERS
| # include <stdlib.h>
| # include <stddef.h>
| #else
| # ifdef HAVE_STDLIB_H
| #  include <stdlib.h>
| # endif
| #endif
| #ifdef HAVE_STRING_H
| # if !defined STDC_HEADERS && defined HAVE_MEMORY_H
| #  include <memory.h>
| # endif
| # include <string.h>
| #endif
| #ifdef HAVE_STRINGS_H
| # include <strings.h>
| #endif
| #ifdef HAVE_INTTYPES_H
| # include <inttypes.h>
| #endif
| #ifdef HAVE_STDINT_H
| # include <stdint.h>
| #endif
| #ifdef HAVE_UNISTD_H
| # include <unistd.h>
| #endif
| int
| main ()
| {
| static int test_array [1 - 2 * !(((long int) (sizeof (int))) <= 0)];
| test_array [0] = 0
| 
|   ;
|   return 0;
| }
configure:4455: /home/cygwin/cegcc/bin/arm-mingw32ce-gcc -c -g -O2  conftest.c >&5
conftest.c: In function 'main':
conftest.c:56:12: error: size of array 'test_array' is negative
   56 | static int test_array [1 - 2 * !(((long int) (sizeof (int))) <= 1)];
      |            ^~~~~~~~~~
configure:4462: $? = 1
configure: failed program was:
| /* confdefs.h.  */
| #define PACKAGE_NAME "FreeType"
| #define PACKAGE_TARNAME "freetype"
| #define PACKAGE_VERSION "2.3.7"
| #define PACKAGE_STRING "FreeType 2.3.7"
| #define PACKAGE_BUGREPORT "freetype@nongnu.org"
| #define STDC_HEADERS 1
| #define HAVE_SYS_TYPES_H 1
| #define HAVE_SYS_STAT_H 1
| #define HAVE_STDLIB_H 1
| #define HAVE_STRING_H 1
| #define HAVE_MEMORY_H 1
| #define HAVE_STRINGS_H 1
| #define HAVE_INTTYPES_H 1
| #define HAVE_STDINT_H 1
| #define HAVE_UNISTD_H 1
| #define HAVE_FCNTL_H 1
| #define HAVE_UNISTD_H 1
| /* end confdefs.h.  */
| #include <stdio.h>
| #ifdef HAVE_SYS_TYPES_H
| # include <sys/types.h>
| #endif
| #ifdef HAVE_SYS_STAT_H
| # include <sys/stat.h>
| #endif
| #ifdef STDC_HEADERS
| # include <stdlib.h>
| # include <stddef.h>
| #else
| # ifdef HAVE_STDLIB_H
| #  include <stdlib.h>
| # endif
| #endif
| #ifdef HAVE_STRING_H
| # if !defined STDC_HEADERS && defined HAVE_MEMORY_H
| #  include <memory.h>
| # endif
| # include <string.h>
| #endif
| #ifdef HAVE_STRINGS_H
| # include <strings.h>
| #endif
| #ifdef HAVE_INTTYPES_H
| # include <inttypes.h>
| #endif
| #ifdef HAVE_STDINT_H
| # include <stdint.h>
| #endif
| #ifdef HAVE_UNISTD_H
| # include <unistd.h>
| #endif
| int
| main ()
| {
| static int test_array [1 - 2 * !(((long int) (sizeof (int))) <= 1)];
| test_array [0] = 0
| 
|   ;
|   return 0;
| }
configure:4455: /home/cygwin/cegcc/bin/arm-mingw32ce-gcc -c -g -O2  conftest.c >&5
conftest.c: In function 'main':
conftest.c:56:12: error: size of array 'test_array' is negative
   56 | static int test_array [1 - 2 * !(((long int) (sizeof (int))) <= 3)];
      |            ^~~~~~~~~~
configure:4462: $? = 1
configure: failed program was:
| /* confdefs.h.  */
| #define PACKAGE_NAME "FreeType"
| #define PACKAGE_TARNAME "freetype"
| #define PACKAGE_VERSION "2.3.7"
| #define PACKAGE_STRING "FreeType 2.3.7"
| #define PACKAGE_BUGREPORT "freetype@nongnu.org"
| #define STDC_HEADERS 1
| #define HAVE_SYS_TYPES_H 1
| #define HAVE_SYS_STAT_H 1
| #define HAVE_STDLIB_H 1
| #define HAVE_STRING_H 1
| #define HAVE_MEMORY_H 1
| #define HAVE_STRINGS_H 1
| #define HAVE_INTTYPES_H 1
| #define HAVE_STDINT_H 1
| #define HAVE_UNISTD_H 1
| #define HAVE_FCNTL_H 1
| #define HAVE_UNISTD_H 1
| /* end confdefs.h.  */
| #include <stdio.h>
| #ifdef HAVE_SYS_TYPES_H
| # include <sys/types.h>
| #endif
| #ifdef HAVE_SYS_STAT_H
| # include <sys/stat.h>
| #endif
| #ifdef STDC_HEADERS
| # include <stdlib.h>
| # include <stddef.h>
| #else
| # ifdef HAVE_STDLIB_H
| #  include <stdlib.h>
| # endif
| #endif
| #ifdef HAVE_STRING_H
| # if !defined STDC_HEADERS && defined HAVE_MEMORY_H
| #  include <memory.h>
| # endif
| # include <string.h>
| #endif
| #ifdef HAVE_STRINGS_H
| # include <strings.h>
| #endif
| #ifdef HAVE_INTTYPES_H
| # include <inttypes.h>
| #endif
| #ifdef HAVE_STDINT_H
| # include <stdint.h>
| #endif
| #ifdef HAVE_UNISTD_H
| # include <unistd.h>
| #endif
| int
| main ()
| {
| static int test_array [1 - 2 * !(((long int) (sizeof (int))) <= 3)];
| test_array [0] = 0
| 
|   ;
|   return 0;
| }
configure:4455: /home/cygwin/cegcc/bin/arm-mingw32ce-gcc -c -g -O2  conftest.c >&5
configure:4462: $? = 0
configure:4610: /home/cygwin/cegcc/bin/arm-mingw32ce-gcc -c -g -O2  conftest.c >&5
configure:4617: $? = 0
configure:4610: /home/cygwin/cegcc/bin/arm-mingw32ce-gcc -c -g -O2  conftest.c >&5
configure:4617: $? = 0
configure:4729: result: 4
configure:4743: checking size of long
configure:4773: /home/cygwin/cegcc/bin/arm-mingw32ce-gcc -c -g -O2  conftest.c >&5
configure:4780: $? = 0
configure:4810: /home/cygwin/cegcc/bin/arm-mingw32ce-gcc -c -g -O2  conftest.c >&5
conftest.c: In function 'main':
conftest.c:57:12: error: size of array 'test_array' is negative
   57 | static int test_array [1 - 2 * !(((long int) (sizeof (long))) <= 0)];
      |            ^~~~~~~~~~
configure:4817: $? = 1
configure: failed program was:
| /* confdefs.h.  */
| #define PACKAGE_NAME "FreeType"
| #define PACKAGE_TARNAME "freetype"
| #define PACKAGE_VERSION "2.3.7"
| #define PACKAGE_STRING "FreeType 2.3.7"
| #define PACKAGE_BUGREPORT "freetype@nongnu.org"
| #define STDC_HEADERS 1
| #define HAVE_SYS_TYPES_H 1
| #define HAVE_SYS_STAT_H 1
| #define HAVE_STDLIB_H 1
| #define HAVE_STRING_H 1
| #define HAVE_MEMORY_H 1
| #define HAVE_STRINGS_H 1
| #define HAVE_INTTYPES_H 1
| #define HAVE_STDINT_H 1
| #define HAVE_UNISTD_H 1
| #define HAVE_FCNTL_H 1
| #define HAVE_UNISTD_H 1
| #define SIZEOF_INT 4
| /* end confdefs.h.  */
| #include <stdio.h>
| #ifdef HAVE_SYS_TYPES_H
| # include <sys/types.h>
| #endif
| #ifdef HAVE_SYS_STAT_H
| # include <sys/stat.h>
| #endif
| #ifdef STDC_HEADERS
| # include <stdlib.h>
| # include <stddef.h>
| #else
| # ifdef HAVE_STDLIB_H
| #  include <stdlib.h>
| # endif
| #endif
| #ifdef HAVE_STRING_H
| # if !defined STDC_HEADERS && defined HAVE_MEMORY_H
| #  include <memory.h>
| # endif
| # include <string.h>
| #endif
| #ifdef HAVE_STRINGS_H
| # include <strings.h>
| #endif
| #ifdef HAVE_INTTYPES_H
| # include <inttypes.h>
| #endif
| #ifdef HAVE_STDINT_H
| # include <stdint.h>
| #endif
| #ifdef HAVE_UNISTD_H
| # include <unistd.h>
| #endif
| int
| main ()
| {
| static int test_array [1 - 2 * !(((long int) (sizeof (long))) <= 0)];
| test_array [0] = 0
| 
|   ;
|   return 0;
| }
configure:4810: /home/cygwin/cegcc/bin/arm-mingw32ce-gcc -c -g -O2  conftest.c >&5
conftest.c: In function 'main':
conftest.c:57:12: error: size of array 'test_array' is negative
   57 | static int test_array [1 - 2 * !(((long int) (sizeof (long))) <= 1)];
      |            ^~~~~~~~~~
configure:4817: $? = 1
configure: failed program was:
| /* confdefs.h.  */
| #define PACKAGE_NAME "FreeType"
| #define PACKAGE_TARNAME "freetype"
| #define PACKAGE_VERSION "2.3.7"
| #define PACKAGE_STRING "FreeType 2.3.7"
| #define PACKAGE_BUGREPORT "freetype@nongnu.org"
| #define STDC_HEADERS 1
| #define HAVE_SYS_TYPES_H 1
| #define HAVE_SYS_STAT_H 1
| #define HAVE_STDLIB_H 1
| #define HAVE_STRING_H 1
| #define HAVE_MEMORY_H 1
| #define HAVE_STRINGS_H 1
| #define HAVE_INTTYPES_H 1
| #define HAVE_STDINT_H 1
| #define HAVE_UNISTD_H 1
| #define HAVE_FCNTL_H 1
| #define HAVE_UNISTD_H 1
| #define SIZEOF_INT 4
| /* end confdefs.h.  */
| #include <stdio.h>
| #ifdef HAVE_SYS_TYPES_H
| # include <sys/types.h>
| #endif
| #ifdef HAVE_SYS_STAT_H
| # include <sys/stat.h>
| #endif
| #ifdef STDC_HEADERS
| # include <stdlib.h>
| # include <stddef.h>
| #else
| # ifdef HAVE_STDLIB_H
| #  include <stdlib.h>
| # endif
| #endif
| #ifdef HAVE_STRING_H
| # if !defined STDC_HEADERS && defined HAVE_MEMORY_H
| #  include <memory.h>
| # endif
| # include <string.h>
| #endif
| #ifdef HAVE_STRINGS_H
| # include <strings.h>
| #endif
| #ifdef HAVE_INTTYPES_H
| # include <inttypes.h>
| #endif
| #ifdef HAVE_STDINT_H
| # include <stdint.h>
| #endif
| #ifdef HAVE_UNISTD_H
| # include <unistd.h>
| #endif
| int
| main ()
| {
| static int test_array [1 - 2 * !(((long int) (sizeof (long))) <= 1)];
| test_array [0] = 0
| 
|   ;
|   return 0;
| }
configure:4810: /home/cygwin/cegcc/bin/arm-mingw32ce-gcc -c -g -O2  conftest.c >&5
conftest.c: In function 'main':
conftest.c:57:12: error: size of array 'test_array' is negative
   57 | static int test_array [1 - 2 * !(((long int) (sizeof (long))) <= 3)];
      |            ^~~~~~~~~~
configure:4817: $? = 1
configure: failed program was:
| /* confdefs.h.  */
| #define PACKAGE_NAME "FreeType"
| #define PACKAGE_TARNAME "freetype"
| #define PACKAGE_VERSION "2.3.7"
| #define PACKAGE_STRING "FreeType 2.3.7"
| #define PACKAGE_BUGREPORT "freetype@nongnu.org"
| #define STDC_HEADERS 1
| #define HAVE_SYS_TYPES_H 1
| #define HAVE_SYS_STAT_H 1
| #define HAVE_STDLIB_H 1
| #define HAVE_STRING_H 1
| #define HAVE_MEMORY_H 1
| #define HAVE_STRINGS_H 1
| #define HAVE_INTTYPES_H 1
| #define HAVE_STDINT_H 1
| #define HAVE_UNISTD_H 1
| #define HAVE_FCNTL_H 1
| #define HAVE_UNISTD_H 1
| #define SIZEOF_INT 4
| /* end confdefs.h.  */
| #include <stdio.h>
| #ifdef HAVE_SYS_TYPES_H
| # include <sys/types.h>
| #endif
| #ifdef HAVE_SYS_STAT_H
| # include <sys/stat.h>
| #endif
| #ifdef STDC_HEADERS
| # include <stdlib.h>
| # include <stddef.h>
| #else
| # ifdef HAVE_STDLIB_H
| #  include <stdlib.h>
| # endif
| #endif
| #ifdef HAVE_STRING_H
| # if !defined STDC_HEADERS && defined HAVE_MEMORY_H
| #  include <memory.h>
| # endif
| # include <string.h>
| #endif
| #ifdef HAVE_STRINGS_H
| # include <strings.h>
| #endif
| #ifdef HAVE_INTTYPES_H
| # include <inttypes.h>
| #endif
| #ifdef HAVE_STDINT_H
| # include <stdint.h>
| #endif
| #ifdef HAVE_UNISTD_H
| # include <unistd.h>
| #endif
| int
| main ()
| {
| static int test_array [1 - 2 * !(((long int) (sizeof (long))) <= 3)];
| test_array [0] = 0
| 
|   ;
|   return 0;
| }
configure:4810: /home/cygwin/cegcc/bin/arm-mingw32ce-gcc -c -g -O2  conftest.c >&5
configure:4817: $? = 0
configure:4965: /home/cygwin/cegcc/bin/arm-mingw32ce-gcc -c -g -O2  conftest.c >&5
configure:4972: $? = 0
configure:4965: /home/cygwin/cegcc/bin/arm-mingw32ce-gcc -c -g -O2  conftest.c >&5
configure:4972: $? = 0
configure:5084: result: 4
configure:5106: checking for stdlib.h
configure:5113: result: yes
configure:5106: checking for unistd.h
configure:5113: result: yes
configure:5255: checking for getpagesize
configure:5311: /home/cygwin/cegcc/bin/arm-mingw32ce-gcc -o conftest.exe -g -O2   conftest.c  >&5
/home/cygwin/cegcc/bin/../lib/gcc/arm-mingw32ce/9.3.0/../../../../arm-mingw32ce/bin/ld: /tmp/ccNr7xMB.o: in function `main':
/home/cygwin/freetype-2.3.7/src/freetype-2.3.7/builds/unix/conftest.c:58: undefined reference to `getpagesize'
collect2: error: ld returned 1 exit status
configure:5318: $? = 1
configure: failed program was:
| /* confdefs.h.  */
| #define PACKAGE_NAME "FreeType"
| #define PACKAGE_TARNAME "freetype"
| #define PACKAGE_VERSION "2.3.7"
| #define PACKAGE_STRING "FreeType 2.3.7"
| #define PACKAGE_BUGREPORT "freetype@nongnu.org"
| #define STDC_HEADERS 1
| #define HAVE_SYS_TYPES_H 1
| #define HAVE_SYS_STAT_H 1
| #define HAVE_STDLIB_H 1
| #define HAVE_STRING_H 1
| #define HAVE_MEMORY_H 1
| #define HAVE_STRINGS_H 1
| #define HAVE_INTTYPES_H 1
| #define HAVE_STDINT_H 1
| #define HAVE_UNISTD_H 1
| #define HAVE_FCNTL_H 1
| #define HAVE_UNISTD_H 1
| #define SIZEOF_INT 4
| #define SIZEOF_LONG 4
| #define HAVE_STDLIB_H 1
| #define HAVE_UNISTD_H 1
| /* end confdefs.h.  */
| /* Define getpagesize to an innocuous variant, in case <limits.h> declares getpagesize.
|    For example, HP-UX 11i <limits.h> declares gettimeofday.  */
| #define getpagesize innocuous_getpagesize
| 
| /* System header to define __stub macros and hopefully few prototypes,
|     which can conflict with char getpagesize (); below.
|     Prefer <limits.h> to <assert.h> if __STDC__ is defined, since
|     <limits.h> exists even on freestanding compilers.  */
| 
| #ifdef __STDC__
| # include <limits.h>
| #else
| # include <assert.h>
| #endif
| 
| #undef getpagesize
| 
| /* Override any GCC internal prototype to avoid an error.
|    Use char because int might match the return type of a GCC
|    builtin and then its argument prototype would still apply.  */
| #ifdef __cplusplus
| extern "C"
| #endif
| char getpagesize ();
| /* The GNU C library defines this for functions which it implements
|     to always fail with ENOSYS.  Some functions are actually named
|     something starting with __ and the normal name is an alias.  */
| #if defined __stub_getpagesize || defined __stub___getpagesize
| choke me
| #endif
| 
| int
| main ()
| {
| return getpagesize ();
|   ;
|   return 0;
| }
configure:5340: result: no
configure:5351: checking for working mmap
configure:5529: result: no
configure:5684: checking for memcpy
configure:5740: /home/cygwin/cegcc/bin/arm-mingw32ce-gcc -o conftest.exe -g -O2   conftest.c  >&5
conftest.c:47:6: warning: conflicting types for built-in function 'memcpy'; expected 'void *(void *, const void *, unsigned int)' [-Wbuiltin-declaration-mismatch]
   47 | char memcpy ();
      |      ^~~~~~
conftest.c:35:1: note: 'memcpy' is declared in header '<string.h>'
   34 | # include <limits.h>
   35 | #else
configure:5747: $? = 0
configure:5769: result: yes
configure:5684: checking for memmove
configure:5740: /home/cygwin/cegcc/bin/arm-mingw32ce-gcc -o conftest.exe -g -O2   conftest.c  >&5
conftest.c:48:6: warning: conflicting types for built-in function 'memmove'; expected 'void *(void *, const void *, unsigned int)' [-Wbuiltin-declaration-mismatch]
   48 | char memmove ();
      |      ^~~~~~~
conftest.c:36:1: note: 'memmove' is declared in header '<string.h>'
   35 | # include <limits.h>
   36 | #else
configure:5747: $? = 0
configure:5769: result: yes
configure:5792: checking for gzsetparams in -lz
configure:5827: /home/cygwin/cegcc/bin/arm-mingw32ce-gcc -o conftest.exe -g -O2   conftest.c -lz   >&5
configure:5834: $? = 0
configure:5855: result: yes
configure:5868: checking zlib.h usability
configure:5885: /home/cygwin/cegcc/bin/arm-mingw32ce-gcc -c -g -O2  conftest.c >&5
configure:5892: $? = 0
configure:5906: result: yes
configure:5910: checking zlib.h presence
configure:5925: /home/cygwin/cegcc/bin/arm-mingw32ce-gcc -E  conftest.c
configure:5932: $? = 0
configure:5946: result: yes
configure:5979: checking for zlib.h
configure:5986: result: yes
configure:6008: checking whether CFLAGS includes -isysroot option
configure:6032: result: no
configure:6812: checking for a sed that does not truncate output
configure:6878: result: /usr/bin/sed
configure:6896: checking for fgrep
configure:6960: result: /usr/bin/grep -F
configure:6995: checking for ld used by /home/cygwin/cegcc/bin/arm-mingw32ce-gcc
configure:7062: result: /home/cygwin/cegcc/bin/arm-mingw32ce-ld
configure:7071: checking if the linker (/home/cygwin/cegcc/bin/arm-mingw32ce-ld) is GNU ld
configure:7086: result: yes
configure:7098: checking for BSD- or MS-compatible name lister (nm)
configure:7147: result: /home/cygwin/cegcc/bin/arm-mingw32ce-nm
configure:7269: checking the name lister (/home/cygwin/cegcc/bin/arm-mingw32ce-nm) interface
configure:7276: /home/cygwin/cegcc/bin/arm-mingw32ce-gcc -c -g -O2 -DFT_CONFIG_OPTION_SYSTEM_ZLIB  conftest.c >&5
configure:7279: /home/cygwin/cegcc/bin/arm-mingw32ce-nm "conftest.o"
configure:7282: output
00000000 b .bss
00000000 d .data
00000000 N .debug_abbrev
00000000 N .debug_aranges
00000000 N .debug_info
00000000 N .debug_line
00000000 t .text
00000000 B some_variable
configure:7289: result: BSD nm
configure:7292: checking whether ln -s works
configure:7296: result: yes
configure:7304: checking the maximum length of command line arguments
configure:7424: result: 8192
configure:7441: checking whether the shell understands some XSI constructs
configure:7451: result: yes
configure:7455: checking whether the shell understands "+="
configure:7461: result: yes
configure:7496: checking for /home/cygwin/cegcc/bin/arm-mingw32ce-ld option to reload object files
configure:7503: result: -r
configure:7530: checking how to recognize dependent libraries
configure:7720: result: file_magic ^x86 archive import|^x86 DLL
configure:7740: checking for arm-mingw32ce-ar
configure:7767: result: /home/cygwin/cegcc/bin/arm-mingw32ce-ar
configure:7849: checking for arm-mingw32ce-strip
configure:7876: result: /home/cygwin/cegcc/bin/arm-mingw32ce-strip
configure:7952: checking for arm-mingw32ce-ranlib
configure:7979: result: /home/cygwin/cegcc/bin/arm-mingw32ce-ranlib
configure:8113: checking command to parse /home/cygwin/cegcc/bin/arm-mingw32ce-nm output from /home/cygwin/cegcc/bin/arm-mingw32ce-gcc object
configure:8231: /home/cygwin/cegcc/bin/arm-mingw32ce-gcc -c -g -O2 -DFT_CONFIG_OPTION_SYSTEM_ZLIB  conftest.c >&5
configure:8234: $? = 0
configure:8238: /home/cygwin/cegcc/bin/arm-mingw32ce-nm conftest.o \| sed -n -e 's/^.*[	 ]\([ABCDGIRSTW][ABCDGIRSTW]*\)[	 ][	 ]*\([_A-Za-z][_A-Za-z0-9]*\)$/\1 \2 \2/p' \> conftest.nm
configure:8241: $? = 0
configure:8295: /home/cygwin/cegcc/bin/arm-mingw32ce-gcc -o conftest.exe -g -O2 -DFT_CONFIG_OPTION_SYSTEM_ZLIB   -lz conftest.c conftstm.o >&5
configure:8298: $? = 0
configure:8336: result: ok
configure:9221: checking for dlfcn.h
configure:9242: /home/cygwin/cegcc/bin/arm-mingw32ce-gcc -c -g -O2 -DFT_CONFIG_OPTION_SYSTEM_ZLIB  conftest.c >&5
conftest.c:60:10: fatal error: dlfcn.h: No such file or directory
   60 | #include <dlfcn.h>
      |          ^~~~~~~~~
compilation terminated.
configure:9249: $? = 1
configure: failed program was:
| /* confdefs.h.  */
| #define PACKAGE_NAME "FreeType"
| #define PACKAGE_TARNAME "freetype"
| #define PACKAGE_VERSION "2.3.7"
| #define PACKAGE_STRING "FreeType 2.3.7"
| #define PACKAGE_BUGREPORT "freetype@nongnu.org"
| #define STDC_HEADERS 1
| #define HAVE_SYS_TYPES_H 1
| #define HAVE_SYS_STAT_H 1
| #define HAVE_STDLIB_H 1
| #define HAVE_STRING_H 1
| #define HAVE_MEMORY_H 1
| #define HAVE_STRINGS_H 1
| #define HAVE_INTTYPES_H 1
| #define HAVE_STDINT_H 1
| #define HAVE_UNISTD_H 1
| #define HAVE_FCNTL_H 1
| #define HAVE_UNISTD_H 1
| #define SIZEOF_INT 4
| #define SIZEOF_LONG 4
| #define HAVE_STDLIB_H 1
| #define HAVE_UNISTD_H 1
| #define HAVE_MEMCPY 1
| #define HAVE_MEMMOVE 1
| /* end confdefs.h.  */
| #include <stdio.h>
| #ifdef HAVE_SYS_TYPES_H
| # include <sys/types.h>
| #endif
| #ifdef HAVE_SYS_STAT_H
| # include <sys/stat.h>
| #endif
| #ifdef STDC_HEADERS
| # include <stdlib.h>
| # include <stddef.h>
| #else
| # ifdef HAVE_STDLIB_H
| #  include <stdlib.h>
| # endif
| #endif
| #ifdef HAVE_STRING_H
| # if !defined STDC_HEADERS && defined HAVE_MEMORY_H
| #  include <memory.h>
| # endif
| # include <string.h>
| #endif
| #ifdef HAVE_STRINGS_H
| # include <strings.h>
| #endif
| #ifdef HAVE_INTTYPES_H
| # include <inttypes.h>
| #endif
| #ifdef HAVE_STDINT_H
| # include <stdint.h>
| #endif
| #ifdef HAVE_UNISTD_H
| # include <unistd.h>
| #endif
| 
| #include <dlfcn.h>
configure:9266: result: no
configure:9288: checking for arm-mingw32ce-as
configure:9315: result: /home/cygwin/cegcc/bin/arm-mingw32ce-as
configure:9384: checking for arm-mingw32ce-dlltool
configure:9411: result: /home/cygwin/cegcc/bin/arm-mingw32ce-dlltool
configure:9480: checking for arm-mingw32ce-objdump
configure:9507: result: /home/cygwin/cegcc/bin/arm-mingw32ce-objdump
configure:9761: checking for objdir
configure:9776: result: .libs
configure:10068: checking if /home/cygwin/cegcc/bin/arm-mingw32ce-gcc supports -fno-rtti -fno-exceptions
configure:10086: /home/cygwin/cegcc/bin/arm-mingw32ce-gcc -c -g -O2 -DFT_CONFIG_OPTION_SYSTEM_ZLIB  -fno-rtti -fno-exceptions conftest.c >&5
cc1: warning: command line option '-fno-rtti' is valid for C++/D/ObjC++ but not for C
configure:10090: $? = 0
configure:10103: result: no
configure:10123: checking for /home/cygwin/cegcc/bin/arm-mingw32ce-gcc option to produce PIC
configure:10380: result: -DDLL_EXPORT -DPIC
configure:10392: checking if /home/cygwin/cegcc/bin/arm-mingw32ce-gcc PIC flag -DDLL_EXPORT -DPIC works
configure:10410: /home/cygwin/cegcc/bin/arm-mingw32ce-gcc -c -g -O2 -DFT_CONFIG_OPTION_SYSTEM_ZLIB  -DDLL_EXPORT -DPIC -DPIC conftest.c >&5
configure:10414: $? = 0
configure:10427: result: yes
configure:10451: checking if /home/cygwin/cegcc/bin/arm-mingw32ce-gcc static flag -static works
configure:10479: result: yes
configure:10494: checking if /home/cygwin/cegcc/bin/arm-mingw32ce-gcc supports -c -o file.o
configure:10515: /home/cygwin/cegcc/bin/arm-mingw32ce-gcc -c -g -O2 -DFT_CONFIG_OPTION_SYSTEM_ZLIB  -o out/conftest2.o conftest.c >&5
configure:10519: $? = 0
configure:10541: result: yes
configure:10549: checking if /home/cygwin/cegcc/bin/arm-mingw32ce-gcc supports -c -o file.o
configure:10596: result: yes
configure:10629: checking whether the /home/cygwin/cegcc/bin/arm-mingw32ce-gcc linker (/home/cygwin/cegcc/bin/arm-mingw32ce-ld) supports shared libraries
configure:11695: result: yes
configure:11934: checking dynamic linker characteristics
configure:12617: result: Win32 ld.exe
configure:12719: checking how to hardcode library paths into programs
configure:12744: result: immediate
configure:13585: checking whether stripping libraries is possible
configure:13590: result: yes
configure:13625: checking if libtool supports shared libraries
configure:13627: result: yes
configure:13630: checking whether to build shared libraries
configure:13651: result: no
configure:13654: checking whether to build static libraries
configure:13658: result: yes
configure:13819: creating ./config.status

## ---------------------- ##
## Running config.status. ##
## ---------------------- ##

This file was extended by FreeType config.status 2.3.7, which was
generated by GNU Autoconf 2.62.  Invocation command line was

  CONFIG_FILES    = 
  CONFIG_HEADERS  = 
  CONFIG_LINKS    = 
  CONFIG_COMMANDS = 
  $ ./config.status 

on LAPTOP-QM9QS4IM

config.status:992: creating unix-cc.mk
config.status:992: creating unix-def.mk
config.status:992: creating freetype-config
config.status:992: creating freetype2.pc
config.status:992: creating ftconfig.h
config.status:1226: executing libtool commands

## ---------------- ##
## Cache variables. ##
## ---------------- ##

ac_cv_build=i686-pc-cygwin
ac_cv_c_compiler_gnu=yes
ac_cv_c_const=yes
ac_cv_env_CC_set=set
ac_cv_env_CC_value=/home/cygwin/cegcc/bin/arm-mingw32ce-gcc
ac_cv_env_CFLAGS_set=
ac_cv_env_CFLAGS_value=
ac_cv_env_CPPFLAGS_set=
ac_cv_env_CPPFLAGS_value=
ac_cv_env_CPP_set=
ac_cv_env_CPP_value=
ac_cv_env_LDFLAGS_set=
ac_cv_env_LDFLAGS_value=
ac_cv_env_LIBS_set=
ac_cv_env_LIBS_value=
ac_cv_env_build_alias_set=
ac_cv_env_build_alias_value=
ac_cv_env_host_alias_set=set
ac_cv_env_host_alias_value=arm-mingw32ce
ac_cv_env_target_alias_set=
ac_cv_env_target_alias_value=
ac_cv_exeext=.exe
ac_cv_func_getpagesize=no
ac_cv_func_memcpy=yes
ac_cv_func_memmove=yes
ac_cv_func_mmap_fixed_mapped=no
ac_cv_header_dlfcn_h=no
ac_cv_header_fcntl_h=yes
ac_cv_header_inttypes_h=yes
ac_cv_header_memory_h=yes
ac_cv_header_stdc=yes
ac_cv_header_stdint_h=yes
ac_cv_header_stdlib_h=yes
ac_cv_header_string_h=yes
ac_cv_header_strings_h=yes
ac_cv_header_sys_stat_h=yes
ac_cv_header_sys_types_h=yes
ac_cv_header_unistd_h=yes
ac_cv_header_zlib_h=yes
ac_cv_host=arm-unknown-mingw32ce
ac_cv_lib_z_gzsetparams=yes
ac_cv_objext=o
ac_cv_path_EGREP='/usr/bin/grep -E'
ac_cv_path_FGREP='/usr/bin/grep -F'
ac_cv_path_GREP=/usr/bin/grep
ac_cv_path_SED=/usr/bin/sed
ac_cv_path_install='/usr/bin/install -c'
ac_cv_prog_AR=/home/cygwin/cegcc/bin/arm-mingw32ce-ar
ac_cv_prog_AS=/home/cygwin/cegcc/bin/arm-mingw32ce-as
ac_cv_prog_CC=/home/cygwin/cegcc/bin/arm-mingw32ce-gcc
ac_cv_prog_CC_BUILD=i686-pc-cygwin-gcc
ac_cv_prog_CPP='/home/cygwin/cegcc/bin/arm-mingw32ce-gcc -E'
ac_cv_prog_DLLTOOL=/home/cygwin/cegcc/bin/arm-mingw32ce-dlltool
ac_cv_prog_OBJDUMP=/home/cygwin/cegcc/bin/arm-mingw32ce-objdump
ac_cv_prog_RANLIB=/home/cygwin/cegcc/bin/arm-mingw32ce-ranlib
ac_cv_prog_RMDIR=rmdir
ac_cv_prog_RMF='rm -f'
ac_cv_prog_STRIP=/home/cygwin/cegcc/bin/arm-mingw32ce-strip
ac_cv_prog_cc_c89=
ac_cv_prog_cc_g=yes
ac_cv_sizeof_int=4
ac_cv_sizeof_long=4
ac_cv_target=arm-unknown-mingw32ce
lt_cv_deplibs_check_method='file_magic ^x86 archive import|^x86 DLL'
lt_cv_file_magic_cmd=func_win32_libid
lt_cv_file_magic_test_file=
lt_cv_ld_reload_flag=-r
lt_cv_nm_interface='BSD nm'
lt_cv_objdir=.libs
lt_cv_path_LD=/home/cygwin/cegcc/bin/arm-mingw32ce-ld
lt_cv_path_NM=/home/cygwin/cegcc/bin/arm-mingw32ce-nm
lt_cv_prog_compiler_c_o=yes
lt_cv_prog_compiler_pic_works=yes
lt_cv_prog_compiler_rtti_exceptions=no
lt_cv_prog_compiler_static_works=yes
lt_cv_prog_gnu_ld=yes
lt_cv_sys_global_symbol_pipe='sed -n -e '\''s/^.*[	 ]\([ABCDGIRSTW][ABCDGIRSTW]*\)[	 ][	 ]*\([_A-Za-z][_A-Za-z0-9]*\)$/\1 \2 \2/p'\'''
lt_cv_sys_global_symbol_to_c_name_address='sed -n -e '\''s/^: \([^ ]*\) $/  {\"\1\", (void *) 0},/p'\'' -e '\''s/^[ABCDGIRSTW]* \([^ ]*\) \([^ ]*\)$/  {"\2", (void *) \&\2},/p'\'''
lt_cv_sys_global_symbol_to_c_name_address_lib_prefix='sed -n -e '\''s/^: \([^ ]*\) $/  {\"\1\", (void *) 0},/p'\'' -e '\''s/^[ABCDGIRSTW]* \([^ ]*\) \(lib[^ ]*\)$/  {"\2", (void *) \&\2},/p'\'' -e '\''s/^[ABCDGIRSTW]* \([^ ]*\) \([^ ]*\)$/  {"lib\2", (void *) \&\2},/p'\'''
lt_cv_sys_global_symbol_to_cdecl='sed -n -e '\''s/^T .* \(.*\)$/extern int \1();/p'\'' -e '\''s/^[ABCDGIRSTW]* .* \(.*\)$/extern char \1;/p'\'''
lt_cv_sys_max_cmd_len=8192

## ----------------- ##
## Output variables. ##
## ----------------- ##

AR='/home/cygwin/cegcc/bin/arm-mingw32ce-ar'
AS='/home/cygwin/cegcc/bin/arm-mingw32ce-as'
CC='/home/cygwin/cegcc/bin/arm-mingw32ce-gcc'
CC_BUILD='i686-pc-cygwin-gcc'
CFLAGS='-g -O2 -DFT_CONFIG_OPTION_SYSTEM_ZLIB'
CPP='/home/cygwin/cegcc/bin/arm-mingw32ce-gcc -E'
CPPFLAGS=''
DEFS='-DHAVE_CONFIG_H'
DLLTOOL='/home/cygwin/cegcc/bin/arm-mingw32ce-dlltool'
DSYMUTIL=''
DUMPBIN=''
ECHO_C=''
ECHO_N='-n'
ECHO_T=''
EGREP='/usr/bin/grep -E'
EXEEXT='.exe'
EXEEXT_BUILD=''
FGREP='/usr/bin/grep -F'
FT2_EXTRA_LIBS=''
FTSYS_SRC='$(BASE_DIR)/ftsystem.c'
GREP='/usr/bin/grep'
INSTALL_DATA='${INSTALL} -m 644'
INSTALL_PROGRAM='${INSTALL}'
INSTALL_SCRIPT='${INSTALL}'
LD='/home/cygwin/cegcc/bin/arm-mingw32ce-ld'
LDFLAGS=' -lz'
LIBOBJS=''
LIBS=''
LIBTOOL='$(SHELL) $(top_builddir)/libtool'
LIBZ='-lz'
LIPO=''
LN_S='ln -s'
LTLIBOBJS=''
NM='/home/cygwin/cegcc/bin/arm-mingw32ce-nm'
NMEDIT=''
OBJDUMP='/home/cygwin/cegcc/bin/arm-mingw32ce-objdump'
OBJEXT='o'
OTOOL64=''
OTOOL=''
PACKAGE_BUGREPORT='freetype@nongnu.org'
PACKAGE_NAME='FreeType'
PACKAGE_STRING='FreeType 2.3.7'
PACKAGE_TARNAME='freetype'
PACKAGE_VERSION='2.3.7'
PATH_SEPARATOR=':'
RANLIB='/home/cygwin/cegcc/bin/arm-mingw32ce-ranlib'
RMDIR='rmdir'
RMF='rm -f'
SED='/usr/bin/sed'
SHELL='/bin/sh'
STRIP='/home/cygwin/cegcc/bin/arm-mingw32ce-strip'
SYSTEM_ZLIB='yes'
XX_ANSIFLAGS=''
XX_CFLAGS=''
ac_ct_CC=''
ac_ct_DUMPBIN=''
bindir='${exec_prefix}/bin'
build='i686-pc-cygwin'
build_alias=''
build_cpu='i686'
build_libtool_libs=''
build_os='cygwin'
build_vendor='pc'
datadir='${datarootdir}'
datarootdir='${prefix}/share'
docdir='${datarootdir}/doc/${PACKAGE_TARNAME}'
dvidir='${docdir}'
exec_prefix='${prefix}'
ft_version='9.18.3'
hardcode_libdir_flag_spec='-L$libdir'
host='arm-unknown-mingw32ce'
host_alias='arm-mingw32ce'
host_cpu='arm'
host_os='mingw32ce'
host_vendor='unknown'
htmldir='${docdir}'
includedir='${prefix}/include'
infodir='${datarootdir}/info'
libdir='${exec_prefix}/lib'
libexecdir='${exec_prefix}/libexec'
localedir='${datarootdir}/locale'
localstatedir='${prefix}/var'
lt_ECHO='echo'
mandir='${datarootdir}/man'
oldincludedir='/usr/include'
pdfdir='${docdir}'
prefix='/home/cygwin/cegcc/arm-mingw32ce'
program_transform_name='s,x,x,'
psdir='${docdir}'
sbindir='${exec_prefix}/sbin'
sharedstatedir='${prefix}/com'
sysconfdir='${prefix}/etc'
target='arm-unknown-mingw32ce'
target_alias=''
target_cpu='arm'
target_os='mingw32ce'
target_vendor='unknown'
version_info='9:18:3'
wl='-Wl,'

## ----------- ##
## confdefs.h. ##
## ----------- ##

#define PACKAGE_NAME "FreeType"
#define PACKAGE_TARNAME "freetype"
#define PACKAGE_VERSION "2.3.7"
#define PACKAGE_STRING "FreeType 2.3.7"
#define PACKAGE_BUGREPORT "freetype@nongnu.org"
#define STDC_HEADERS 1
#define HAVE_SYS_TYPES_H 1
#define HAVE_SYS_STAT_H 1
#define HAVE_STDLIB_H 1
#define HAVE_STRING_H 1
#define HAVE_MEMORY_H 1
#define HAVE_STRINGS_H 1
#define HAVE_INTTYPES_H 1
#define HAVE_STDINT_H 1
#define HAVE_UNISTD_H 1
#define HAVE_FCNTL_H 1
#define HAVE_UNISTD_H 1
#define SIZEOF_INT 4
#define SIZEOF_LONG 4
#define HAVE_STDLIB_H 1
#define HAVE_UNISTD_H 1
#define HAVE_MEMCPY 1
#define HAVE_MEMMOVE 1
#define LT_OBJDIR ".libs/"

configure: exit 0
