This file contains any messages produced by compilers while
running configure, to aid debugging if configure makes a mistake.

It was created by expat configure 2.2.9, which was
generated by GNU Autoconf 2.69.  Invocation command line was

  $ ./configure --prefix=/home/cygwin/cegcc/arm-mingw32ce --host=arm-mingw32ce --disable-shared --disable-sdltest

## --------- ##
## Platform. ##
## --------- ##

hostname = NOTEPC
uname -m = i686
uname -r = 3.1.4(0.340/5/3)
uname -s = CYGWIN_NT-10.0-WOW
uname -v = 2020-02-19 08:45

/usr/bin/uname -p = unknown
/bin/uname -X     = unknown

/bin/arch              = i686
/usr/bin/arch -k       = unknown
/usr/convex/getsysinfo = unknown
/usr/bin/hostinfo      = unknown
/bin/machine           = unknown
/usr/bin/oslevel       = unknown
/bin/universe          = unknown

PATH: /usr/local/bin
PATH: /usr/bin
PATH: /usr/bin
PATH: /cygdrive/c/Users/Hirotada/Documents/apps/ConEmu/ConEmu/Scripts
PATH: /cygdrive/c/Users/Hirotada/Documents/apps/ConEmu
PATH: /cygdrive/c/Users/Hirotada/Documents/apps/ConEmu/ConEmu
PATH: /cygdrive/c/Windows/system32
PATH: /cygdrive/c/Windows
PATH: /cygdrive/c/Windows/System32/Wbem
PATH: /cygdrive/c/Windows/System32/WindowsPowerShell/v1.0
PATH: /cygdrive/c/Windows/System32/OpenSSH
PATH: /cygdrive/c/Program Files (x86)/Symantec/VIP Access Client
PATH: /cygdrive/c/Program Files/Intel/WiFi/bin
PATH: /cygdrive/c/Program Files/Common Files/Intel/WirelessCommon
PATH: /cygdrive/c/Program Files/dotnet
PATH: /cygdrive/c/Users/Hirotada/AppData/Local/Microsoft/WindowsApps
PATH: /cygdrive/c/Users/Hirotada/AppData/Local/GitHubDesktop/bin
PATH: /cygdrive/c/Users/Hirotada/AppData/Local/Keybase


## ----------- ##
## Core tests. ##
## ----------- ##

configure:2503: checking build system type
configure:2517: result: i686-pc-cygwin
configure:2537: checking host system type
configure:2550: result: arm-unknown-mingw32ce
configure:2586: checking for a BSD-compatible install
configure:2654: result: /usr/bin/install -c
configure:2665: checking whether build environment is sane
configure:2720: result: yes
configure:2779: checking for arm-mingw32ce-strip
configure:2806: result: /home/cygwin/cegcc/bin/arm-mingw32ce-strip
configure:2871: checking for a thread-safe mkdir -p
configure:2910: result: /usr/bin/mkdir -p
configure:2917: checking for gawk
configure:2933: found /usr/bin/gawk
configure:2944: result: gawk
configure:2955: checking whether make sets $(MAKE)
configure:2977: result: yes
configure:3006: checking whether make supports nested variables
configure:3023: result: yes
configure:3180: : CPPFLAGS="$CPPFLAGS"
configure:3183: $? = 0
configure:3195: checking whether make supports the include directive
configure:3210: make -f confmf.GNU && cat confinc.out
this is the am__doit target
configure:3213: $? = 0
configure:3232: result: yes (GNU style)
configure:3262: checking for arm-mingw32ce-gcc
configure:3289: result: /home/cygwin/cegcc/bin/arm-mingw32ce-gcc
configure:3558: checking for C compiler version
configure:3567: /home/cygwin/cegcc/bin/arm-mingw32ce-gcc --version >&5
arm-mingw32ce-gcc (GCC) 9.3.0
Copyright (C) 2019 Free Software Foundation, Inc.
This is free software; see the source for copying conditions.  There is NO
warranty; not even for MERCHANTABILITY or FITNESS FOR A PARTICULAR PURPOSE.

configure:3578: $? = 0
configure:3567: /home/cygwin/cegcc/bin/arm-mingw32ce-gcc -v >&5
Using built-in specs.
COLLECT_GCC=/home/cygwin/cegcc/bin/arm-mingw32ce-gcc
COLLECT_LTO_WRAPPER=/home/cygwin/cegcc/bin/../libexec/gcc/arm-mingw32ce/9.3.0/lto-wrapper.exe
Target: arm-mingw32ce
Configured with: /home/cygwin/cegcc-build/gcc/configure --prefix=/opt/cegcc --build=i686-pc-cygwin --with-gcc --with-gnu-ld --with-gnu-as --enable-threads=win32 --disable-nls --enable-languages=c,c++ --disable-win32-registry --disable-multilib --disable-interwork --without-newlib --enable-checking --with-headers --disable-__cxa_atexit --with-libiconv-prefix=/usr/local --host=i686-pc-cygwin --target=arm-mingw32ce
Thread model: win32
gcc version 9.3.0 (GCC) 
configure:3578: $? = 0
configure:3567: /home/cygwin/cegcc/bin/arm-mingw32ce-gcc -V >&5
arm-mingw32ce-gcc: error: unrecognized command line option '-V'
arm-mingw32ce-gcc: fatal error: no input files
compilation terminated.
configure:3578: $? = 1
configure:3567: /home/cygwin/cegcc/bin/arm-mingw32ce-gcc -qversion >&5
arm-mingw32ce-gcc: error: unrecognized command line option '-qversion'; did you mean '--version'?
arm-mingw32ce-gcc: fatal error: no input files
compilation terminated.
configure:3578: $? = 1
configure:3598: checking whether the C compiler works
configure:3620: /home/cygwin/cegcc/bin/arm-mingw32ce-gcc  -DHAVE_EXPAT_CONFIG_H  conftest.c  >&5
configure:3624: $? = 0
configure:3672: result: yes
configure:3675: checking for C compiler default output file name
configure:3677: result: a.exe
configure:3683: checking for suffix of executables
configure:3690: /home/cygwin/cegcc/bin/arm-mingw32ce-gcc -o conftest.exe  -DHAVE_EXPAT_CONFIG_H  conftest.c  >&5
configure:3694: $? = 0
configure:3716: result: .exe
configure:3738: checking whether we are cross compiling
configure:3746: /home/cygwin/cegcc/bin/arm-mingw32ce-gcc -o conftest.exe  -DHAVE_EXPAT_CONFIG_H  conftest.c  >&5
configure:3750: $? = 0
configure:3757: ./conftest.exe
./configure: line 3759: ./conftest.exe: cannot execute binary file: Exec format error
configure:3761: $? = 126
configure:3776: result: yes
configure:3781: checking for suffix of object files
configure:3803: /home/cygwin/cegcc/bin/arm-mingw32ce-gcc -c  -DHAVE_EXPAT_CONFIG_H conftest.c >&5
configure:3807: $? = 0
configure:3828: result: o
configure:3832: checking whether we are using the GNU C compiler
configure:3851: /home/cygwin/cegcc/bin/arm-mingw32ce-gcc -c  -DHAVE_EXPAT_CONFIG_H conftest.c >&5
configure:3851: $? = 0
configure:3860: result: yes
configure:3869: checking whether /home/cygwin/cegcc/bin/arm-mingw32ce-gcc accepts -g
configure:3889: /home/cygwin/cegcc/bin/arm-mingw32ce-gcc -c -g -DHAVE_EXPAT_CONFIG_H conftest.c >&5
configure:3889: $? = 0
configure:3930: result: yes
configure:3947: checking for /home/cygwin/cegcc/bin/arm-mingw32ce-gcc option to accept ISO C89
configure:4010: /home/cygwin/cegcc/bin/arm-mingw32ce-gcc  -c -g -O2 -DHAVE_EXPAT_CONFIG_H conftest.c >&5
configure:4010: $? = 0
configure:4023: result: none needed
configure:4048: checking whether /home/cygwin/cegcc/bin/arm-mingw32ce-gcc understands -c and -o together
configure:4070: /home/cygwin/cegcc/bin/arm-mingw32ce-gcc -c conftest.c -o conftest2.o
configure:4073: $? = 0
configure:4070: /home/cygwin/cegcc/bin/arm-mingw32ce-gcc -c conftest.c -o conftest2.o
configure:4073: $? = 0
configure:4085: result: yes
configure:4104: checking dependency style of /home/cygwin/cegcc/bin/arm-mingw32ce-gcc
configure:4215: result: gcc3
configure:4236: checking for arm-mingw32ce-ar
configure:4263: result: /home/cygwin/cegcc/bin/arm-mingw32ce-ar
configure:4333: checking the archiver (/home/cygwin/cegcc/bin/arm-mingw32ce-ar) interface
configure:4349: /home/cygwin/cegcc/bin/arm-mingw32ce-gcc -c -g -O2 -DHAVE_EXPAT_CONFIG_H conftest.c >&5
configure:4349: $? = 0
configure:4351: /home/cygwin/cegcc/bin/arm-mingw32ce-ar cru libconftest.a conftest.o >&5
configure:4354: $? = 0
configure:4382: result: ar
configure:4403: checking whether ln -s works
configure:4407: result: yes
configure:4414: checking whether make sets $(MAKE)
configure:4436: result: yes
configure:4493: checking how to print strings
configure:4520: result: printf
configure:4541: checking for a sed that does not truncate output
configure:4605: result: /usr/bin/sed
configure:4623: checking for grep that handles long lines and -e
configure:4681: result: /usr/bin/grep
configure:4686: checking for egrep
configure:4748: result: /usr/bin/grep -E
configure:4753: checking for fgrep
configure:4815: result: /usr/bin/grep -F
configure:4850: checking for ld used by /home/cygwin/cegcc/bin/arm-mingw32ce-gcc
configure:4917: result: /home/cygwin/cegcc/bin/arm-mingw32ce-ld
configure:4924: checking if the linker (/home/cygwin/cegcc/bin/arm-mingw32ce-ld) is GNU ld
configure:4939: result: yes
configure:4951: checking for BSD- or MS-compatible name lister (nm)
configure:5005: result: /home/cygwin/cegcc/bin/arm-mingw32ce-nm
configure:5135: checking the name lister (/home/cygwin/cegcc/bin/arm-mingw32ce-nm) interface
configure:5142: /home/cygwin/cegcc/bin/arm-mingw32ce-gcc -c -g -O2 -DHAVE_EXPAT_CONFIG_H conftest.c >&5
configure:5145: /home/cygwin/cegcc/bin/arm-mingw32ce-nm "conftest.o"
configure:5148: output
00000000 b .bss
00000000 d .data
00000000 N .debug_abbrev
00000000 N .debug_aranges
00000000 N .debug_info
00000000 N .debug_line
00000000 t .text
00000000 B some_variable
configure:5155: result: BSD nm
configure:5159: checking the maximum length of command line arguments
configure:5295: result: 8192
configure:5343: checking how to convert i686-pc-cygwin file names to arm-unknown-mingw32ce format
configure:5383: result: func_convert_file_cygwin_to_w32
configure:5390: checking how to convert i686-pc-cygwin file names to toolchain format
configure:5410: result: func_convert_file_noop
configure:5417: checking for /home/cygwin/cegcc/bin/arm-mingw32ce-ld option to reload object files
configure:5424: result: -r
configure:5458: checking for arm-mingw32ce-objdump
configure:5485: result: /home/cygwin/cegcc/bin/arm-mingw32ce-objdump
configure:5554: checking how to recognize dependent libraries
configure:5754: result: file_magic ^x86 archive import|^x86 DLL
configure:5799: checking for arm-mingw32ce-dlltool
configure:5826: result: /home/cygwin/cegcc/bin/arm-mingw32ce-dlltool
configure:5896: checking how to associate runtime and link libraries
configure:5923: result: func_cygming_dll_for_implib
configure:5939: checking for arm-mingw32ce-ar
configure:5966: result: /home/cygwin/cegcc/bin/arm-mingw32ce-ar
configure:6047: checking for archiver @FILE support
configure:6064: /home/cygwin/cegcc/bin/arm-mingw32ce-gcc -c -g -O2 -DHAVE_EXPAT_CONFIG_H conftest.c >&5
configure:6064: $? = 0
configure:6067: /home/cygwin/cegcc/bin/arm-mingw32ce-ar cru libconftest.a @conftest.lst >&5
configure:6070: $? = 0
configure:6075: /home/cygwin/cegcc/bin/arm-mingw32ce-ar cru libconftest.a @conftest.lst >&5
/home/cygwin/cegcc/bin/arm-mingw32ce-ar: conftest.o: No such file or directory
configure:6078: $? = 1
configure:6090: result: @
configure:6108: checking for arm-mingw32ce-strip
configure:6135: result: /home/cygwin/cegcc/bin/arm-mingw32ce-strip
configure:6207: checking for arm-mingw32ce-ranlib
configure:6234: result: /home/cygwin/cegcc/bin/arm-mingw32ce-ranlib
configure:6376: checking command to parse /home/cygwin/cegcc/bin/arm-mingw32ce-nm output from /home/cygwin/cegcc/bin/arm-mingw32ce-gcc object
configure:6529: /home/cygwin/cegcc/bin/arm-mingw32ce-gcc -c -g -O2 -DHAVE_EXPAT_CONFIG_H conftest.c >&5
configure:6532: $? = 0
configure:6536: /home/cygwin/cegcc/bin/arm-mingw32ce-nm conftest.o \| sed -n -e 's/^.*[ ]\([ABCDGIRSTW][ABCDGIRSTW]*\)[ ][ ]*\([_A-Za-z][_A-Za-z0-9]*\)$/\1 \2 \2/p' | sed '/ __gnu_lto/d' \> conftest.nm
configure:6539: $? = 0
configure:6605: /home/cygwin/cegcc/bin/arm-mingw32ce-gcc -o conftest.exe -g -O2 -DHAVE_EXPAT_CONFIG_H  conftest.c conftstm.o >&5
configure:6608: $? = 0
configure:6646: result: ok
configure:6693: checking for sysroot
configure:6723: result: no
configure:6730: checking for a working dd
configure:6768: result: /usr/bin/dd
configure:6772: checking how to truncate binary pipes
configure:6787: result: /usr/bin/dd bs=4096 count=1
configure:7076: checking for arm-mingw32ce-mt
configure:7106: result: no
configure:7116: checking for mt
configure:7146: result: no
configure:7166: checking if : is a manifest tool
configure:7172: : '-?'
configure:7180: result: no
configure:7857: checking how to run the C preprocessor
configure:7888: /home/cygwin/cegcc/bin/arm-mingw32ce-gcc -E -DHAVE_EXPAT_CONFIG_H conftest.c
configure:7888: $? = 0
configure:7902: /home/cygwin/cegcc/bin/arm-mingw32ce-gcc -E -DHAVE_EXPAT_CONFIG_H conftest.c
conftest.c:11:10: fatal error: ac_nonexistent.h: No such file or directory
   11 | #include <ac_nonexistent.h>
      |          ^~~~~~~~~~~~~~~~~~
compilation terminated.
configure:7902: $? = 1
configure: failed program was:
| /* confdefs.h */
| #define PACKAGE_NAME "expat"
| #define PACKAGE_TARNAME "expat"
| #define PACKAGE_VERSION "2.2.9"
| #define PACKAGE_STRING "expat 2.2.9"
| #define PACKAGE_BUGREPORT "expat-bugs@libexpat.org"
| #define PACKAGE_URL ""
| #define PACKAGE "expat"
| #define VERSION "2.2.9"
| /* end confdefs.h.  */
| #include <ac_nonexistent.h>
configure:7927: result: /home/cygwin/cegcc/bin/arm-mingw32ce-gcc -E
configure:7947: /home/cygwin/cegcc/bin/arm-mingw32ce-gcc -E -DHAVE_EXPAT_CONFIG_H conftest.c
configure:7947: $? = 0
configure:7961: /home/cygwin/cegcc/bin/arm-mingw32ce-gcc -E -DHAVE_EXPAT_CONFIG_H conftest.c
conftest.c:11:10: fatal error: ac_nonexistent.h: No such file or directory
   11 | #include <ac_nonexistent.h>
      |          ^~~~~~~~~~~~~~~~~~
compilation terminated.
configure:7961: $? = 1
configure: failed program was:
| /* confdefs.h */
| #define PACKAGE_NAME "expat"
| #define PACKAGE_TARNAME "expat"
| #define PACKAGE_VERSION "2.2.9"
| #define PACKAGE_STRING "expat 2.2.9"
| #define PACKAGE_BUGREPORT "expat-bugs@libexpat.org"
| #define PACKAGE_URL ""
| #define PACKAGE "expat"
| #define VERSION "2.2.9"
| /* end confdefs.h.  */
| #include <ac_nonexistent.h>
configure:7990: checking for ANSI C header files
configure:8010: /home/cygwin/cegcc/bin/arm-mingw32ce-gcc -c -g -O2 -DHAVE_EXPAT_CONFIG_H conftest.c >&5
configure:8010: $? = 0
configure:8094: result: yes
configure:8107: checking for sys/types.h
configure:8107: /home/cygwin/cegcc/bin/arm-mingw32ce-gcc -c -g -O2 -DHAVE_EXPAT_CONFIG_H conftest.c >&5
configure:8107: $? = 0
configure:8107: result: yes
configure:8107: checking for sys/stat.h
configure:8107: /home/cygwin/cegcc/bin/arm-mingw32ce-gcc -c -g -O2 -DHAVE_EXPAT_CONFIG_H conftest.c >&5
configure:8107: $? = 0
configure:8107: result: yes
configure:8107: checking for stdlib.h
configure:8107: /home/cygwin/cegcc/bin/arm-mingw32ce-gcc -c -g -O2 -DHAVE_EXPAT_CONFIG_H conftest.c >&5
configure:8107: $? = 0
configure:8107: result: yes
configure:8107: checking for string.h
configure:8107: /home/cygwin/cegcc/bin/arm-mingw32ce-gcc -c -g -O2 -DHAVE_EXPAT_CONFIG_H conftest.c >&5
configure:8107: $? = 0
configure:8107: result: yes
configure:8107: checking for memory.h
configure:8107: /home/cygwin/cegcc/bin/arm-mingw32ce-gcc -c -g -O2 -DHAVE_EXPAT_CONFIG_H conftest.c >&5
configure:8107: $? = 0
configure:8107: result: yes
configure:8107: checking for strings.h
configure:8107: /home/cygwin/cegcc/bin/arm-mingw32ce-gcc -c -g -O2 -DHAVE_EXPAT_CONFIG_H conftest.c >&5
configure:8107: $? = 0
configure:8107: result: yes
configure:8107: checking for inttypes.h
configure:8107: /home/cygwin/cegcc/bin/arm-mingw32ce-gcc -c -g -O2 -DHAVE_EXPAT_CONFIG_H conftest.c >&5
configure:8107: $? = 0
configure:8107: result: yes
configure:8107: checking for stdint.h
configure:8107: /home/cygwin/cegcc/bin/arm-mingw32ce-gcc -c -g -O2 -DHAVE_EXPAT_CONFIG_H conftest.c >&5
configure:8107: $? = 0
configure:8107: result: yes
configure:8107: checking for unistd.h
configure:8107: /home/cygwin/cegcc/bin/arm-mingw32ce-gcc -c -g -O2 -DHAVE_EXPAT_CONFIG_H conftest.c >&5
configure:8107: $? = 0
configure:8107: result: yes
configure:8121: checking for dlfcn.h
configure:8121: /home/cygwin/cegcc/bin/arm-mingw32ce-gcc -c -g -O2 -DHAVE_EXPAT_CONFIG_H conftest.c >&5
conftest.c:55:10: fatal error: dlfcn.h: No such file or directory
   55 | #include <dlfcn.h>
      |          ^~~~~~~~~
compilation terminated.
configure:8121: $? = 1
configure: failed program was:
| /* confdefs.h */
| #define PACKAGE_NAME "expat"
| #define PACKAGE_TARNAME "expat"
| #define PACKAGE_VERSION "2.2.9"
| #define PACKAGE_STRING "expat 2.2.9"
| #define PACKAGE_BUGREPORT "expat-bugs@libexpat.org"
| #define PACKAGE_URL ""
| #define PACKAGE "expat"
| #define VERSION "2.2.9"
| #define STDC_HEADERS 1
| #define HAVE_SYS_TYPES_H 1
| #define HAVE_SYS_STAT_H 1
| #define HAVE_STDLIB_H 1
| #define HAVE_STRING_H 1
| #define HAVE_MEMORY_H 1
| #define HAVE_STRINGS_H 1
| #define HAVE_INTTYPES_H 1
| #define HAVE_STDINT_H 1
| #define HAVE_UNISTD_H 1
| /* end confdefs.h.  */
| #include <stdio.h>
| #ifdef HAVE_SYS_TYPES_H
| # include <sys/types.h>
| #endif
| #ifdef HAVE_SYS_STAT_H
| # include <sys/stat.h>
| #endif
| #ifdef STDC_HEADERS
| # include <stdlib.h>
| # include <stddef.h>
| #else
| # ifdef HAVE_STDLIB_H
| #  include <stdlib.h>
| # endif
| #endif
| #ifdef HAVE_STRING_H
| # if !defined STDC_HEADERS && defined HAVE_MEMORY_H
| #  include <memory.h>
| # endif
| # include <string.h>
| #endif
| #ifdef HAVE_STRINGS_H
| # include <strings.h>
| #endif
| #ifdef HAVE_INTTYPES_H
| # include <inttypes.h>
| #endif
| #ifdef HAVE_STDINT_H
| # include <stdint.h>
| #endif
| #ifdef HAVE_UNISTD_H
| # include <unistd.h>
| #endif
| 
| #include <dlfcn.h>
configure:8121: result: no
configure:8144: checking for arm-mingw32ce-as
configure:8171: result: /home/cygwin/cegcc/bin/arm-mingw32ce-as
configure:8236: checking for arm-mingw32ce-dlltool
configure:8263: result: /home/cygwin/cegcc/bin/arm-mingw32ce-dlltool
configure:8328: checking for arm-mingw32ce-objdump
configure:8355: result: /home/cygwin/cegcc/bin/arm-mingw32ce-objdump
configure:8675: checking for objdir
configure:8690: result: .libs
configure:8954: checking if /home/cygwin/cegcc/bin/arm-mingw32ce-gcc supports -fno-rtti -fno-exceptions
configure:8972: /home/cygwin/cegcc/bin/arm-mingw32ce-gcc -c -g -O2 -DHAVE_EXPAT_CONFIG_H -fno-rtti -fno-exceptions conftest.c >&5
cc1: warning: command line option '-fno-rtti' is valid for C++/D/ObjC++ but not for C
configure:8976: $? = 0
configure:8989: result: no
configure:9347: checking for /home/cygwin/cegcc/bin/arm-mingw32ce-gcc option to produce PIC
configure:9354: result: -DDLL_EXPORT -DPIC
configure:9362: checking if /home/cygwin/cegcc/bin/arm-mingw32ce-gcc PIC flag -DDLL_EXPORT -DPIC works
configure:9380: /home/cygwin/cegcc/bin/arm-mingw32ce-gcc -c -g -O2 -DHAVE_EXPAT_CONFIG_H -DDLL_EXPORT -DPIC -DPIC conftest.c >&5
configure:9384: $? = 0
configure:9397: result: yes
configure:9426: checking if /home/cygwin/cegcc/bin/arm-mingw32ce-gcc static flag -static works
configure:9454: result: yes
configure:9469: checking if /home/cygwin/cegcc/bin/arm-mingw32ce-gcc supports -c -o file.o
configure:9490: /home/cygwin/cegcc/bin/arm-mingw32ce-gcc -c -g -O2 -DHAVE_EXPAT_CONFIG_H -o out/conftest2.o conftest.c >&5
configure:9494: $? = 0
configure:9516: result: yes
configure:9524: checking if /home/cygwin/cegcc/bin/arm-mingw32ce-gcc supports -c -o file.o
configure:9571: result: yes
configure:9604: checking whether the /home/cygwin/cegcc/bin/arm-mingw32ce-gcc linker (/home/cygwin/cegcc/bin/arm-mingw32ce-ld) supports shared libraries
configure:10863: result: yes
configure:11103: checking dynamic linker characteristics
configure:11934: result: Win32 ld.exe
configure:12056: checking how to hardcode library paths into programs
configure:12081: result: immediate
configure:12629: checking whether stripping libraries is possible
configure:12634: result: yes
configure:12669: checking if libtool supports shared libraries
configure:12671: result: yes
configure:12674: checking whether to build shared libraries
configure:12699: result: no
configure:12702: checking whether to build static libraries
configure:12706: result: yes
configure:12754: checking for /home/cygwin/cegcc/bin/arm-mingw32ce-gcc option to accept ISO C99
configure:12903: /home/cygwin/cegcc/bin/arm-mingw32ce-gcc  -c -g -O2 -DHAVE_EXPAT_CONFIG_H conftest.c >&5
configure:12903: $? = 0
configure:12916: result: none needed
configure:12938: checking whether C compiler accepts -Wall
configure:12957: /home/cygwin/cegcc/bin/arm-mingw32ce-gcc -c -g -O2  -Wall -DHAVE_EXPAT_CONFIG_H conftest.c >&5
configure:12957: $? = 0
configure:12966: result: yes
configure:12982: : CFLAGS="$CFLAGS"
configure:12985: $? = 0
configure:12938: checking whether C compiler accepts -Wextra
configure:12957: /home/cygwin/cegcc/bin/arm-mingw32ce-gcc -c -g -O2 -Wall  -Wextra -DHAVE_EXPAT_CONFIG_H conftest.c >&5
configure:12957: $? = 0
configure:12966: result: yes
configure:12982: : CFLAGS="$CFLAGS"
configure:12985: $? = 0
configure:13013: checking whether C compiler accepts -fexceptions
configure:13032: /home/cygwin/cegcc/bin/arm-mingw32ce-gcc -c -g -O2 -Wall -Wextra  -fexceptions -DHAVE_EXPAT_CONFIG_H conftest.c >&5
configure:13032: $? = 0
configure:13041: result: yes
configure:13057: : CFLAGS="$CFLAGS"
configure:13060: $? = 0
configure:13088: checking whether C compiler accepts -fno-strict-aliasing
configure:13107: /home/cygwin/cegcc/bin/arm-mingw32ce-gcc -c -g -O2 -Wall -Wextra -fexceptions  -fno-strict-aliasing -DHAVE_EXPAT_CONFIG_H conftest.c >&5
configure:13107: $? = 0
configure:13116: result: yes
configure:13132: : CFLAGS="$CFLAGS"
configure:13135: $? = 0
configure:13088: checking whether C compiler accepts -Wmissing-prototypes
configure:13107: /home/cygwin/cegcc/bin/arm-mingw32ce-gcc -c -g -O2 -Wall -Wextra -fexceptions -fno-strict-aliasing  -Wmissing-prototypes -DHAVE_EXPAT_CONFIG_H conftest.c >&5
configure:13107: $? = 0
configure:13116: result: yes
configure:13132: : CFLAGS="$CFLAGS"
configure:13135: $? = 0
configure:13088: checking whether C compiler accepts -Wstrict-prototypes
configure:13107: /home/cygwin/cegcc/bin/arm-mingw32ce-gcc -c -g -O2 -Wall -Wextra -fexceptions -fno-strict-aliasing -Wmissing-prototypes  -Wstrict-prototypes -DHAVE_EXPAT_CONFIG_H conftest.c >&5
conftest.c:24:1: warning: function declaration isn't a prototype [-Wstrict-prototypes]
   24 | main ()
      | ^~~~
configure:13107: $? = 0
configure:13116: result: yes
configure:13132: : CFLAGS="$CFLAGS"
configure:13135: $? = 0
configure:13163: checking whether C compiler accepts -pedantic
configure:13182: /home/cygwin/cegcc/bin/arm-mingw32ce-gcc -c -g -O2 -Wall -Wextra -fexceptions -fno-strict-aliasing -Wmissing-prototypes -Wstrict-prototypes  -pedantic -DHAVE_EXPAT_CONFIG_H conftest.c >&5
conftest.c:24:1: warning: function declaration isn't a prototype [-Wstrict-prototypes]
   24 | main ()
      | ^~~~
configure:13182: $? = 0
configure:13191: result: yes
configure:13207: : CFLAGS="$CFLAGS"
configure:13210: $? = 0
configure:13163: checking whether C compiler accepts -Wduplicated-cond
configure:13182: /home/cygwin/cegcc/bin/arm-mingw32ce-gcc -c -g -O2 -Wall -Wextra -fexceptions -fno-strict-aliasing -Wmissing-prototypes -Wstrict-prototypes -pedantic  -Wduplicated-cond -DHAVE_EXPAT_CONFIG_H conftest.c >&5
conftest.c:24:1: warning: function declaration isn't a prototype [-Wstrict-prototypes]
   24 | main ()
      | ^~~~
configure:13182: $? = 0
configure:13191: result: yes
configure:13207: : CFLAGS="$CFLAGS"
configure:13210: $? = 0
configure:13163: checking whether C compiler accepts -Wduplicated-branches
configure:13182: /home/cygwin/cegcc/bin/arm-mingw32ce-gcc -c -g -O2 -Wall -Wextra -fexceptions -fno-strict-aliasing -Wmissing-prototypes -Wstrict-prototypes -pedantic -Wduplicated-cond  -Wduplicated-branches -DHAVE_EXPAT_CONFIG_H conftest.c >&5
conftest.c:24:1: warning: function declaration isn't a prototype [-Wstrict-prototypes]
   24 | main ()
      | ^~~~
configure:13182: $? = 0
configure:13191: result: yes
configure:13207: : CFLAGS="$CFLAGS"
configure:13210: $? = 0
configure:13163: checking whether C compiler accepts -Wlogical-op
configure:13182: /home/cygwin/cegcc/bin/arm-mingw32ce-gcc -c -g -O2 -Wall -Wextra -fexceptions -fno-strict-aliasing -Wmissing-prototypes -Wstrict-prototypes -pedantic -Wduplicated-cond -Wduplicated-branches  -Wlogical-op -DHAVE_EXPAT_CONFIG_H conftest.c >&5
conftest.c:24:1: warning: function declaration isn't a prototype [-Wstrict-prototypes]
   24 | main ()
      | ^~~~
configure:13182: $? = 0
configure:13191: result: yes
configure:13207: : CFLAGS="$CFLAGS"
configure:13210: $? = 0
configure:13238: checking whether C compiler accepts -Wrestrict
configure:13257: /home/cygwin/cegcc/bin/arm-mingw32ce-gcc -c -g -O2 -Wall -Wextra -fexceptions -fno-strict-aliasing -Wmissing-prototypes -Wstrict-prototypes -pedantic -Wduplicated-cond -Wduplicated-branches -Wlogical-op  -Wrestrict -DHAVE_EXPAT_CONFIG_H conftest.c >&5
conftest.c:24:1: warning: function declaration isn't a prototype [-Wstrict-prototypes]
   24 | main ()
      | ^~~~
configure:13257: $? = 0
configure:13266: result: yes
configure:13282: : CFLAGS="$CFLAGS"
configure:13285: $? = 0
configure:13238: checking whether C compiler accepts -Wnull-dereference
configure:13257: /home/cygwin/cegcc/bin/arm-mingw32ce-gcc -c -g -O2 -Wall -Wextra -fexceptions -fno-strict-aliasing -Wmissing-prototypes -Wstrict-prototypes -pedantic -Wduplicated-cond -Wduplicated-branches -Wlogical-op -Wrestrict  -Wnull-dereference -DHAVE_EXPAT_CONFIG_H conftest.c >&5
conftest.c:24:1: warning: function declaration isn't a prototype [-Wstrict-prototypes]
   24 | main ()
      | ^~~~
configure:13257: $? = 0
configure:13266: result: yes
configure:13282: : CFLAGS="$CFLAGS"
configure:13285: $? = 0
configure:13238: checking whether C compiler accepts -Wjump-misses-init
configure:13257: /home/cygwin/cegcc/bin/arm-mingw32ce-gcc -c -g -O2 -Wall -Wextra -fexceptions -fno-strict-aliasing -Wmissing-prototypes -Wstrict-prototypes -pedantic -Wduplicated-cond -Wduplicated-branches -Wlogical-op -Wrestrict -Wnull-dereference  -Wjump-misses-init -DHAVE_EXPAT_CONFIG_H conftest.c >&5
conftest.c:24:1: warning: function declaration isn't a prototype [-Wstrict-prototypes]
   24 | main ()
      | ^~~~
configure:13257: $? = 0
configure:13266: result: yes
configure:13282: : CFLAGS="$CFLAGS"
configure:13285: $? = 0
configure:13238: checking whether C compiler accepts -Wdouble-promotion
configure:13257: /home/cygwin/cegcc/bin/arm-mingw32ce-gcc -c -g -O2 -Wall -Wextra -fexceptions -fno-strict-aliasing -Wmissing-prototypes -Wstrict-prototypes -pedantic -Wduplicated-cond -Wduplicated-branches -Wlogical-op -Wrestrict -Wnull-dereference -Wjump-misses-init  -Wdouble-promotion -DHAVE_EXPAT_CONFIG_H conftest.c >&5
conftest.c:24:1: warning: function declaration isn't a prototype [-Wstrict-prototypes]
   24 | main ()
      | ^~~~
configure:13257: $? = 0
configure:13266: result: yes
configure:13282: : CFLAGS="$CFLAGS"
configure:13285: $? = 0
configure:13313: checking whether C compiler accepts -Wshadow
configure:13332: /home/cygwin/cegcc/bin/arm-mingw32ce-gcc -c -g -O2 -Wall -Wextra -fexceptions -fno-strict-aliasing -Wmissing-prototypes -Wstrict-prototypes -pedantic -Wduplicated-cond -Wduplicated-branches -Wlogical-op -Wrestrict -Wnull-dereference -Wjump-misses-init -Wdouble-promotion  -Wshadow -DHAVE_EXPAT_CONFIG_H conftest.c >&5
conftest.c:24:1: warning: function declaration isn't a prototype [-Wstrict-prototypes]
   24 | main ()
      | ^~~~
configure:13332: $? = 0
configure:13341: result: yes
configure:13357: : CFLAGS="$CFLAGS"
configure:13360: $? = 0
configure:13313: checking whether C compiler accepts -Wformat=2
configure:13332: /home/cygwin/cegcc/bin/arm-mingw32ce-gcc -c -g -O2 -Wall -Wextra -fexceptions -fno-strict-aliasing -Wmissing-prototypes -Wstrict-prototypes -pedantic -Wduplicated-cond -Wduplicated-branches -Wlogical-op -Wrestrict -Wnull-dereference -Wjump-misses-init -Wdouble-promotion -Wshadow  -Wformat=2 -DHAVE_EXPAT_CONFIG_H conftest.c >&5
conftest.c:24:1: warning: function declaration isn't a prototype [-Wstrict-prototypes]
   24 | main ()
      | ^~~~
configure:13332: $? = 0
configure:13341: result: yes
configure:13357: : CFLAGS="$CFLAGS"
configure:13360: $? = 0
configure:13313: checking whether C compiler accepts -Wmisleading-indentation
configure:13332: /home/cygwin/cegcc/bin/arm-mingw32ce-gcc -c -g -O2 -Wall -Wextra -fexceptions -fno-strict-aliasing -Wmissing-prototypes -Wstrict-prototypes -pedantic -Wduplicated-cond -Wduplicated-branches -Wlogical-op -Wrestrict -Wnull-dereference -Wjump-misses-init -Wdouble-promotion -Wshadow -Wformat=2  -Wmisleading-indentation -DHAVE_EXPAT_CONFIG_H conftest.c >&5
conftest.c:24:1: warning: function declaration isn't a prototype [-Wstrict-prototypes]
   24 | main ()
      | ^~~~
configure:13332: $? = 0
configure:13341: result: yes
configure:13357: : CFLAGS="$CFLAGS"
configure:13360: $? = 0
configure:13502: checking for C++ compiler version
configure:13511: /home/cygwin/cegcc/bin/arm-mingw32ce-g++ --version >&5
arm-mingw32ce-g++ (GCC) 9.3.0
Copyright (C) 2019 Free Software Foundation, Inc.
This is free software; see the source for copying conditions.  There is NO
warranty; not even for MERCHANTABILITY or FITNESS FOR A PARTICULAR PURPOSE.

configure:13522: $? = 0
configure:13511: /home/cygwin/cegcc/bin/arm-mingw32ce-g++ -v >&5
Using built-in specs.
COLLECT_GCC=/home/cygwin/cegcc/bin/arm-mingw32ce-g++
COLLECT_LTO_WRAPPER=/home/cygwin/cegcc/bin/../libexec/gcc/arm-mingw32ce/9.3.0/lto-wrapper.exe
Target: arm-mingw32ce
Configured with: /home/cygwin/cegcc-build/gcc/configure --prefix=/opt/cegcc --build=i686-pc-cygwin --with-gcc --with-gnu-ld --with-gnu-as --enable-threads=win32 --disable-nls --enable-languages=c,c++ --disable-win32-registry --disable-multilib --disable-interwork --without-newlib --enable-checking --with-headers --disable-__cxa_atexit --with-libiconv-prefix=/usr/local --host=i686-pc-cygwin --target=arm-mingw32ce
Thread model: win32
gcc version 9.3.0 (GCC) 
configure:13522: $? = 0
configure:13511: /home/cygwin/cegcc/bin/arm-mingw32ce-g++ -V >&5
arm-mingw32ce-g++: error: unrecognized command line option '-V'
arm-mingw32ce-g++: fatal error: no input files
compilation terminated.
configure:13522: $? = 1
configure:13511: /home/cygwin/cegcc/bin/arm-mingw32ce-g++ -qversion >&5
arm-mingw32ce-g++: error: unrecognized command line option '-qversion'; did you mean '--version'?
arm-mingw32ce-g++: fatal error: no input files
compilation terminated.
configure:13522: $? = 1
configure:13526: checking whether we are using the GNU C++ compiler
configure:13545: /home/cygwin/cegcc/bin/arm-mingw32ce-g++ -c  -DHAVE_EXPAT_CONFIG_H conftest.cpp >&5
configure:13545: $? = 0
configure:13554: result: yes
configure:13563: checking whether /home/cygwin/cegcc/bin/arm-mingw32ce-g++ accepts -g
configure:13583: /home/cygwin/cegcc/bin/arm-mingw32ce-g++ -c -g -DHAVE_EXPAT_CONFIG_H conftest.cpp >&5
configure:13583: $? = 0
configure:13624: result: yes
configure:13649: checking dependency style of /home/cygwin/cegcc/bin/arm-mingw32ce-g++
configure:13760: result: gcc3
configure:13793: checking how to run the C++ preprocessor
configure:13820: /home/cygwin/cegcc/bin/arm-mingw32ce-g++ -E -DHAVE_EXPAT_CONFIG_H conftest.cpp
configure:13820: $? = 0
configure:13834: /home/cygwin/cegcc/bin/arm-mingw32ce-g++ -E -DHAVE_EXPAT_CONFIG_H conftest.cpp
conftest.cpp:22:10: fatal error: ac_nonexistent.h: No such file or directory
   22 | #include <ac_nonexistent.h>
      |          ^~~~~~~~~~~~~~~~~~
compilation terminated.
configure:13834: $? = 1
configure: failed program was:
| /* confdefs.h */
| #define PACKAGE_NAME "expat"
| #define PACKAGE_TARNAME "expat"
| #define PACKAGE_VERSION "2.2.9"
| #define PACKAGE_STRING "expat 2.2.9"
| #define PACKAGE_BUGREPORT "expat-bugs@libexpat.org"
| #define PACKAGE_URL ""
| #define PACKAGE "expat"
| #define VERSION "2.2.9"
| #define STDC_HEADERS 1
| #define HAVE_SYS_TYPES_H 1
| #define HAVE_SYS_STAT_H 1
| #define HAVE_STDLIB_H 1
| #define HAVE_STRING_H 1
| #define HAVE_MEMORY_H 1
| #define HAVE_STRINGS_H 1
| #define HAVE_INTTYPES_H 1
| #define HAVE_STDINT_H 1
| #define HAVE_UNISTD_H 1
| #define LT_OBJDIR ".libs/"
| /* end confdefs.h.  */
| #include <ac_nonexistent.h>
configure:13859: result: /home/cygwin/cegcc/bin/arm-mingw32ce-g++ -E
configure:13879: /home/cygwin/cegcc/bin/arm-mingw32ce-g++ -E -DHAVE_EXPAT_CONFIG_H conftest.cpp
configure:13879: $? = 0
configure:13893: /home/cygwin/cegcc/bin/arm-mingw32ce-g++ -E -DHAVE_EXPAT_CONFIG_H conftest.cpp
conftest.cpp:22:10: fatal error: ac_nonexistent.h: No such file or directory
   22 | #include <ac_nonexistent.h>
      |          ^~~~~~~~~~~~~~~~~~
compilation terminated.
configure:13893: $? = 1
configure: failed program was:
| /* confdefs.h */
| #define PACKAGE_NAME "expat"
| #define PACKAGE_TARNAME "expat"
| #define PACKAGE_VERSION "2.2.9"
| #define PACKAGE_STRING "expat 2.2.9"
| #define PACKAGE_BUGREPORT "expat-bugs@libexpat.org"
| #define PACKAGE_URL ""
| #define PACKAGE "expat"
| #define VERSION "2.2.9"
| #define STDC_HEADERS 1
| #define HAVE_SYS_TYPES_H 1
| #define HAVE_SYS_STAT_H 1
| #define HAVE_STDLIB_H 1
| #define HAVE_STRING_H 1
| #define HAVE_MEMORY_H 1
| #define HAVE_STRINGS_H 1
| #define HAVE_INTTYPES_H 1
| #define HAVE_STDINT_H 1
| #define HAVE_UNISTD_H 1
| #define LT_OBJDIR ".libs/"
| /* end confdefs.h.  */
| #include <ac_nonexistent.h>
configure:14055: checking for ld used by /home/cygwin/cegcc/bin/arm-mingw32ce-g++
configure:14122: result: /home/cygwin/cegcc/bin/arm-mingw32ce-ld
configure:14129: checking if the linker (/home/cygwin/cegcc/bin/arm-mingw32ce-ld) is GNU ld
configure:14144: result: yes
configure:14199: checking whether the /home/cygwin/cegcc/bin/arm-mingw32ce-g++ linker (/home/cygwin/cegcc/bin/arm-mingw32ce-ld) supports shared libraries
configure:15272: result: yes
configure:15308: /home/cygwin/cegcc/bin/arm-mingw32ce-g++ -c -g -O2 -DHAVE_EXPAT_CONFIG_H conftest.cpp >&5
configure:15311: $? = 0
configure:15792: checking for /home/cygwin/cegcc/bin/arm-mingw32ce-g++ option to produce PIC
configure:15799: result: -DDLL_EXPORT -DPIC
configure:15807: checking if /home/cygwin/cegcc/bin/arm-mingw32ce-g++ PIC flag -DDLL_EXPORT -DPIC works
configure:15825: /home/cygwin/cegcc/bin/arm-mingw32ce-g++ -c -g -O2 -DHAVE_EXPAT_CONFIG_H -DDLL_EXPORT -DPIC -DPIC conftest.cpp >&5
configure:15829: $? = 0
configure:15842: result: yes
configure:15865: checking if /home/cygwin/cegcc/bin/arm-mingw32ce-g++ static flag -static works
configure:15893: result: yes
configure:15905: checking if /home/cygwin/cegcc/bin/arm-mingw32ce-g++ supports -c -o file.o
configure:15926: /home/cygwin/cegcc/bin/arm-mingw32ce-g++ -c -g -O2 -DHAVE_EXPAT_CONFIG_H -o out/conftest2.o conftest.cpp >&5
configure:15930: $? = 0
configure:15952: result: yes
configure:15957: checking if /home/cygwin/cegcc/bin/arm-mingw32ce-g++ supports -c -o file.o
configure:16004: result: yes
configure:16034: checking whether the /home/cygwin/cegcc/bin/arm-mingw32ce-g++ linker (/home/cygwin/cegcc/bin/arm-mingw32ce-ld) supports shared libraries
configure:16074: result: yes
configure:16215: checking dynamic linker characteristics
configure:16973: result: Win32 ld.exe
configure:17038: checking how to hardcode library paths into programs
configure:17063: result: immediate
configure:17110: checking whether C++ compiler accepts -Wall
configure:17129: /home/cygwin/cegcc/bin/arm-mingw32ce-g++ -c -g -O2  -Wall -DHAVE_EXPAT_CONFIG_H conftest.cpp >&5
configure:17129: $? = 0
configure:17138: result: yes
configure:17154: : CXXFLAGS="$CXXFLAGS"
configure:17157: $? = 0
configure:17110: checking whether C++ compiler accepts -Wextra
configure:17129: /home/cygwin/cegcc/bin/arm-mingw32ce-g++ -c -g -O2 -Wall  -Wextra -DHAVE_EXPAT_CONFIG_H conftest.cpp >&5
configure:17129: $? = 0
configure:17138: result: yes
configure:17154: : CXXFLAGS="$CXXFLAGS"
configure:17157: $? = 0
configure:17185: checking whether C++ compiler accepts -fexceptions
configure:17204: /home/cygwin/cegcc/bin/arm-mingw32ce-g++ -c -g -O2 -Wall -Wextra  -fexceptions -DHAVE_EXPAT_CONFIG_H conftest.cpp >&5
configure:17204: $? = 0
configure:17213: result: yes
configure:17229: : CXXFLAGS="$CXXFLAGS"
configure:17232: $? = 0
configure:17260: checking whether C++ compiler accepts -fno-strict-aliasing
configure:17279: /home/cygwin/cegcc/bin/arm-mingw32ce-g++ -c -g -O2 -Wall -Wextra -fexceptions  -fno-strict-aliasing -DHAVE_EXPAT_CONFIG_H conftest.cpp >&5
configure:17279: $? = 0
configure:17288: result: yes
configure:17304: : CXXFLAGS="$CXXFLAGS"
configure:17307: $? = 0
configure:17344: checking whether the linker accepts -fno-strict-aliasing
configure:17363: /home/cygwin/cegcc/bin/arm-mingw32ce-gcc -o conftest.exe -g -O2 -Wall -Wextra -fexceptions -fno-strict-aliasing -Wmissing-prototypes -Wstrict-prototypes -pedantic -Wduplicated-cond -Wduplicated-branches -Wlogical-op -Wrestrict -Wnull-dereference -Wjump-misses-init -Wdouble-promotion -Wshadow -Wformat=2 -Wmisleading-indentation -DHAVE_EXPAT_CONFIG_H   -fno-strict-aliasing conftest.c  >&5
conftest.c:24:1: warning: function declaration isn't a prototype [-Wstrict-prototypes]
   24 | main ()
      | ^~~~
configure:17363: $? = 0
configure:17373: result: yes
configure:17389: : LDFLAGS="$LDFLAGS"
configure:17392: $? = 0
configure:17428: checking whether compiler supports visibility
configure:17443: /home/cygwin/cegcc/bin/arm-mingw32ce-gcc -c -g -O2 -Wall -Wextra -fexceptions -fno-strict-aliasing -Wmissing-prototypes -Wstrict-prototypes -pedantic -Wduplicated-cond -Wduplicated-branches -Wlogical-op -Wrestrict -Wnull-dereference -Wjump-misses-init -Wdouble-promotion -Wshadow -Wformat=2 -Wmisleading-indentation -fvisibility=hidden -Wall -Werror -Wno-unknown-warning-option -DHAVE_EXPAT_CONFIG_H conftest.c >&5
configure:17443: $? = 0
configure:17449: result: yes
configure:17466: : CFLAGS="$CFLAGS"
configure:17469: $? = 0
configure:17498: : CFLAGS="$CFLAGS"
configure:17501: $? = 0
configure:17519: checking for ANSI C header files
configure:17623: result: yes
configure:17633: checking whether byte ordering is bigendian
configure:17648: /home/cygwin/cegcc/bin/arm-mingw32ce-gcc -c -g -O2 -Wall -Wextra -fexceptions -fno-strict-aliasing -Wmissing-prototypes -Wstrict-prototypes -pedantic -Wduplicated-cond -Wduplicated-branches -Wlogical-op -Wrestrict -Wnull-dereference -Wjump-misses-init -Wdouble-promotion -Wshadow -Wformat=2 -Wmisleading-indentation -fvisibility=hidden -DXML_ENABLE_VISIBILITY=1 -DHAVE_EXPAT_CONFIG_H conftest.c >&5
conftest.c:24:9: error: unknown type name 'not'
   24 |         not a universal capable compiler
      |         ^~~
conftest.c:24:15: error: expected '=', ',', ';', 'asm' or '__attribute__' before 'universal'
   24 |         not a universal capable compiler
      |               ^~~~~~~~~
conftest.c:24:15: error: unknown type name 'universal'
configure:17648: $? = 1
configure: failed program was:
| /* confdefs.h */
| #define PACKAGE_NAME "expat"
| #define PACKAGE_TARNAME "expat"
| #define PACKAGE_VERSION "2.2.9"
| #define PACKAGE_STRING "expat 2.2.9"
| #define PACKAGE_BUGREPORT "expat-bugs@libexpat.org"
| #define PACKAGE_URL ""
| #define PACKAGE "expat"
| #define VERSION "2.2.9"
| #define STDC_HEADERS 1
| #define HAVE_SYS_TYPES_H 1
| #define HAVE_SYS_STAT_H 1
| #define HAVE_STDLIB_H 1
| #define HAVE_STRING_H 1
| #define HAVE_MEMORY_H 1
| #define HAVE_STRINGS_H 1
| #define HAVE_INTTYPES_H 1
| #define HAVE_STDINT_H 1
| #define HAVE_UNISTD_H 1
| #define LT_OBJDIR ".libs/"
| #define STDC_HEADERS 1
| /* end confdefs.h.  */
| #ifndef __APPLE_CC__
| 	       not a universal capable compiler
| 	     #endif
| 	     typedef int dummy;
| 
configure:17693: /home/cygwin/cegcc/bin/arm-mingw32ce-gcc -c -g -O2 -Wall -Wextra -fexceptions -fno-strict-aliasing -Wmissing-prototypes -Wstrict-prototypes -pedantic -Wduplicated-cond -Wduplicated-branches -Wlogical-op -Wrestrict -Wnull-dereference -Wjump-misses-init -Wdouble-promotion -Wshadow -Wformat=2 -Wmisleading-indentation -fvisibility=hidden -DXML_ENABLE_VISIBILITY=1 -DHAVE_EXPAT_CONFIG_H conftest.c >&5
conftest.c:27:1: warning: function declaration isn't a prototype [-Wstrict-prototypes]
   27 | main ()
      | ^~~~
conftest.c: In function 'main':
conftest.c:35:1: warning: visibility attribute not supported in this configuration; ignored [-Wattributes]
   35 | }
      | ^
configure:17693: $? = 0
configure:17711: /home/cygwin/cegcc/bin/arm-mingw32ce-gcc -c -g -O2 -Wall -Wextra -fexceptions -fno-strict-aliasing -Wmissing-prototypes -Wstrict-prototypes -pedantic -Wduplicated-cond -Wduplicated-branches -Wlogical-op -Wrestrict -Wnull-dereference -Wjump-misses-init -Wdouble-promotion -Wshadow -Wformat=2 -Wmisleading-indentation -fvisibility=hidden -DXML_ENABLE_VISIBILITY=1 -DHAVE_EXPAT_CONFIG_H conftest.c >&5
conftest.c:27:1: warning: function declaration isn't a prototype [-Wstrict-prototypes]
   27 | main ()
      | ^~~~
conftest.c: In function 'main':
conftest.c:30:4: error: unknown type name 'not'; did you mean 'ino_t'?
   30 |    not big endian
      |    ^~~
      |    ino_t
conftest.c:30:12: error: expected '=', ',', ';', 'asm' or '__attribute__' before 'endian'
   30 |    not big endian
      |            ^~~~~~
configure:17711: $? = 1
configure: failed program was:
| /* confdefs.h */
| #define PACKAGE_NAME "expat"
| #define PACKAGE_TARNAME "expat"
| #define PACKAGE_VERSION "2.2.9"
| #define PACKAGE_STRING "expat 2.2.9"
| #define PACKAGE_BUGREPORT "expat-bugs@libexpat.org"
| #define PACKAGE_URL ""
| #define PACKAGE "expat"
| #define VERSION "2.2.9"
| #define STDC_HEADERS 1
| #define HAVE_SYS_TYPES_H 1
| #define HAVE_SYS_STAT_H 1
| #define HAVE_STDLIB_H 1
| #define HAVE_STRING_H 1
| #define HAVE_MEMORY_H 1
| #define HAVE_STRINGS_H 1
| #define HAVE_INTTYPES_H 1
| #define HAVE_STDINT_H 1
| #define HAVE_UNISTD_H 1
| #define LT_OBJDIR ".libs/"
| #define STDC_HEADERS 1
| /* end confdefs.h.  */
| #include <sys/types.h>
| 		#include <sys/param.h>
| 
| int
| main ()
| {
| #if BYTE_ORDER != BIG_ENDIAN
| 		 not big endian
| 		#endif
| 
|   ;
|   return 0;
| }
configure:17839: result: no
configure:17864: checking for an ANSI C-conforming const
configure:17930: /home/cygwin/cegcc/bin/arm-mingw32ce-gcc -c -g -O2 -Wall -Wextra -fexceptions -fno-strict-aliasing -Wmissing-prototypes -Wstrict-prototypes -pedantic -Wduplicated-cond -Wduplicated-branches -Wlogical-op -Wrestrict -Wnull-dereference -Wjump-misses-init -Wdouble-promotion -Wshadow -Wformat=2 -Wmisleading-indentation -fvisibility=hidden -DXML_ENABLE_VISIBILITY=1 -DHAVE_EXPAT_CONFIG_H conftest.c >&5
conftest.c:26:1: warning: function declaration isn't a prototype [-Wstrict-prototypes]
   26 | main ()
      | ^~~~
conftest.c: In function 'main':
conftest.c:52:36: warning: this condition has identical branches [-Wduplicated-branches]
   52 |     char const *s = 0 ? (char *) 0 : (char const *) 0;
      |                                    ^
conftest.c:81:1: warning: visibility attribute not supported in this configuration; ignored [-Wattributes]
   81 | }
      | ^
configure:17930: $? = 0
configure:17937: result: yes
configure:17945: checking for size_t
configure:17945: /home/cygwin/cegcc/bin/arm-mingw32ce-gcc -c -g -O2 -Wall -Wextra -fexceptions -fno-strict-aliasing -Wmissing-prototypes -Wstrict-prototypes -pedantic -Wduplicated-cond -Wduplicated-branches -Wlogical-op -Wrestrict -Wnull-dereference -Wjump-misses-init -Wdouble-promotion -Wshadow -Wformat=2 -Wmisleading-indentation -fvisibility=hidden -DXML_ENABLE_VISIBILITY=1 -DHAVE_EXPAT_CONFIG_H conftest.c >&5
conftest.c:58:1: warning: function declaration isn't a prototype [-Wstrict-prototypes]
   58 | main ()
      | ^~~~
conftest.c: In function 'main':
conftest.c:64:1: warning: visibility attribute not supported in this configuration; ignored [-Wattributes]
   64 | }
      | ^
configure:17945: $? = 0
configure:17945: /home/cygwin/cegcc/bin/arm-mingw32ce-gcc -c -g -O2 -Wall -Wextra -fexceptions -fno-strict-aliasing -Wmissing-prototypes -Wstrict-prototypes -pedantic -Wduplicated-cond -Wduplicated-branches -Wlogical-op -Wrestrict -Wnull-dereference -Wjump-misses-init -Wdouble-promotion -Wshadow -Wformat=2 -Wmisleading-indentation -fvisibility=hidden -DXML_ENABLE_VISIBILITY=1 -DHAVE_EXPAT_CONFIG_H conftest.c >&5
conftest.c:58:1: warning: function declaration isn't a prototype [-Wstrict-prototypes]
   58 | main ()
      | ^~~~
conftest.c: In function 'main':
conftest.c:60:21: error: expected expression before ')' token
   60 | if (sizeof ((size_t)))
      |                     ^
configure:17945: $? = 1
configure: failed program was:
| /* confdefs.h */
| #define PACKAGE_NAME "expat"
| #define PACKAGE_TARNAME "expat"
| #define PACKAGE_VERSION "2.2.9"
| #define PACKAGE_STRING "expat 2.2.9"
| #define PACKAGE_BUGREPORT "expat-bugs@libexpat.org"
| #define PACKAGE_URL ""
| #define PACKAGE "expat"
| #define VERSION "2.2.9"
| #define STDC_HEADERS 1
| #define HAVE_SYS_TYPES_H 1
| #define HAVE_SYS_STAT_H 1
| #define HAVE_STDLIB_H 1
| #define HAVE_STRING_H 1
| #define HAVE_MEMORY_H 1
| #define HAVE_STRINGS_H 1
| #define HAVE_INTTYPES_H 1
| #define HAVE_STDINT_H 1
| #define HAVE_UNISTD_H 1
| #define LT_OBJDIR ".libs/"
| #define STDC_HEADERS 1
| #define BYTEORDER 1234
| /* end confdefs.h.  */
| #include <stdio.h>
| #ifdef HAVE_SYS_TYPES_H
| # include <sys/types.h>
| #endif
| #ifdef HAVE_SYS_STAT_H
| # include <sys/stat.h>
| #endif
| #ifdef STDC_HEADERS
| # include <stdlib.h>
| # include <stddef.h>
| #else
| # ifdef HAVE_STDLIB_H
| #  include <stdlib.h>
| # endif
| #endif
| #ifdef HAVE_STRING_H
| # if !defined STDC_HEADERS && defined HAVE_MEMORY_H
| #  include <memory.h>
| # endif
| # include <string.h>
| #endif
| #ifdef HAVE_STRINGS_H
| # include <strings.h>
| #endif
| #ifdef HAVE_INTTYPES_H
| # include <inttypes.h>
| #endif
| #ifdef HAVE_STDINT_H
| # include <stdint.h>
| #endif
| #ifdef HAVE_UNISTD_H
| # include <unistd.h>
| #endif
| int
| main ()
| {
| if (sizeof ((size_t)))
| 	    return 0;
|   ;
|   return 0;
| }
configure:17945: result: yes
configure:18013: detected OS: MinGW
configure:18096: checking for arc4random_buf (BSD or libbsd)
configure:18111: /home/cygwin/cegcc/bin/arm-mingw32ce-gcc -o conftest.exe -g -O2 -Wall -Wextra -fexceptions -fno-strict-aliasing -Wmissing-prototypes -Wstrict-prototypes -pedantic -Wduplicated-cond -Wduplicated-branches -Wlogical-op -Wrestrict -Wnull-dereference -Wjump-misses-init -Wdouble-promotion -Wshadow -Wformat=2 -Wmisleading-indentation -fvisibility=hidden -DXML_ENABLE_VISIBILITY=1 -DHAVE_EXPAT_CONFIG_H  -fno-strict-aliasing conftest.c  >&5
conftest.c:29:9: warning: function declaration isn't a prototype [-Wstrict-prototypes]
   29 |     int main() {
      |         ^~~~
conftest.c: In function 'main':
conftest.c:30:7: warning: implicit declaration of function 'arc4random_buf' [-Wimplicit-function-declaration]
   30 |       arc4random_buf(NULL, 0U);
      |       ^~~~~~~~~~~~~~
conftest.c:32:5: warning: visibility attribute not supported in this configuration; ignored [-Wattributes]
   32 |     }
      |     ^
/home/cygwin/cegcc/bin/../lib/gcc/arm-mingw32ce/9.3.0/../../../../arm-mingw32ce/bin/ld: /tmp/ccLjPMMn.o: in function `main':
/home/cygwin/expat-2.2.9/conftest.c:30: undefined reference to `arc4random_buf'
collect2: error: ld returned 1 exit status
configure:18111: $? = 1
configure: failed program was:
| /* confdefs.h */
| #define PACKAGE_NAME "expat"
| #define PACKAGE_TARNAME "expat"
| #define PACKAGE_VERSION "2.2.9"
| #define PACKAGE_STRING "expat 2.2.9"
| #define PACKAGE_BUGREPORT "expat-bugs@libexpat.org"
| #define PACKAGE_URL ""
| #define PACKAGE "expat"
| #define VERSION "2.2.9"
| #define STDC_HEADERS 1
| #define HAVE_SYS_TYPES_H 1
| #define HAVE_SYS_STAT_H 1
| #define HAVE_STDLIB_H 1
| #define HAVE_STRING_H 1
| #define HAVE_MEMORY_H 1
| #define HAVE_STRINGS_H 1
| #define HAVE_INTTYPES_H 1
| #define HAVE_STDINT_H 1
| #define HAVE_UNISTD_H 1
| #define LT_OBJDIR ".libs/"
| #define STDC_HEADERS 1
| #define BYTEORDER 1234
| /* end confdefs.h.  */
| 
|     #include <stdlib.h>  /* for arc4random_buf on BSD, for NULL */
|     #if defined(HAVE_LIBBSD)
|     # include <bsd/stdlib.h>
|     #endif
|     int main() {
|       arc4random_buf(NULL, 0U);
|       return 0;
|     }
| 
configure:18118: result: no
configure:18121: checking for arc4random (BSD, macOS or libbsd)
configure:18137: /home/cygwin/cegcc/bin/arm-mingw32ce-gcc -o conftest.exe -g -O2 -Wall -Wextra -fexceptions -fno-strict-aliasing -Wmissing-prototypes -Wstrict-prototypes -pedantic -Wduplicated-cond -Wduplicated-branches -Wlogical-op -Wrestrict -Wnull-dereference -Wjump-misses-init -Wdouble-promotion -Wshadow -Wformat=2 -Wmisleading-indentation -fvisibility=hidden -DXML_ENABLE_VISIBILITY=1 -DHAVE_EXPAT_CONFIG_H  -fno-strict-aliasing conftest.c  >&5
conftest.c:30:12: warning: function declaration isn't a prototype [-Wstrict-prototypes]
   30 |        int main() {
      |            ^~~~
conftest.c: In function 'main':
conftest.c:31:11: warning: implicit declaration of function 'arc4random' [-Wimplicit-function-declaration]
   31 |           arc4random();
      |           ^~~~~~~~~~
conftest.c:33:8: warning: visibility attribute not supported in this configuration; ignored [-Wattributes]
   33 |        }
      |        ^
/home/cygwin/cegcc/bin/../lib/gcc/arm-mingw32ce/9.3.0/../../../../arm-mingw32ce/bin/ld: /tmp/ccAzpKxS.o: in function `main':
/home/cygwin/expat-2.2.9/conftest.c:31: undefined reference to `arc4random'
collect2: error: ld returned 1 exit status
configure:18137: $? = 1
configure: failed program was:
| /* confdefs.h */
| #define PACKAGE_NAME "expat"
| #define PACKAGE_TARNAME "expat"
| #define PACKAGE_VERSION "2.2.9"
| #define PACKAGE_STRING "expat 2.2.9"
| #define PACKAGE_BUGREPORT "expat-bugs@libexpat.org"
| #define PACKAGE_URL ""
| #define PACKAGE "expat"
| #define VERSION "2.2.9"
| #define STDC_HEADERS 1
| #define HAVE_SYS_TYPES_H 1
| #define HAVE_SYS_STAT_H 1
| #define HAVE_STDLIB_H 1
| #define HAVE_STRING_H 1
| #define HAVE_MEMORY_H 1
| #define HAVE_STRINGS_H 1
| #define HAVE_INTTYPES_H 1
| #define HAVE_STDINT_H 1
| #define HAVE_UNISTD_H 1
| #define LT_OBJDIR ".libs/"
| #define STDC_HEADERS 1
| #define BYTEORDER 1234
| /* end confdefs.h.  */
| 
|        #if defined(HAVE_LIBBSD)
|        # include <bsd/stdlib.h>
|        #else
|        # include <stdlib.h>
|        #endif
|        int main() {
|           arc4random();
|           return 0;
|        }
| 
configure:18144: result: no
configure:18163: checking for getrandom (Linux 3.17+, glibc 2.25+)
configure:18175: /home/cygwin/cegcc/bin/arm-mingw32ce-gcc -o conftest.exe -g -O2 -Wall -Wextra -fexceptions -fno-strict-aliasing -Wmissing-prototypes -Wstrict-prototypes -pedantic -Wduplicated-cond -Wduplicated-branches -Wlogical-op -Wrestrict -Wnull-dereference -Wjump-misses-init -Wdouble-promotion -Wshadow -Wformat=2 -Wmisleading-indentation -fvisibility=hidden -DXML_ENABLE_VISIBILITY=1 -DHAVE_EXPAT_CONFIG_H  -fno-strict-aliasing conftest.c  >&5
conftest.c:26:17: fatal error: sys/random.h: No such file or directory
   26 |        #include <sys/random.h>
      |                 ^~~~~~~~~~~~~~
compilation terminated.
configure:18175: $? = 1
configure: failed program was:
| /* confdefs.h */
| #define PACKAGE_NAME "expat"
| #define PACKAGE_TARNAME "expat"
| #define PACKAGE_VERSION "2.2.9"
| #define PACKAGE_STRING "expat 2.2.9"
| #define PACKAGE_BUGREPORT "expat-bugs@libexpat.org"
| #define PACKAGE_URL ""
| #define PACKAGE "expat"
| #define VERSION "2.2.9"
| #define STDC_HEADERS 1
| #define HAVE_SYS_TYPES_H 1
| #define HAVE_SYS_STAT_H 1
| #define HAVE_STDLIB_H 1
| #define HAVE_STRING_H 1
| #define HAVE_MEMORY_H 1
| #define HAVE_STRINGS_H 1
| #define HAVE_INTTYPES_H 1
| #define HAVE_STDINT_H 1
| #define HAVE_UNISTD_H 1
| #define LT_OBJDIR ".libs/"
| #define STDC_HEADERS 1
| #define BYTEORDER 1234
| /* end confdefs.h.  */
| 
|        #include <stdlib.h>  /* for NULL */
|        #include <sys/random.h>
|        int main() {
|          return getrandom(NULL, 0U, 0U);
|        }
| 
configure:18182: result: no
configure:18202: checking for syscall SYS_getrandom (Linux 3.17+)
configure:18216: /home/cygwin/cegcc/bin/arm-mingw32ce-gcc -o conftest.exe -g -O2 -Wall -Wextra -fexceptions -fno-strict-aliasing -Wmissing-prototypes -Wstrict-prototypes -pedantic -Wduplicated-cond -Wduplicated-branches -Wlogical-op -Wrestrict -Wnull-dereference -Wjump-misses-init -Wdouble-promotion -Wshadow -Wformat=2 -Wmisleading-indentation -fvisibility=hidden -DXML_ENABLE_VISIBILITY=1 -DHAVE_EXPAT_CONFIG_H  -fno-strict-aliasing conftest.c  >&5
conftest.c:27:17: fatal error: sys/syscall.h: No such file or directory
   27 |        #include <sys/syscall.h>  /* for SYS_getrandom */
      |                 ^~~~~~~~~~~~~~~
compilation terminated.
configure:18216: $? = 1
configure: failed program was:
| /* confdefs.h */
| #define PACKAGE_NAME "expat"
| #define PACKAGE_TARNAME "expat"
| #define PACKAGE_VERSION "2.2.9"
| #define PACKAGE_STRING "expat 2.2.9"
| #define PACKAGE_BUGREPORT "expat-bugs@libexpat.org"
| #define PACKAGE_URL ""
| #define PACKAGE "expat"
| #define VERSION "2.2.9"
| #define STDC_HEADERS 1
| #define HAVE_SYS_TYPES_H 1
| #define HAVE_SYS_STAT_H 1
| #define HAVE_STDLIB_H 1
| #define HAVE_STRING_H 1
| #define HAVE_MEMORY_H 1
| #define HAVE_STRINGS_H 1
| #define HAVE_INTTYPES_H 1
| #define HAVE_STDINT_H 1
| #define HAVE_UNISTD_H 1
| #define LT_OBJDIR ".libs/"
| #define STDC_HEADERS 1
| #define BYTEORDER 1234
| /* end confdefs.h.  */
| 
|        #include <stdlib.h>  /* for NULL */
|        #include <unistd.h>  /* for syscall */
|        #include <sys/syscall.h>  /* for SYS_getrandom */
|        int main() {
|          syscall(SYS_getrandom, NULL, 0, 0);
|          return 0;
|      }
| 
configure:18223: result: no
configure:18236: checking fcntl.h usability
configure:18236: /home/cygwin/cegcc/bin/arm-mingw32ce-gcc -c -g -O2 -Wall -Wextra -fexceptions -fno-strict-aliasing -Wmissing-prototypes -Wstrict-prototypes -pedantic -Wduplicated-cond -Wduplicated-branches -Wlogical-op -Wrestrict -Wnull-dereference -Wjump-misses-init -Wdouble-promotion -Wshadow -Wformat=2 -Wmisleading-indentation -fvisibility=hidden -DXML_ENABLE_VISIBILITY=1 -DHAVE_EXPAT_CONFIG_H conftest.c >&5
configure:18236: $? = 0
configure:18236: result: yes
configure:18236: checking fcntl.h presence
configure:18236: /home/cygwin/cegcc/bin/arm-mingw32ce-gcc -E -DHAVE_EXPAT_CONFIG_H conftest.c
configure:18236: $? = 0
configure:18236: result: yes
configure:18236: checking for fcntl.h
configure:18236: result: yes
configure:18236: checking for unistd.h
configure:18236: result: yes
configure:18246: checking for off_t
configure:18246: /home/cygwin/cegcc/bin/arm-mingw32ce-gcc -c -g -O2 -Wall -Wextra -fexceptions -fno-strict-aliasing -Wmissing-prototypes -Wstrict-prototypes -pedantic -Wduplicated-cond -Wduplicated-branches -Wlogical-op -Wrestrict -Wnull-dereference -Wjump-misses-init -Wdouble-promotion -Wshadow -Wformat=2 -Wmisleading-indentation -fvisibility=hidden -DXML_ENABLE_VISIBILITY=1 -DHAVE_EXPAT_CONFIG_H conftest.c >&5
conftest.c:60:1: warning: function declaration isn't a prototype [-Wstrict-prototypes]
   60 | main ()
      | ^~~~
conftest.c: In function 'main':
conftest.c:66:1: warning: visibility attribute not supported in this configuration; ignored [-Wattributes]
   66 | }
      | ^
configure:18246: $? = 0
configure:18246: /home/cygwin/cegcc/bin/arm-mingw32ce-gcc -c -g -O2 -Wall -Wextra -fexceptions -fno-strict-aliasing -Wmissing-prototypes -Wstrict-prototypes -pedantic -Wduplicated-cond -Wduplicated-branches -Wlogical-op -Wrestrict -Wnull-dereference -Wjump-misses-init -Wdouble-promotion -Wshadow -Wformat=2 -Wmisleading-indentation -fvisibility=hidden -DXML_ENABLE_VISIBILITY=1 -DHAVE_EXPAT_CONFIG_H conftest.c >&5
conftest.c:60:1: warning: function declaration isn't a prototype [-Wstrict-prototypes]
   60 | main ()
      | ^~~~
conftest.c: In function 'main':
conftest.c:62:20: error: expected expression before ')' token
   62 | if (sizeof ((off_t)))
      |                    ^
configure:18246: $? = 1
configure: failed program was:
| /* confdefs.h */
| #define PACKAGE_NAME "expat"
| #define PACKAGE_TARNAME "expat"
| #define PACKAGE_VERSION "2.2.9"
| #define PACKAGE_STRING "expat 2.2.9"
| #define PACKAGE_BUGREPORT "expat-bugs@libexpat.org"
| #define PACKAGE_URL ""
| #define PACKAGE "expat"
| #define VERSION "2.2.9"
| #define STDC_HEADERS 1
| #define HAVE_SYS_TYPES_H 1
| #define HAVE_SYS_STAT_H 1
| #define HAVE_STDLIB_H 1
| #define HAVE_STRING_H 1
| #define HAVE_MEMORY_H 1
| #define HAVE_STRINGS_H 1
| #define HAVE_INTTYPES_H 1
| #define HAVE_STDINT_H 1
| #define HAVE_UNISTD_H 1
| #define LT_OBJDIR ".libs/"
| #define STDC_HEADERS 1
| #define BYTEORDER 1234
| #define HAVE_FCNTL_H 1
| #define HAVE_UNISTD_H 1
| /* end confdefs.h.  */
| #include <stdio.h>
| #ifdef HAVE_SYS_TYPES_H
| # include <sys/types.h>
| #endif
| #ifdef HAVE_SYS_STAT_H
| # include <sys/stat.h>
| #endif
| #ifdef STDC_HEADERS
| # include <stdlib.h>
| # include <stddef.h>
| #else
| # ifdef HAVE_STDLIB_H
| #  include <stdlib.h>
| # endif
| #endif
| #ifdef HAVE_STRING_H
| # if !defined STDC_HEADERS && defined HAVE_MEMORY_H
| #  include <memory.h>
| # endif
| # include <string.h>
| #endif
| #ifdef HAVE_STRINGS_H
| # include <strings.h>
| #endif
| #ifdef HAVE_INTTYPES_H
| # include <inttypes.h>
| #endif
| #ifdef HAVE_STDINT_H
| # include <stdint.h>
| #endif
| #ifdef HAVE_UNISTD_H
| # include <unistd.h>
| #endif
| int
| main ()
| {
| if (sizeof ((off_t)))
| 	    return 0;
|   ;
|   return 0;
| }
configure:18246: result: yes
configure:18263: checking for stdlib.h
configure:18263: result: yes
configure:18263: checking for unistd.h
configure:18263: result: yes
configure:18263: checking for sys/param.h
configure:18263: /home/cygwin/cegcc/bin/arm-mingw32ce-gcc -c -g -O2 -Wall -Wextra -fexceptions -fno-strict-aliasing -Wmissing-prototypes -Wstrict-prototypes -pedantic -Wduplicated-cond -Wduplicated-branches -Wlogical-op -Wrestrict -Wnull-dereference -Wjump-misses-init -Wdouble-promotion -Wshadow -Wformat=2 -Wmisleading-indentation -fvisibility=hidden -DXML_ENABLE_VISIBILITY=1 -DHAVE_EXPAT_CONFIG_H conftest.c >&5
configure:18263: $? = 0
configure:18263: result: yes
configure:18283: checking for getpagesize
configure:18283: /home/cygwin/cegcc/bin/arm-mingw32ce-gcc -o conftest.exe -g -O2 -Wall -Wextra -fexceptions -fno-strict-aliasing -Wmissing-prototypes -Wstrict-prototypes -pedantic -Wduplicated-cond -Wduplicated-branches -Wlogical-op -Wrestrict -Wnull-dereference -Wjump-misses-init -Wdouble-promotion -Wshadow -Wformat=2 -Wmisleading-indentation -fvisibility=hidden -DXML_ENABLE_VISIBILITY=1 -DHAVE_EXPAT_CONFIG_H  -fno-strict-aliasing conftest.c  >&5
conftest.c:52:1: warning: function declaration isn't a prototype [-Wstrict-prototypes]
   52 | char getpagesize ();
      | ^~~~
conftest.c:61:1: warning: function declaration isn't a prototype [-Wstrict-prototypes]
   61 | main ()
      | ^~~~
conftest.c: In function 'main':
conftest.c:66:1: warning: visibility attribute not supported in this configuration; ignored [-Wattributes]
   66 | }
      | ^
/home/cygwin/cegcc/bin/../lib/gcc/arm-mingw32ce/9.3.0/../../../../arm-mingw32ce/bin/ld: /tmp/ccta8c37.o: in function `main':
/home/cygwin/expat-2.2.9/conftest.c:63: undefined reference to `getpagesize'
collect2: error: ld returned 1 exit status
configure:18283: $? = 1
configure: failed program was:
| /* confdefs.h */
| #define PACKAGE_NAME "expat"
| #define PACKAGE_TARNAME "expat"
| #define PACKAGE_VERSION "2.2.9"
| #define PACKAGE_STRING "expat 2.2.9"
| #define PACKAGE_BUGREPORT "expat-bugs@libexpat.org"
| #define PACKAGE_URL ""
| #define PACKAGE "expat"
| #define VERSION "2.2.9"
| #define STDC_HEADERS 1
| #define HAVE_SYS_TYPES_H 1
| #define HAVE_SYS_STAT_H 1
| #define HAVE_STDLIB_H 1
| #define HAVE_STRING_H 1
| #define HAVE_MEMORY_H 1
| #define HAVE_STRINGS_H 1
| #define HAVE_INTTYPES_H 1
| #define HAVE_STDINT_H 1
| #define HAVE_UNISTD_H 1
| #define LT_OBJDIR ".libs/"
| #define STDC_HEADERS 1
| #define BYTEORDER 1234
| #define HAVE_FCNTL_H 1
| #define HAVE_UNISTD_H 1
| #define HAVE_STDLIB_H 1
| #define HAVE_UNISTD_H 1
| #define HAVE_SYS_PARAM_H 1
| /* end confdefs.h.  */
| /* Define getpagesize to an innocuous variant, in case <limits.h> declares getpagesize.
|    For example, HP-UX 11i <limits.h> declares gettimeofday.  */
| #define getpagesize innocuous_getpagesize
| 
| /* System header to define __stub macros and hopefully few prototypes,
|     which can conflict with char getpagesize (); below.
|     Prefer <limits.h> to <assert.h> if __STDC__ is defined, since
|     <limits.h> exists even on freestanding compilers.  */
| 
| #ifdef __STDC__
| # include <limits.h>
| #else
| # include <assert.h>
| #endif
| 
| #undef getpagesize
| 
| /* Override any GCC internal prototype to avoid an error.
|    Use char because int might match the return type of a GCC
|    builtin and then its argument prototype would still apply.  */
| #ifdef __cplusplus
| extern "C"
| #endif
| char getpagesize ();
| /* The GNU C library defines this for functions which it implements
|     to always fail with ENOSYS.  Some functions are actually named
|     something starting with __ and the normal name is an alias.  */
| #if defined __stub_getpagesize || defined __stub___getpagesize
| choke me
| #endif
| 
| int
| main ()
| {
| return getpagesize ();
|   ;
|   return 0;
| }
configure:18283: result: no
configure:18292: checking for working mmap
configure:18449: result: no
configure:18522: checking for docbook2x-man
configure:18552: result: no
configure:18522: checking for db2x_docbook2man
configure:18552: result: no
configure:18522: checking for docbook2man
configure:18552: result: no
configure:18522: checking for docbook-to-man
configure:18552: result: no
configure:18697: checking that generated files are newer than configure
configure:18703: result: done
configure:18755: creating ./config.status

## ---------------------- ##
## Running config.status. ##
## ---------------------- ##

This file was extended by expat config.status 2.2.9, which was
generated by GNU Autoconf 2.69.  Invocation command line was

  CONFIG_FILES    = 
  CONFIG_HEADERS  = 
  CONFIG_LINKS    = 
  CONFIG_COMMANDS = 
  $ ./config.status 

on NOTEPC

config.status:1204: creating Makefile
config.status:1204: creating expat.pc
config.status:1204: creating doc/Makefile
config.status:1204: creating examples/Makefile
config.status:1204: creating lib/Makefile
config.status:1204: creating tests/Makefile
config.status:1204: creating tests/benchmark/Makefile
config.status:1204: creating xmlwf/Makefile
config.status:1204: creating run.sh
config.status:1204: creating expat_config.h
config.status:1433: executing depfiles commands
config.status:1510: cd examples       && sed -e '/# am--include-marker/d' Makefile         | make -f - am--depfiles
config.status:1515: $? = 0
config.status:1510: cd lib       && sed -e '/# am--include-marker/d' Makefile         | make -f - am--depfiles
config.status:1515: $? = 0
config.status:1510: cd tests       && sed -e '/# am--include-marker/d' Makefile         | make -f - am--depfiles
config.status:1515: $? = 0
config.status:1510: cd tests/benchmark       && sed -e '/# am--include-marker/d' Makefile         | make -f - am--depfiles
config.status:1515: $? = 0
config.status:1510: cd xmlwf       && sed -e '/# am--include-marker/d' Makefile         | make -f - am--depfiles
config.status:1515: $? = 0
config.status:1433: executing libtool commands
configure:21174: WARNING: unrecognized options: --disable-sdltest

## ---------------- ##
## Cache variables. ##
## ---------------- ##

ac_cv_build=i686-pc-cygwin
ac_cv_c_bigendian=no
ac_cv_c_compiler_gnu=yes
ac_cv_c_const=yes
ac_cv_cxx_compiler_gnu=yes
ac_cv_env_CCC_set=
ac_cv_env_CCC_value=
ac_cv_env_CC_set=set
ac_cv_env_CC_value=/home/cygwin/cegcc/bin/arm-mingw32ce-gcc
ac_cv_env_CFLAGS_set=
ac_cv_env_CFLAGS_value=
ac_cv_env_CPPFLAGS_set=
ac_cv_env_CPPFLAGS_value=
ac_cv_env_CPP_set=
ac_cv_env_CPP_value=
ac_cv_env_CXXCPP_set=
ac_cv_env_CXXCPP_value=
ac_cv_env_CXXFLAGS_set=
ac_cv_env_CXXFLAGS_value=
ac_cv_env_CXX_set=set
ac_cv_env_CXX_value=/home/cygwin/cegcc/bin/arm-mingw32ce-g++
ac_cv_env_DOCBOOK_TO_MAN_set=
ac_cv_env_DOCBOOK_TO_MAN_value=
ac_cv_env_LDFLAGS_set=
ac_cv_env_LDFLAGS_value=
ac_cv_env_LIBS_set=
ac_cv_env_LIBS_value=
ac_cv_env_LT_SYS_LIBRARY_PATH_set=
ac_cv_env_LT_SYS_LIBRARY_PATH_value=
ac_cv_env_build_alias_set=
ac_cv_env_build_alias_value=
ac_cv_env_host_alias_set=set
ac_cv_env_host_alias_value=arm-mingw32ce
ac_cv_env_target_alias_set=
ac_cv_env_target_alias_value=
ac_cv_exeext=.exe
ac_cv_func_getpagesize=no
ac_cv_func_mmap_fixed_mapped=no
ac_cv_header_dlfcn_h=no
ac_cv_header_fcntl_h=yes
ac_cv_header_inttypes_h=yes
ac_cv_header_memory_h=yes
ac_cv_header_stdc=yes
ac_cv_header_stdint_h=yes
ac_cv_header_stdlib_h=yes
ac_cv_header_string_h=yes
ac_cv_header_strings_h=yes
ac_cv_header_sys_param_h=yes
ac_cv_header_sys_stat_h=yes
ac_cv_header_sys_types_h=yes
ac_cv_header_unistd_h=yes
ac_cv_host=arm-unknown-mingw32ce
ac_cv_objext=o
ac_cv_path_EGREP='/usr/bin/grep -E'
ac_cv_path_FGREP='/usr/bin/grep -F'
ac_cv_path_GREP=/usr/bin/grep
ac_cv_path_SED=/usr/bin/sed
ac_cv_path_install='/usr/bin/install -c'
ac_cv_path_lt_DD=/usr/bin/dd
ac_cv_path_mkdir=/usr/bin/mkdir
ac_cv_prog_AR=/home/cygwin/cegcc/bin/arm-mingw32ce-ar
ac_cv_prog_AS=/home/cygwin/cegcc/bin/arm-mingw32ce-as
ac_cv_prog_AWK=gawk
ac_cv_prog_CC=/home/cygwin/cegcc/bin/arm-mingw32ce-gcc
ac_cv_prog_CPP='/home/cygwin/cegcc/bin/arm-mingw32ce-gcc -E'
ac_cv_prog_CXXCPP='/home/cygwin/cegcc/bin/arm-mingw32ce-g++ -E'
ac_cv_prog_DLLTOOL=/home/cygwin/cegcc/bin/arm-mingw32ce-dlltool
ac_cv_prog_OBJDUMP=/home/cygwin/cegcc/bin/arm-mingw32ce-objdump
ac_cv_prog_RANLIB=/home/cygwin/cegcc/bin/arm-mingw32ce-ranlib
ac_cv_prog_STRIP=/home/cygwin/cegcc/bin/arm-mingw32ce-strip
ac_cv_prog_cc_c89=
ac_cv_prog_cc_c99=
ac_cv_prog_cc_g=yes
ac_cv_prog_cxx_g=yes
ac_cv_prog_make_make_set=yes
ac_cv_type_off_t=yes
ac_cv_type_size_t=yes
am_cv_CC_dependencies_compiler_type=gcc3
am_cv_CXX_dependencies_compiler_type=gcc3
am_cv_ar_interface=ar
am_cv_make_support_nested_variables=yes
am_cv_prog_cc_c_o=yes
ax_cv_check_cflags___Wall=yes
ax_cv_check_cflags___Wdouble_promotion=yes
ax_cv_check_cflags___Wduplicated_branches=yes
ax_cv_check_cflags___Wduplicated_cond=yes
ax_cv_check_cflags___Wextra=yes
ax_cv_check_cflags___Wformat_2=yes
ax_cv_check_cflags___Wjump_misses_init=yes
ax_cv_check_cflags___Wlogical_op=yes
ax_cv_check_cflags___Wmisleading_indentation=yes
ax_cv_check_cflags___Wmissing_prototypes=yes
ax_cv_check_cflags___Wnull_dereference=yes
ax_cv_check_cflags___Wrestrict=yes
ax_cv_check_cflags___Wshadow=yes
ax_cv_check_cflags___Wstrict_prototypes=yes
ax_cv_check_cflags___fexceptions=yes
ax_cv_check_cflags___fno_strict_aliasing=yes
ax_cv_check_cflags___pedantic=yes
ax_cv_check_cxxflags___Wall=yes
ax_cv_check_cxxflags___Wextra=yes
ax_cv_check_cxxflags___fexceptions=yes
ax_cv_check_cxxflags___fno_strict_aliasing=yes
ax_cv_check_ldflags___fno_strict_aliasing=yes
expatcfg_cv_compiler_supports_visibility=yes
lt_cv_ar_at_file=@
lt_cv_deplibs_check_method='file_magic ^x86 archive import|^x86 DLL'
lt_cv_file_magic_cmd=func_win32_libid
lt_cv_file_magic_test_file=
lt_cv_ld_reload_flag=-r
lt_cv_nm_interface='BSD nm'
lt_cv_objdir=.libs
lt_cv_path_LD=/home/cygwin/cegcc/bin/arm-mingw32ce-ld
lt_cv_path_LDCXX=/home/cygwin/cegcc/bin/arm-mingw32ce-ld
lt_cv_path_NM=/home/cygwin/cegcc/bin/arm-mingw32ce-nm
lt_cv_path_mainfest_tool=no
lt_cv_prog_compiler_c_o=yes
lt_cv_prog_compiler_c_o_CXX=yes
lt_cv_prog_compiler_pic='-DDLL_EXPORT -DPIC'
lt_cv_prog_compiler_pic_CXX='-DDLL_EXPORT -DPIC'
lt_cv_prog_compiler_pic_works=yes
lt_cv_prog_compiler_pic_works_CXX=yes
lt_cv_prog_compiler_rtti_exceptions=no
lt_cv_prog_compiler_static_works=yes
lt_cv_prog_compiler_static_works_CXX=yes
lt_cv_prog_gnu_ld=yes
lt_cv_prog_gnu_ldcxx=yes
lt_cv_sharedlib_from_linklib_cmd=func_cygming_dll_for_implib
lt_cv_sys_global_symbol_pipe='sed -n -e '\''s/^.*[	 ]\([ABCDGIRSTW][ABCDGIRSTW]*\)[	 ][	 ]*\([_A-Za-z][_A-Za-z0-9]*\)$/\1 \2 \2/p'\'' | sed '\''/ __gnu_lto/d'\'''
lt_cv_sys_global_symbol_to_c_name_address='sed -n -e '\''s/^: \(.*\) .*$/  {"\1", (void *) 0},/p'\'' -e '\''s/^[ABCDGIRSTW][ABCDGIRSTW]* .* \(.*\)$/  {"\1", (void *) \&\1},/p'\'''
lt_cv_sys_global_symbol_to_c_name_address_lib_prefix='sed -n -e '\''s/^: \(.*\) .*$/  {"\1", (void *) 0},/p'\'' -e '\''s/^[ABCDGIRSTW][ABCDGIRSTW]* .* \(lib.*\)$/  {"\1", (void *) \&\1},/p'\'' -e '\''s/^[ABCDGIRSTW][ABCDGIRSTW]* .* \(.*\)$/  {"lib\1", (void *) \&\1},/p'\'''
lt_cv_sys_global_symbol_to_cdecl='sed -n -e '\''s/^T .* \(.*\)$/extern int \1();/p'\'' -e '\''s/^[ABCDGIRSTW][ABCDGIRSTW]* .* \(.*\)$/extern char \1;/p'\'''
lt_cv_sys_global_symbol_to_import=
lt_cv_sys_max_cmd_len=8192
lt_cv_to_host_file_cmd=func_convert_file_cygwin_to_w32
lt_cv_to_tool_file_cmd=func_convert_file_noop
lt_cv_truncate_bin='/usr/bin/dd bs=4096 count=1'

## ----------------- ##
## Output variables. ##
## ----------------- ##

ACLOCAL='${SHELL} /home/cygwin/expat-2.2.9/conftools/missing aclocal-1.16'
AMDEPBACKSLASH='\'
AMDEP_FALSE='#'
AMDEP_TRUE=''
AMTAR='$${TAR-tar}'
AM_BACKSLASH='\'
AM_DEFAULT_V='$(AM_DEFAULT_VERBOSITY)'
AM_DEFAULT_VERBOSITY='1'
AM_V='$(V)'
AR='/home/cygwin/cegcc/bin/arm-mingw32ce-ar'
AS='/home/cygwin/cegcc/bin/arm-mingw32ce-as'
AUTOCONF='${SHELL} /home/cygwin/expat-2.2.9/conftools/missing autoconf'
AUTOHEADER='${SHELL} /home/cygwin/expat-2.2.9/conftools/missing autoheader'
AUTOMAKE='${SHELL} /home/cygwin/expat-2.2.9/conftools/missing automake-1.16'
AWK='gawk'
CC='/home/cygwin/cegcc/bin/arm-mingw32ce-gcc'
CCDEPMODE='depmode=gcc3'
CFLAGS='-g -O2 -Wall -Wextra -fexceptions -fno-strict-aliasing -Wmissing-prototypes -Wstrict-prototypes -pedantic -Wduplicated-cond -Wduplicated-branches -Wlogical-op -Wrestrict -Wnull-dereference -Wjump-misses-init -Wdouble-promotion -Wshadow -Wformat=2 -Wmisleading-indentation -fvisibility=hidden -DXML_ENABLE_VISIBILITY=1'
CPP='/home/cygwin/cegcc/bin/arm-mingw32ce-gcc -E'
CPPFLAGS='-DHAVE_EXPAT_CONFIG_H'
CXX='/home/cygwin/cegcc/bin/arm-mingw32ce-g++'
CXXCPP='/home/cygwin/cegcc/bin/arm-mingw32ce-g++ -E'
CXXDEPMODE='depmode=gcc3'
CXXFLAGS='-g -O2 -Wall -Wextra -fexceptions -fno-strict-aliasing'
CYGPATH_W='cygpath -w'
DEFS='-DHAVE_CONFIG_H'
DEPDIR='.deps'
DLLTOOL='/home/cygwin/cegcc/bin/arm-mingw32ce-dlltool'
DOCBOOK_TO_MAN=''
DSYMUTIL=''
DUMPBIN=''
ECHO_C=''
ECHO_N='-n'
ECHO_T=''
EGREP='/usr/bin/grep -E'
EXEEXT='.exe'
FGREP='/usr/bin/grep -F'
FILEMAP='readfilemap'
GREP='/usr/bin/grep'
INSTALL_DATA='${INSTALL} -m 644'
INSTALL_PROGRAM='${INSTALL}'
INSTALL_SCRIPT='${INSTALL}'
INSTALL_STRIP_PROGRAM='$(install_sh) -c -s'
LD='/home/cygwin/cegcc/bin/arm-mingw32ce-ld'
LDFLAGS=' -fno-strict-aliasing'
LIBAGE='6'
LIBCURRENT='7'
LIBOBJS=''
LIBREVISION='11'
LIBS=''
LIBTOOL='$(SHELL) $(top_builddir)/libtool'
LIPO=''
LN_S='ln -s'
LTLIBOBJS=''
LT_SYS_LIBRARY_PATH=''
MAKEINFO='${SHELL} /home/cygwin/expat-2.2.9/conftools/missing makeinfo'
MANIFEST_TOOL=':'
MINGW_FALSE='#'
MINGW_TRUE=''
MKDIR_P='/usr/bin/mkdir -p'
NM='/home/cygwin/cegcc/bin/arm-mingw32ce-nm'
NMEDIT=''
OBJDUMP='/home/cygwin/cegcc/bin/arm-mingw32ce-objdump'
OBJEXT='o'
OTOOL64=''
OTOOL=''
PACKAGE='expat'
PACKAGE_BUGREPORT='expat-bugs@libexpat.org'
PACKAGE_NAME='expat'
PACKAGE_STRING='expat 2.2.9'
PACKAGE_TARNAME='expat'
PACKAGE_URL=''
PACKAGE_VERSION='2.2.9'
PATH_SEPARATOR=':'
RANLIB='/home/cygwin/cegcc/bin/arm-mingw32ce-ranlib'
SED='/usr/bin/sed'
SET_MAKE=''
SHELL='/bin/sh'
STRIP='/home/cygwin/cegcc/bin/arm-mingw32ce-strip'
UNICODE_FALSE=''
UNICODE_TRUE='#'
VERSION='2.2.9'
WITH_DOCBOOK_FALSE=''
WITH_DOCBOOK_TRUE='#'
WITH_EXAMPLES_FALSE='#'
WITH_EXAMPLES_TRUE=''
WITH_TESTS_FALSE='#'
WITH_TESTS_TRUE=''
WITH_XMLWF_FALSE='#'
WITH_XMLWF_TRUE=''
ac_ct_AR=''
ac_ct_CC=''
ac_ct_CXX=''
ac_ct_DUMPBIN=''
am__EXEEXT_FALSE='#'
am__EXEEXT_TRUE=''
am__fastdepCC_FALSE='#'
am__fastdepCC_TRUE=''
am__fastdepCXX_FALSE='#'
am__fastdepCXX_TRUE=''
am__include='include'
am__isrc=''
am__leading_dot='.'
am__nodep='_no'
am__quote=''
am__tar='$${TAR-tar} chof - "$$tardir"'
am__untar='$${TAR-tar} xf -'
bindir='${exec_prefix}/bin'
build='i686-pc-cygwin'
build_alias=''
build_cpu='i686'
build_os='cygwin'
build_vendor='pc'
datadir='${datarootdir}'
datarootdir='${prefix}/share'
docdir='${datarootdir}/doc/${PACKAGE_TARNAME}'
dvidir='${docdir}'
exec_prefix='${prefix}'
host='arm-unknown-mingw32ce'
host_alias='arm-mingw32ce'
host_cpu='arm'
host_os='mingw32ce'
host_vendor='unknown'
htmldir='${docdir}'
includedir='${prefix}/include'
infodir='${datarootdir}/info'
install_sh='${SHELL} /home/cygwin/expat-2.2.9/conftools/install-sh'
libdir='${exec_prefix}/lib'
libexecdir='${exec_prefix}/libexec'
localedir='${datarootdir}/locale'
localstatedir='${prefix}/var'
mandir='${datarootdir}/man'
mkdir_p='$(MKDIR_P)'
oldincludedir='/usr/include'
pdfdir='${docdir}'
prefix='/home/cygwin/cegcc/arm-mingw32ce'
program_transform_name='s,x,x,'
psdir='${docdir}'
sbindir='${exec_prefix}/sbin'
sharedstatedir='${prefix}/com'
sysconfdir='${prefix}/etc'
target_alias=''

## ----------- ##
## confdefs.h. ##
## ----------- ##

/* confdefs.h */
#define PACKAGE_NAME "expat"
#define PACKAGE_TARNAME "expat"
#define PACKAGE_VERSION "2.2.9"
#define PACKAGE_STRING "expat 2.2.9"
#define PACKAGE_BUGREPORT "expat-bugs@libexpat.org"
#define PACKAGE_URL ""
#define PACKAGE "expat"
#define VERSION "2.2.9"
#define STDC_HEADERS 1
#define HAVE_SYS_TYPES_H 1
#define HAVE_SYS_STAT_H 1
#define HAVE_STDLIB_H 1
#define HAVE_STRING_H 1
#define HAVE_MEMORY_H 1
#define HAVE_STRINGS_H 1
#define HAVE_INTTYPES_H 1
#define HAVE_STDINT_H 1
#define HAVE_UNISTD_H 1
#define LT_OBJDIR ".libs/"
#define STDC_HEADERS 1
#define BYTEORDER 1234
#define HAVE_FCNTL_H 1
#define HAVE_UNISTD_H 1
#define HAVE_STDLIB_H 1
#define HAVE_UNISTD_H 1
#define HAVE_SYS_PARAM_H 1
#define XML_NS 1
#define XML_DTD 1
#define XML_DEV_URANDOM 1
#define XML_CONTEXT_BYTES 1024

configure: exit 0
