This file contains any messages produced by compilers while
running configure, to aid debugging if configure makes a mistake.

It was created by libpng configure 1.2.33, which was
generated by GNU Autoconf 2.62.  Invocation command line was

  $ ./configure --prefix=/home/cygwin/cegcc/arm-mingw32ce --host=arm-mingw32ce --disable-shared

## --------- ##
## Platform. ##
## --------- ##

hostname = LAPTOP-QM9QS4IM
uname -m = i686
uname -r = 3.3.5-341.i686
uname -s = CYGWIN_NT-10.0-22000-WOW64
uname -v = 2022-05-13 12:23 UTC

/usr/bin/uname -p = unknown
/bin/uname -X     = unknown

/bin/arch              = i686
/usr/bin/arch -k       = unknown
/usr/convex/getsysinfo = unknown
/usr/bin/hostinfo      = unknown
/bin/machine           = unknown
/usr/bin/oslevel       = unknown
/bin/universe          = unknown

PATH: /usr/local/bin
PATH: /usr/bin
PATH: /cygdrive/c/WINDOWS/system32
PATH: /cygdrive/c/WINDOWS
PATH: /cygdrive/c/WINDOWS/System32/Wbem
PATH: /cygdrive/c/WINDOWS/System32/WindowsPowerShell/v1.0
PATH: /cygdrive/c/WINDOWS/System32/OpenSSH
PATH: /cygdrive/c/Program Files/Git/cmd
PATH: /cygdrive/c/Program Files/usbipd-win
PATH: /cygdrive/c/Users/admin/AppData/Local/Microsoft/WindowsApps
PATH: /cygdrive/c/Users/admin/AppData/Local/Programs/Microsoft VS Code/bin


## ----------- ##
## Core tests. ##
## ----------- ##

configure:2101: checking for a BSD-compatible install
configure:2169: result: /usr/bin/install -c
configure:2180: checking whether build environment is sane
configure:2223: result: yes
configure:2248: checking for a thread-safe mkdir -p
configure:2287: result: /usr/bin/mkdir -p
configure:2300: checking for gawk
configure:2316: found /usr/bin/gawk
configure:2327: result: gawk
configure:2338: checking whether make sets $(MAKE)
configure:2360: result: yes
configure:2440: checking for arm-mingw32ce-strip
configure:2467: result: /home/cygwin/cegcc/bin/arm-mingw32ce-strip
configure:2548: checking whether to enable maintainer-specific portions of Makefiles
configure:2557: result: no
configure:2590: checking for arm-mingw32ce-gcc
configure:2617: result: /home/cygwin/cegcc/bin/arm-mingw32ce-gcc
configure:2895: checking for C compiler version
configure:2903: /home/cygwin/cegcc/bin/arm-mingw32ce-gcc --version >&5
arm-mingw32ce-gcc (GCC) 9.3.0
Copyright (C) 2019 Free Software Foundation, Inc.
This is free software; see the source for copying conditions.  There is NO
warranty; not even for MERCHANTABILITY or FITNESS FOR A PARTICULAR PURPOSE.

configure:2907: $? = 0
configure:2914: /home/cygwin/cegcc/bin/arm-mingw32ce-gcc -v >&5
Using built-in specs.
COLLECT_GCC=/home/cygwin/cegcc/bin/arm-mingw32ce-gcc
COLLECT_LTO_WRAPPER=/home/cygwin/cegcc/bin/../libexec/gcc/arm-mingw32ce/9.3.0/lto-wrapper.exe
Target: arm-mingw32ce
Configured with: /home/cygwin/cegcc-build/gcc/configure --prefix=/opt/cegcc --build=i686-pc-cygwin --with-gcc --with-gnu-ld --with-gnu-as --enable-threads=win32 --disable-nls --enable-languages=c,c++ --disable-win32-registry --disable-multilib --disable-interwork --without-newlib --enable-checking --with-headers --disable-__cxa_atexit --with-libiconv-prefix=/usr/local --host=i686-pc-cygwin --target=arm-mingw32ce
Thread model: win32
gcc version 9.3.0 (GCC) 
configure:2918: $? = 0
configure:2925: /home/cygwin/cegcc/bin/arm-mingw32ce-gcc -V >&5
arm-mingw32ce-gcc: error: unrecognized command line option '-V'
arm-mingw32ce-gcc: fatal error: no input files
compilation terminated.
configure:2929: $? = 1
configure:2952: checking for C compiler default output file name
configure:2974: /home/cygwin/cegcc/bin/arm-mingw32ce-gcc    conftest.c  >&5
configure:2978: $? = 0
configure:3016: result: a.exe
configure:3033: checking whether the C compiler works
configure:3043: ./a.exe
./configure: line 3045: ./a.exe: cannot execute binary file: Exec format error
configure:3047: $? = 126
configure:3064: result: yes
configure:3071: checking whether we are cross compiling
configure:3073: result: yes
configure:3076: checking for suffix of executables
configure:3083: /home/cygwin/cegcc/bin/arm-mingw32ce-gcc -o conftest.exe    conftest.c  >&5
configure:3087: $? = 0
configure:3111: result: .exe
configure:3117: checking for suffix of object files
configure:3143: /home/cygwin/cegcc/bin/arm-mingw32ce-gcc -c   conftest.c >&5
configure:3147: $? = 0
configure:3170: result: o
configure:3174: checking whether we are using the GNU C compiler
configure:3203: /home/cygwin/cegcc/bin/arm-mingw32ce-gcc -c   conftest.c >&5
configure:3210: $? = 0
configure:3227: result: yes
configure:3236: checking whether /home/cygwin/cegcc/bin/arm-mingw32ce-gcc accepts -g
configure:3266: /home/cygwin/cegcc/bin/arm-mingw32ce-gcc -c -g  conftest.c >&5
configure:3273: $? = 0
configure:3374: result: yes
configure:3391: checking for /home/cygwin/cegcc/bin/arm-mingw32ce-gcc option to accept ISO C89
configure:3465: /home/cygwin/cegcc/bin/arm-mingw32ce-gcc  -c -g -O2  conftest.c >&5
configure:3472: $? = 0
configure:3495: result: none needed
configure:3524: checking for style of include used by make
configure:3552: result: GNU
configure:3577: checking dependency style of /home/cygwin/cegcc/bin/arm-mingw32ce-gcc
configure:3668: result: gcc3
configure:3689: checking build system type
configure:3707: result: i686-pc-cygwin
configure:3729: checking host system type
configure:3744: result: arm-unknown-mingw32ce
configure:3766: checking for a sed that does not truncate output
configure:3832: result: /usr/bin/sed
configure:3850: checking for grep that handles long lines and -e
configure:3910: result: /usr/bin/grep
configure:3915: checking for egrep
configure:3979: result: /usr/bin/grep -E
configure:3984: checking for fgrep
configure:4048: result: /usr/bin/grep -F
configure:4083: checking for ld used by /home/cygwin/cegcc/bin/arm-mingw32ce-gcc
configure:4150: result: /home/cygwin/cegcc/bin/arm-mingw32ce-ld
configure:4159: checking if the linker (/home/cygwin/cegcc/bin/arm-mingw32ce-ld) is GNU ld
configure:4174: result: yes
configure:4191: checking how to run the C preprocessor
configure:4231: /home/cygwin/cegcc/bin/arm-mingw32ce-gcc -E  conftest.c
configure:4238: $? = 0
configure:4269: /home/cygwin/cegcc/bin/arm-mingw32ce-gcc -E  conftest.c
conftest.c:10:10: fatal error: ac_nonexistent.h: No such file or directory
   10 | #include <ac_nonexistent.h>
      |          ^~~~~~~~~~~~~~~~~~
compilation terminated.
configure:4276: $? = 1
configure: failed program was:
| /* confdefs.h.  */
| #define PACKAGE_NAME "libpng"
| #define PACKAGE_TARNAME "libpng"
| #define PACKAGE_VERSION "1.2.33"
| #define PACKAGE_STRING "libpng 1.2.33"
| #define PACKAGE_BUGREPORT "png-mng-implement@lists.sourceforge.net"
| #define PACKAGE "libpng"
| #define VERSION "1.2.33"
| /* end confdefs.h.  */
| #include <ac_nonexistent.h>
configure:4309: result: /home/cygwin/cegcc/bin/arm-mingw32ce-gcc -E
configure:4338: /home/cygwin/cegcc/bin/arm-mingw32ce-gcc -E  conftest.c
configure:4345: $? = 0
configure:4376: /home/cygwin/cegcc/bin/arm-mingw32ce-gcc -E  conftest.c
conftest.c:10:10: fatal error: ac_nonexistent.h: No such file or directory
   10 | #include <ac_nonexistent.h>
      |          ^~~~~~~~~~~~~~~~~~
compilation terminated.
configure:4383: $? = 1
configure: failed program was:
| /* confdefs.h.  */
| #define PACKAGE_NAME "libpng"
| #define PACKAGE_TARNAME "libpng"
| #define PACKAGE_VERSION "1.2.33"
| #define PACKAGE_STRING "libpng 1.2.33"
| #define PACKAGE_BUGREPORT "png-mng-implement@lists.sourceforge.net"
| #define PACKAGE "libpng"
| #define VERSION "1.2.33"
| /* end confdefs.h.  */
| #include <ac_nonexistent.h>
configure:4423: checking for arm-mingw32ce-sed
configure:4450: result: /usr/bin/sed
configure:4523: checking for arm-mingw32ce-as
configure:4550: result: /home/cygwin/cegcc/bin/arm-mingw32ce-as
configure:4619: checking for arm-mingw32ce-dlltool
configure:4646: result: /home/cygwin/cegcc/bin/arm-mingw32ce-dlltool
configure:4715: checking for arm-mingw32ce-objdump
configure:4742: result: /home/cygwin/cegcc/bin/arm-mingw32ce-objdump
configure:4845: checking for a BSD-compatible install
configure:4913: result: /usr/bin/install -c
configure:4924: checking whether ln -s works
configure:4928: result: yes
configure:4935: checking whether make sets $(MAKE)
configure:4957: result: yes
configure:4991: checking for BSD- or MS-compatible name lister (nm)
configure:5040: result: /home/cygwin/cegcc/bin/arm-mingw32ce-nm
configure:5162: checking the name lister (/home/cygwin/cegcc/bin/arm-mingw32ce-nm) interface
configure:5159: /home/cygwin/cegcc/bin/arm-mingw32ce-gcc -c -g -O2  conftest.c >&5
configure:5162: /home/cygwin/cegcc/bin/arm-mingw32ce-nm "conftest.o"
configure:5165: output
00000000 b .bss
00000000 d .data
00000000 N .debug_abbrev
00000000 N .debug_aranges
00000000 N .debug_info
00000000 N .debug_line
00000000 t .text
00000000 B some_variable
configure:5182: result: BSD nm
configure:5186: checking the maximum length of command line arguments
configure:5306: result: 8192
configure:5323: checking whether the shell understands some XSI constructs
configure:5333: result: yes
configure:5337: checking whether the shell understands "+="
configure:5343: result: yes
configure:5378: checking for /home/cygwin/cegcc/bin/arm-mingw32ce-ld option to reload object files
configure:5385: result: -r
configure:5412: checking how to recognize dependent libraries
configure:5602: result: file_magic ^x86 archive import|^x86 DLL
configure:5622: checking for arm-mingw32ce-ar
configure:5649: result: /home/cygwin/cegcc/bin/arm-mingw32ce-ar
configure:5731: checking for arm-mingw32ce-strip
configure:5758: result: /home/cygwin/cegcc/bin/arm-mingw32ce-strip
configure:5834: checking for arm-mingw32ce-ranlib
configure:5861: result: /home/cygwin/cegcc/bin/arm-mingw32ce-ranlib
configure:5995: checking command to parse /home/cygwin/cegcc/bin/arm-mingw32ce-nm output from /home/cygwin/cegcc/bin/arm-mingw32ce-gcc object
configure:6113: /home/cygwin/cegcc/bin/arm-mingw32ce-gcc -c -g -O2  conftest.c >&5
configure:6116: $? = 0
configure:6120: /home/cygwin/cegcc/bin/arm-mingw32ce-nm conftest.o \| sed -n -e 's/^.*[	 ]\([ABCDGIRSTW][ABCDGIRSTW]*\)[	 ][	 ]*\([_A-Za-z][_A-Za-z0-9]*\)$/\1 \2 \2/p' \> conftest.nm
configure:6123: $? = 0
configure:6177: /home/cygwin/cegcc/bin/arm-mingw32ce-gcc -o conftest.exe -g -O2   conftest.c conftstm.o >&5
configure:6180: $? = 0
configure:6218: result: ok
configure:6899: checking for ANSI C header files
configure:6929: /home/cygwin/cegcc/bin/arm-mingw32ce-gcc -c -g -O2  conftest.c >&5
configure:6936: $? = 0
configure:7067: result: yes
configure:7091: checking for sys/types.h
configure:7112: /home/cygwin/cegcc/bin/arm-mingw32ce-gcc -c -g -O2  conftest.c >&5
configure:7119: $? = 0
configure:7136: result: yes
configure:7091: checking for sys/stat.h
configure:7112: /home/cygwin/cegcc/bin/arm-mingw32ce-gcc -c -g -O2  conftest.c >&5
configure:7119: $? = 0
configure:7136: result: yes
configure:7091: checking for stdlib.h
configure:7112: /home/cygwin/cegcc/bin/arm-mingw32ce-gcc -c -g -O2  conftest.c >&5
configure:7119: $? = 0
configure:7136: result: yes
configure:7091: checking for string.h
configure:7112: /home/cygwin/cegcc/bin/arm-mingw32ce-gcc -c -g -O2  conftest.c >&5
configure:7119: $? = 0
configure:7136: result: yes
configure:7091: checking for memory.h
configure:7112: /home/cygwin/cegcc/bin/arm-mingw32ce-gcc -c -g -O2  conftest.c >&5
configure:7119: $? = 0
configure:7136: result: yes
configure:7091: checking for strings.h
configure:7112: /home/cygwin/cegcc/bin/arm-mingw32ce-gcc -c -g -O2  conftest.c >&5
configure:7119: $? = 0
configure:7136: result: yes
configure:7091: checking for inttypes.h
configure:7112: /home/cygwin/cegcc/bin/arm-mingw32ce-gcc -c -g -O2  conftest.c >&5
configure:7119: $? = 0
configure:7136: result: yes
configure:7091: checking for stdint.h
configure:7112: /home/cygwin/cegcc/bin/arm-mingw32ce-gcc -c -g -O2  conftest.c >&5
configure:7119: $? = 0
configure:7136: result: yes
configure:7091: checking for unistd.h
configure:7112: /home/cygwin/cegcc/bin/arm-mingw32ce-gcc -c -g -O2  conftest.c >&5
configure:7119: $? = 0
configure:7136: result: yes
configure:7153: checking for dlfcn.h
configure:7174: /home/cygwin/cegcc/bin/arm-mingw32ce-gcc -c -g -O2  conftest.c >&5
conftest.c:54:10: fatal error: dlfcn.h: No such file or directory
   54 | #include <dlfcn.h>
      |          ^~~~~~~~~
compilation terminated.
configure:7181: $? = 1
configure: failed program was:
| /* confdefs.h.  */
| #define PACKAGE_NAME "libpng"
| #define PACKAGE_TARNAME "libpng"
| #define PACKAGE_VERSION "1.2.33"
| #define PACKAGE_STRING "libpng 1.2.33"
| #define PACKAGE_BUGREPORT "png-mng-implement@lists.sourceforge.net"
| #define PACKAGE "libpng"
| #define VERSION "1.2.33"
| #define STDC_HEADERS 1
| #define HAVE_SYS_TYPES_H 1
| #define HAVE_SYS_STAT_H 1
| #define HAVE_STDLIB_H 1
| #define HAVE_STRING_H 1
| #define HAVE_MEMORY_H 1
| #define HAVE_STRINGS_H 1
| #define HAVE_INTTYPES_H 1
| #define HAVE_STDINT_H 1
| #define HAVE_UNISTD_H 1
| /* end confdefs.h.  */
| #include <stdio.h>
| #ifdef HAVE_SYS_TYPES_H
| # include <sys/types.h>
| #endif
| #ifdef HAVE_SYS_STAT_H
| # include <sys/stat.h>
| #endif
| #ifdef STDC_HEADERS
| # include <stdlib.h>
| # include <stddef.h>
| #else
| # ifdef HAVE_STDLIB_H
| #  include <stdlib.h>
| # endif
| #endif
| #ifdef HAVE_STRING_H
| # if !defined STDC_HEADERS && defined HAVE_MEMORY_H
| #  include <memory.h>
| # endif
| # include <string.h>
| #endif
| #ifdef HAVE_STRINGS_H
| # include <strings.h>
| #endif
| #ifdef HAVE_INTTYPES_H
| # include <inttypes.h>
| #endif
| #ifdef HAVE_STDINT_H
| # include <stdint.h>
| #endif
| #ifdef HAVE_UNISTD_H
| # include <unistd.h>
| #endif
| 
| #include <dlfcn.h>
configure:7198: result: no
configure:7381: checking for objdir
configure:7396: result: .libs
configure:7688: checking if /home/cygwin/cegcc/bin/arm-mingw32ce-gcc supports -fno-rtti -fno-exceptions
configure:7696: /home/cygwin/cegcc/bin/arm-mingw32ce-gcc -c -g -O2  -fno-rtti -fno-exceptions conftest.c >&5
cc1: warning: command line option '-fno-rtti' is valid for C++/D/ObjC++ but not for C
configure:7700: $? = 0
configure:7723: result: no
configure:7743: checking for /home/cygwin/cegcc/bin/arm-mingw32ce-gcc option to produce PIC
configure:8000: result: -DDLL_EXPORT -DPIC
configure:8012: checking if /home/cygwin/cegcc/bin/arm-mingw32ce-gcc PIC flag -DDLL_EXPORT -DPIC works
configure:8020: /home/cygwin/cegcc/bin/arm-mingw32ce-gcc -c -g -O2  -DDLL_EXPORT -DPIC -DPIC conftest.c >&5
configure:8024: $? = 0
configure:8047: result: yes
configure:8071: checking if /home/cygwin/cegcc/bin/arm-mingw32ce-gcc static flag -static works
configure:8099: result: yes
configure:8114: checking if /home/cygwin/cegcc/bin/arm-mingw32ce-gcc supports -c -o file.o
configure:8125: /home/cygwin/cegcc/bin/arm-mingw32ce-gcc -c -g -O2  -o out/conftest2.o conftest.c >&5
configure:8129: $? = 0
configure:8161: result: yes
configure:8169: checking if /home/cygwin/cegcc/bin/arm-mingw32ce-gcc supports -c -o file.o
configure:8216: result: yes
configure:8249: checking whether the /home/cygwin/cegcc/bin/arm-mingw32ce-gcc linker (/home/cygwin/cegcc/bin/arm-mingw32ce-ld) supports shared libraries
configure:9315: result: yes
configure:9554: checking dynamic linker characteristics
configure:10237: result: Win32 ld.exe
configure:10339: checking how to hardcode library paths into programs
configure:10364: result: immediate
configure:11205: checking whether stripping libraries is possible
configure:11210: result: yes
configure:11245: checking if libtool supports shared libraries
configure:11247: result: yes
configure:11250: checking whether to build shared libraries
configure:11271: result: no
configure:11274: checking whether to build static libraries
configure:11278: result: yes
configure:11315: checking for ANSI C header files
configure:11483: result: yes
configure:11512: checking malloc.h usability
configure:11529: /home/cygwin/cegcc/bin/arm-mingw32ce-gcc -c -g -O2  conftest.c >&5
configure:11536: $? = 0
configure:11550: result: yes
configure:11554: checking malloc.h presence
configure:11569: /home/cygwin/cegcc/bin/arm-mingw32ce-gcc -E  conftest.c
configure:11576: $? = 0
configure:11590: result: yes
configure:11623: checking for malloc.h
configure:11632: result: yes
configure:11501: checking for stdlib.h
configure:11508: result: yes
configure:11501: checking for string.h
configure:11508: result: yes
configure:11501: checking for strings.h
configure:11508: result: yes
configure:11648: checking for an ANSI C-conforming const
configure:11723: /home/cygwin/cegcc/bin/arm-mingw32ce-gcc -c -g -O2  conftest.c >&5
configure:11730: $? = 0
configure:11745: result: yes
configure:11755: checking for size_t
configure:11783: /home/cygwin/cegcc/bin/arm-mingw32ce-gcc -c -g -O2  conftest.c >&5
configure:11790: $? = 0
configure:11817: /home/cygwin/cegcc/bin/arm-mingw32ce-gcc -c -g -O2  conftest.c >&5
conftest.c: In function 'main':
conftest.c:62:21: error: expected expression before ')' token
   62 | if (sizeof ((size_t)))
      |                     ^
configure:11824: $? = 1
configure: failed program was:
| /* confdefs.h.  */
| #define PACKAGE_NAME "libpng"
| #define PACKAGE_TARNAME "libpng"
| #define PACKAGE_VERSION "1.2.33"
| #define PACKAGE_STRING "libpng 1.2.33"
| #define PACKAGE_BUGREPORT "png-mng-implement@lists.sourceforge.net"
| #define PACKAGE "libpng"
| #define VERSION "1.2.33"
| #define STDC_HEADERS 1
| #define HAVE_SYS_TYPES_H 1
| #define HAVE_SYS_STAT_H 1
| #define HAVE_STDLIB_H 1
| #define HAVE_STRING_H 1
| #define HAVE_MEMORY_H 1
| #define HAVE_STRINGS_H 1
| #define HAVE_INTTYPES_H 1
| #define HAVE_STDINT_H 1
| #define HAVE_UNISTD_H 1
| #define LT_OBJDIR ".libs/"
| #define STDC_HEADERS 1
| #define HAVE_MALLOC_H 1
| #define HAVE_STDLIB_H 1
| #define HAVE_STRING_H 1
| #define HAVE_STRINGS_H 1
| /* end confdefs.h.  */
| #include <stdio.h>
| #ifdef HAVE_SYS_TYPES_H
| # include <sys/types.h>
| #endif
| #ifdef HAVE_SYS_STAT_H
| # include <sys/stat.h>
| #endif
| #ifdef STDC_HEADERS
| # include <stdlib.h>
| # include <stddef.h>
| #else
| # ifdef HAVE_STDLIB_H
| #  include <stdlib.h>
| # endif
| #endif
| #ifdef HAVE_STRING_H
| # if !defined STDC_HEADERS && defined HAVE_MEMORY_H
| #  include <memory.h>
| # endif
| # include <string.h>
| #endif
| #ifdef HAVE_STRINGS_H
| # include <strings.h>
| #endif
| #ifdef HAVE_INTTYPES_H
| # include <inttypes.h>
| #endif
| #ifdef HAVE_STDINT_H
| # include <stdint.h>
| #endif
| #ifdef HAVE_UNISTD_H
| # include <unistd.h>
| #endif
| int
| main ()
| {
| if (sizeof ((size_t)))
| 	  return 0;
|   ;
|   return 0;
| }
configure:11847: result: yes
configure:11859: checking whether struct tm is in sys/time.h or time.h
configure:11889: /home/cygwin/cegcc/bin/arm-mingw32ce-gcc -c -g -O2  conftest.c >&5
configure:11896: $? = 0
configure:11911: result: time.h
configure:11923: checking for working strtod
configure:12005: result: no
configure:12014: checking for pow
configure:12070: /home/cygwin/cegcc/bin/arm-mingw32ce-gcc -o conftest.exe -g -O2   conftest.c  >&5
conftest.c:49:6: warning: conflicting types for built-in function 'pow'; expected 'double(double,  double)' [-Wbuiltin-declaration-mismatch]
   49 | char pow ();
      |      ^~~
conftest.c:37:1: note: 'pow' is declared in header '<math.h>'
   36 | # include <limits.h>
   37 | #else
configure:12077: $? = 0
configure:12097: result: yes
configure:12181: checking for memset
configure:12237: /home/cygwin/cegcc/bin/arm-mingw32ce-gcc -o conftest.exe -g -O2   conftest.c  >&5
conftest.c:49:6: warning: conflicting types for built-in function 'memset'; expected 'void *(void *, int,  unsigned int)' [-Wbuiltin-declaration-mismatch]
   49 | char memset ();
      |      ^~~~~~
conftest.c:37:1: note: 'memset' is declared in header '<string.h>'
   36 | # include <limits.h>
   37 | #else
configure:12244: $? = 0
configure:12266: result: yes
configure:12285: checking for pow
configure:12370: result: yes
configure:12462: checking for zlibVersion in -lz
configure:12497: /home/cygwin/cegcc/bin/arm-mingw32ce-gcc -o conftest.exe -g -O2   conftest.c -lz   >&5
configure:12504: $? = 0
configure:12525: result: yes
configure:12542: checking if assembler code in pnggccrd.c can be compiled without PNG_NO_MMX_CODE
configure:12565: /home/cygwin/cegcc/bin/arm-mingw32ce-gcc -c -g -O2  conftest.c >&5
configure:12572: $? = 0
configure:12577: result: yes
configure:12594: checking if libraries can be versioned
configure:12599: result: yes
configure:12618: checking for symbol prefix
configure:12625: result: 
configure:12647: pkgconfig directory is ${libdir}/pkgconfig
configure:12821: creating ./config.status

## ---------------------- ##
## Running config.status. ##
## ---------------------- ##

This file was extended by libpng config.status 1.2.33, which was
generated by GNU Autoconf 2.62.  Invocation command line was

  CONFIG_FILES    = 
  CONFIG_HEADERS  = 
  CONFIG_LINKS    = 
  CONFIG_COMMANDS = 
  $ ./config.status 

on LAPTOP-QM9QS4IM

config.status:1019: creating Makefile
config.status:1019: creating libpng.pc
config.status:1019: creating libpng-config
config.status:1019: creating config.h
config.status:1293: executing depfiles commands
config.status:1293: executing libtool commands

## ---------------- ##
## Cache variables. ##
## ---------------- ##

ac_cv_build=i686-pc-cygwin
ac_cv_c_compiler_gnu=yes
ac_cv_c_const=yes
ac_cv_env_CC_set=set
ac_cv_env_CC_value=/home/cygwin/cegcc/bin/arm-mingw32ce-gcc
ac_cv_env_CFLAGS_set=
ac_cv_env_CFLAGS_value=
ac_cv_env_CPPFLAGS_set=
ac_cv_env_CPPFLAGS_value=
ac_cv_env_CPP_set=
ac_cv_env_CPP_value=
ac_cv_env_LDFLAGS_set=
ac_cv_env_LDFLAGS_value=
ac_cv_env_LIBS_set=
ac_cv_env_LIBS_value=
ac_cv_env_build_alias_set=
ac_cv_env_build_alias_value=
ac_cv_env_host_alias_set=set
ac_cv_env_host_alias_value=arm-mingw32ce
ac_cv_env_target_alias_set=
ac_cv_env_target_alias_value=
ac_cv_exeext=.exe
ac_cv_func_memset=yes
ac_cv_func_pow=yes
ac_cv_func_strtod=no
ac_cv_header_dlfcn_h=no
ac_cv_header_inttypes_h=yes
ac_cv_header_malloc_h=yes
ac_cv_header_memory_h=yes
ac_cv_header_stdc=yes
ac_cv_header_stdint_h=yes
ac_cv_header_stdlib_h=yes
ac_cv_header_string_h=yes
ac_cv_header_strings_h=yes
ac_cv_header_sys_stat_h=yes
ac_cv_header_sys_types_h=yes
ac_cv_header_unistd_h=yes
ac_cv_host=arm-unknown-mingw32ce
ac_cv_lib_z_zlibVersion=yes
ac_cv_objext=o
ac_cv_path_EGREP='/usr/bin/grep -E'
ac_cv_path_FGREP='/usr/bin/grep -F'
ac_cv_path_GREP=/usr/bin/grep
ac_cv_path_SED=/usr/bin/sed
ac_cv_path_install='/usr/bin/install -c'
ac_cv_path_mkdir=/usr/bin/mkdir
ac_cv_prog_AR=/home/cygwin/cegcc/bin/arm-mingw32ce-ar
ac_cv_prog_AS=/home/cygwin/cegcc/bin/arm-mingw32ce-as
ac_cv_prog_AWK=gawk
ac_cv_prog_CC=/home/cygwin/cegcc/bin/arm-mingw32ce-gcc
ac_cv_prog_CPP='/home/cygwin/cegcc/bin/arm-mingw32ce-gcc -E'
ac_cv_prog_DLLTOOL=/home/cygwin/cegcc/bin/arm-mingw32ce-dlltool
ac_cv_prog_OBJDUMP=/home/cygwin/cegcc/bin/arm-mingw32ce-objdump
ac_cv_prog_RANLIB=/home/cygwin/cegcc/bin/arm-mingw32ce-ranlib
ac_cv_prog_SED=/usr/bin/sed
ac_cv_prog_STRIP=/home/cygwin/cegcc/bin/arm-mingw32ce-strip
ac_cv_prog_cc_c89=
ac_cv_prog_cc_g=yes
ac_cv_prog_make_make_set=yes
ac_cv_struct_tm=time.h
ac_cv_type_size_t=yes
am_cv_CC_dependencies_compiler_type=gcc3
lt_cv_deplibs_check_method='file_magic ^x86 archive import|^x86 DLL'
lt_cv_file_magic_cmd=func_win32_libid
lt_cv_file_magic_test_file=
lt_cv_ld_reload_flag=-r
lt_cv_nm_interface='BSD nm'
lt_cv_objdir=.libs
lt_cv_path_LD=/home/cygwin/cegcc/bin/arm-mingw32ce-ld
lt_cv_path_NM=/home/cygwin/cegcc/bin/arm-mingw32ce-nm
lt_cv_prog_compiler_c_o=yes
lt_cv_prog_compiler_pic_works=yes
lt_cv_prog_compiler_rtti_exceptions=no
lt_cv_prog_compiler_static_works=yes
lt_cv_prog_gnu_ld=yes
lt_cv_sys_global_symbol_pipe='sed -n -e '\''s/^.*[	 ]\([ABCDGIRSTW][ABCDGIRSTW]*\)[	 ][	 ]*\([_A-Za-z][_A-Za-z0-9]*\)$/\1 \2 \2/p'\'''
lt_cv_sys_global_symbol_to_c_name_address='sed -n -e '\''s/^: \([^ ]*\) $/  {\"\1\", (void *) 0},/p'\'' -e '\''s/^[ABCDGIRSTW]* \([^ ]*\) \([^ ]*\)$/  {"\2", (void *) \&\2},/p'\'''
lt_cv_sys_global_symbol_to_c_name_address_lib_prefix='sed -n -e '\''s/^: \([^ ]*\) $/  {\"\1\", (void *) 0},/p'\'' -e '\''s/^[ABCDGIRSTW]* \([^ ]*\) \(lib[^ ]*\)$/  {"\2", (void *) \&\2},/p'\'' -e '\''s/^[ABCDGIRSTW]* \([^ ]*\) \([^ ]*\)$/  {"lib\2", (void *) \&\2},/p'\'''
lt_cv_sys_global_symbol_to_cdecl='sed -n -e '\''s/^T .* \(.*\)$/extern int \1();/p'\'' -e '\''s/^[ABCDGIRSTW]* .* \(.*\)$/extern char \1;/p'\'''
lt_cv_sys_max_cmd_len=8192

## ----------------- ##
## Output variables. ##
## ----------------- ##

ACLOCAL='${SHELL} /home/cygwin/libpng-1.2.33/src/libpng-1.2.33/missing --run aclocal-1.10'
AMDEPBACKSLASH='\'
AMDEP_FALSE='#'
AMDEP_TRUE=''
AMTAR='${SHELL} /home/cygwin/libpng-1.2.33/src/libpng-1.2.33/missing --run tar'
AR='/home/cygwin/cegcc/bin/arm-mingw32ce-ar'
AS='/home/cygwin/cegcc/bin/arm-mingw32ce-as'
AUTOCONF='${SHELL} /home/cygwin/libpng-1.2.33/src/libpng-1.2.33/missing --run autoconf'
AUTOHEADER='${SHELL} /home/cygwin/libpng-1.2.33/src/libpng-1.2.33/missing --run autoheader'
AUTOMAKE='${SHELL} /home/cygwin/libpng-1.2.33/src/libpng-1.2.33/missing --run automake-1.10'
AWK='gawk'
CC='/home/cygwin/cegcc/bin/arm-mingw32ce-gcc'
CCDEPMODE='depmode=gcc3'
CFLAGS='-g -O2'
CPP='/home/cygwin/cegcc/bin/arm-mingw32ce-gcc -E'
CPPFLAGS=''
CYGPATH_W='cygpath -w'
DEFS='-DHAVE_CONFIG_H'
DEPDIR='.deps'
DLLTOOL='/home/cygwin/cegcc/bin/arm-mingw32ce-dlltool'
DSYMUTIL=''
DUMPBIN=''
ECHO_C=''
ECHO_N='-n'
ECHO_T=''
EGREP='/usr/bin/grep -E'
EXEEXT='.exe'
FGREP='/usr/bin/grep -F'
GREP='/usr/bin/grep'
HAVE_LD_VERSION_SCRIPT_FALSE='#'
HAVE_LD_VERSION_SCRIPT_TRUE=''
INSTALL_DATA='${INSTALL} -m 644'
INSTALL_PROGRAM='${INSTALL}'
INSTALL_SCRIPT='${INSTALL}'
INSTALL_STRIP_PROGRAM='$(install_sh) -c -s'
LD='/home/cygwin/cegcc/bin/arm-mingw32ce-ld'
LDFLAGS=''
LIBOBJS=' ${LIBOBJDIR}strtod$U.o'
LIBPNG_DEFINES='-DPNG_CONFIGURE_LIBPNG '
LIBPNG_NO_MMX=''
LIBS='-lz '
LIBTOOL='$(SHELL) $(top_builddir)/libtool'
LIPO=''
LN_S='ln -s'
LTLIBOBJS=' ${LIBOBJDIR}strtod$U.lo'
MAINT='#'
MAINTAINER_MODE_FALSE=''
MAINTAINER_MODE_TRUE='#'
MAKEINFO='${SHELL} /home/cygwin/libpng-1.2.33/src/libpng-1.2.33/missing --run makeinfo'
MKDIR_P='/usr/bin/mkdir -p'
NM='/home/cygwin/cegcc/bin/arm-mingw32ce-nm'
NMEDIT=''
OBJDUMP='/home/cygwin/cegcc/bin/arm-mingw32ce-objdump'
OBJEXT='o'
PACKAGE='libpng'
PACKAGE_BUGREPORT='png-mng-implement@lists.sourceforge.net'
PACKAGE_NAME='libpng'
PACKAGE_STRING='libpng 1.2.33'
PACKAGE_TARNAME='libpng'
PACKAGE_VERSION='1.2.33'
PATH_SEPARATOR=':'
PNGLIB_MAJOR='1'
PNGLIB_MINOR='2'
PNGLIB_RELEASE='33'
PNGLIB_VERSION='1.2.33'
POW_LIB=''
RANLIB='/home/cygwin/cegcc/bin/arm-mingw32ce-ranlib'
SED='/usr/bin/sed'
SET_MAKE=''
SHELL='/bin/sh'
STRIP='/home/cygwin/cegcc/bin/arm-mingw32ce-strip'
SYMBOL_PREFIX=''
VERSION='1.2.33'
ac_ct_CC=''
ac_ct_DUMPBIN=''
am__fastdepCC_FALSE='#'
am__fastdepCC_TRUE=''
am__include='include'
am__isrc=''
am__leading_dot='.'
am__quote=''
am__tar='${AMTAR} chof - "$$tardir"'
am__untar='${AMTAR} xf -'
binconfigs='${binconfigs}'
bindir='${exec_prefix}/bin'
build='i686-pc-cygwin'
build_alias=''
build_cpu='i686'
build_os='cygwin'
build_vendor='pc'
compatlib='libpng.la'
datadir='${datarootdir}'
datarootdir='${prefix}/share'
docdir='${datarootdir}/doc/${PACKAGE_TARNAME}'
dvidir='${docdir}'
exec_prefix='${prefix}'
host='arm-unknown-mingw32ce'
host_alias='arm-mingw32ce'
host_cpu='arm'
host_os='mingw32ce'
host_vendor='unknown'
htmldir='${docdir}'
includedir='${prefix}/include'
infodir='${datarootdir}/info'
install_sh='$(SHELL) /home/cygwin/libpng-1.2.33/src/libpng-1.2.33/install-sh'
libdir='${exec_prefix}/lib'
libexecdir='${exec_prefix}/libexec'
localedir='${datarootdir}/locale'
localstatedir='${prefix}/var'
lt_ECHO='echo'
mandir='${datarootdir}/man'
mkdir_p='/usr/bin/mkdir -p'
oldincludedir='/usr/include'
pdfdir='${docdir}'
pkgconfigdir='${libdir}/pkgconfig'
prefix='/home/cygwin/cegcc/arm-mingw32ce'
program_transform_name='s,x,x,'
psdir='${docdir}'
sbindir='${exec_prefix}/sbin'
sharedstatedir='${prefix}/com'
sysconfdir='${prefix}/etc'
target_alias=''

## ----------- ##
## confdefs.h. ##
## ----------- ##

#define PACKAGE_NAME "libpng"
#define PACKAGE_TARNAME "libpng"
#define PACKAGE_VERSION "1.2.33"
#define PACKAGE_STRING "libpng 1.2.33"
#define PACKAGE_BUGREPORT "png-mng-implement@lists.sourceforge.net"
#define PACKAGE "libpng"
#define VERSION "1.2.33"
#define STDC_HEADERS 1
#define HAVE_SYS_TYPES_H 1
#define HAVE_SYS_STAT_H 1
#define HAVE_STDLIB_H 1
#define HAVE_STRING_H 1
#define HAVE_MEMORY_H 1
#define HAVE_STRINGS_H 1
#define HAVE_INTTYPES_H 1
#define HAVE_STDINT_H 1
#define HAVE_UNISTD_H 1
#define LT_OBJDIR ".libs/"
#define STDC_HEADERS 1
#define HAVE_MALLOC_H 1
#define HAVE_STDLIB_H 1
#define HAVE_STRING_H 1
#define HAVE_STRINGS_H 1
#define HAVE_MEMSET 1
#define HAVE_POW 1
#define HAVE_LIBZ 1

configure: exit 0
