This file contains any messages produced by compilers while
running configure, to aid debugging if configure makes a mistake.

It was created by libvorbis configure 1.3.6, which was
generated by GNU Autoconf 2.69.  Invocation command line was

  $ ./configure --prefix=/home/cygwin/cegcc/arm-mingw32ce --host=arm-mingw32ce --disable-shared

## --------- ##
## Platform. ##
## --------- ##

hostname = NOTEPC
uname -m = i686
uname -r = 3.1.4(0.340/5/3)
uname -s = CYGWIN_NT-10.0-WOW
uname -v = 2020-02-19 08:45

/usr/bin/uname -p = unknown
/bin/uname -X     = unknown

/bin/arch              = i686
/usr/bin/arch -k       = unknown
/usr/convex/getsysinfo = unknown
/usr/bin/hostinfo      = unknown
/bin/machine           = unknown
/usr/bin/oslevel       = unknown
/bin/universe          = unknown

PATH: /usr/local/bin
PATH: /usr/bin
PATH: /usr/bin
PATH: /cygdrive/c/Users/Hirotada/Documents/apps/ConEmu/ConEmu/Scripts
PATH: /cygdrive/c/Users/Hirotada/Documents/apps/ConEmu
PATH: /cygdrive/c/Users/Hirotada/Documents/apps/ConEmu/ConEmu
PATH: /cygdrive/c/Windows/system32
PATH: /cygdrive/c/Windows
PATH: /cygdrive/c/Windows/System32/Wbem
PATH: /cygdrive/c/Windows/System32/WindowsPowerShell/v1.0
PATH: /cygdrive/c/Windows/System32/OpenSSH
PATH: /cygdrive/c/Program Files (x86)/Symantec/VIP Access Client
PATH: /cygdrive/c/Program Files/Intel/WiFi/bin
PATH: /cygdrive/c/Program Files/Common Files/Intel/WirelessCommon
PATH: /cygdrive/c/Program Files/dotnet
PATH: /cygdrive/c/Users/Hirotada/AppData/Local/Microsoft/WindowsApps
PATH: /cygdrive/c/Users/Hirotada/AppData/Local/GitHubDesktop/bin
PATH: /cygdrive/c/Users/Hirotada/AppData/Local/Keybase


## ----------- ##
## Core tests. ##
## ----------- ##

configure:2390: checking build system type
configure:2404: result: i686-pc-cygwin
configure:2424: checking host system type
configure:2437: result: arm-unknown-mingw32ce
configure:2457: checking target system type
configure:2470: result: arm-unknown-mingw32ce
configure:2513: checking for a BSD-compatible install
configure:2581: result: /usr/bin/install -c
configure:2592: checking whether build environment is sane
configure:2647: result: yes
configure:2706: checking for arm-mingw32ce-strip
configure:2733: result: /home/cygwin/cegcc/bin/arm-mingw32ce-strip
configure:2798: checking for a thread-safe mkdir -p
configure:2837: result: /usr/bin/mkdir -p
configure:2844: checking for gawk
configure:2860: found /usr/bin/gawk
configure:2871: result: gawk
configure:2882: checking whether make sets $(MAKE)
configure:2904: result: yes
configure:2933: checking whether make supports nested variables
configure:2950: result: yes
configure:3077: checking whether to enable maintainer-specific portions of Makefiles
configure:3086: result: no
configure:3114: checking whether make supports nested variables
configure:3131: result: yes
configure:3176: checking for arm-mingw32ce-gcc
configure:3203: result: /home/cygwin/cegcc/bin/arm-mingw32ce-gcc
configure:3472: checking for C compiler version
configure:3481: /home/cygwin/cegcc/bin/arm-mingw32ce-gcc --version >&5
arm-mingw32ce-gcc (GCC) 9.3.0
Copyright (C) 2019 Free Software Foundation, Inc.
This is free software; see the source for copying conditions.  There is NO
warranty; not even for MERCHANTABILITY or FITNESS FOR A PARTICULAR PURPOSE.

configure:3492: $? = 0
configure:3481: /home/cygwin/cegcc/bin/arm-mingw32ce-gcc -v >&5
Using built-in specs.
COLLECT_GCC=/home/cygwin/cegcc/bin/arm-mingw32ce-gcc
COLLECT_LTO_WRAPPER=/home/cygwin/cegcc/bin/../libexec/gcc/arm-mingw32ce/9.3.0/lto-wrapper.exe
Target: arm-mingw32ce
Configured with: /home/cygwin/cegcc-build/gcc/configure --prefix=/opt/cegcc --build=i686-pc-cygwin --with-gcc --with-gnu-ld --with-gnu-as --enable-threads=win32 --disable-nls --enable-languages=c,c++ --disable-win32-registry --disable-multilib --disable-interwork --without-newlib --enable-checking --with-headers --disable-__cxa_atexit --with-libiconv-prefix=/usr/local --host=i686-pc-cygwin --target=arm-mingw32ce
Thread model: win32
gcc version 9.3.0 (GCC) 
configure:3492: $? = 0
configure:3481: /home/cygwin/cegcc/bin/arm-mingw32ce-gcc -V >&5
arm-mingw32ce-gcc: error: unrecognized command line option '-V'
arm-mingw32ce-gcc: fatal error: no input files
compilation terminated.
configure:3492: $? = 1
configure:3481: /home/cygwin/cegcc/bin/arm-mingw32ce-gcc -qversion >&5
arm-mingw32ce-gcc: error: unrecognized command line option '-qversion'; did you mean '--version'?
arm-mingw32ce-gcc: fatal error: no input files
compilation terminated.
configure:3492: $? = 1
configure:3512: checking whether the C compiler works
configure:3534: /home/cygwin/cegcc/bin/arm-mingw32ce-gcc    conftest.c  >&5
configure:3538: $? = 0
configure:3586: result: yes
configure:3589: checking for C compiler default output file name
configure:3591: result: a.exe
configure:3597: checking for suffix of executables
configure:3604: /home/cygwin/cegcc/bin/arm-mingw32ce-gcc -o conftest.exe    conftest.c  >&5
configure:3608: $? = 0
configure:3630: result: .exe
configure:3652: checking whether we are cross compiling
configure:3660: /home/cygwin/cegcc/bin/arm-mingw32ce-gcc -o conftest.exe    conftest.c  >&5
configure:3664: $? = 0
configure:3671: ./conftest.exe
./configure: line 3673: ./conftest.exe: cannot execute binary file: Exec format error
configure:3675: $? = 126
configure:3690: result: yes
configure:3695: checking for suffix of object files
configure:3717: /home/cygwin/cegcc/bin/arm-mingw32ce-gcc -c   conftest.c >&5
configure:3721: $? = 0
configure:3742: result: o
configure:3746: checking whether we are using the GNU C compiler
configure:3765: /home/cygwin/cegcc/bin/arm-mingw32ce-gcc -c   conftest.c >&5
configure:3765: $? = 0
configure:3774: result: yes
configure:3783: checking whether /home/cygwin/cegcc/bin/arm-mingw32ce-gcc accepts -g
configure:3803: /home/cygwin/cegcc/bin/arm-mingw32ce-gcc -c -g  conftest.c >&5
configure:3803: $? = 0
configure:3844: result: yes
configure:3861: checking for /home/cygwin/cegcc/bin/arm-mingw32ce-gcc option to accept ISO C89
configure:3924: /home/cygwin/cegcc/bin/arm-mingw32ce-gcc  -c -g -O2  conftest.c >&5
configure:3924: $? = 0
configure:3937: result: none needed
configure:3962: checking whether /home/cygwin/cegcc/bin/arm-mingw32ce-gcc understands -c and -o together
configure:3984: /home/cygwin/cegcc/bin/arm-mingw32ce-gcc -c conftest.c -o conftest2.o
configure:3987: $? = 0
configure:3984: /home/cygwin/cegcc/bin/arm-mingw32ce-gcc -c conftest.c -o conftest2.o
configure:3987: $? = 0
configure:3999: result: yes
configure:4027: checking for style of include used by make
configure:4055: result: GNU
configure:4081: checking dependency style of /home/cygwin/cegcc/bin/arm-mingw32ce-gcc
configure:4192: result: gcc3
configure:4212: checking how to run the C preprocessor
configure:4243: /home/cygwin/cegcc/bin/arm-mingw32ce-gcc -E  conftest.c
configure:4243: $? = 0
configure:4257: /home/cygwin/cegcc/bin/arm-mingw32ce-gcc -E  conftest.c
conftest.c:11:10: fatal error: ac_nonexistent.h: No such file or directory
   11 | #include <ac_nonexistent.h>
      |          ^~~~~~~~~~~~~~~~~~
compilation terminated.
configure:4257: $? = 1
configure: failed program was:
| /* confdefs.h */
| #define PACKAGE_NAME "libvorbis"
| #define PACKAGE_TARNAME "libvorbis"
| #define PACKAGE_VERSION "1.3.6"
| #define PACKAGE_STRING "libvorbis 1.3.6"
| #define PACKAGE_BUGREPORT "vorbis-dev@xiph.org"
| #define PACKAGE_URL ""
| #define PACKAGE "libvorbis"
| #define VERSION "1.3.6"
| /* end confdefs.h.  */
| #include <ac_nonexistent.h>
configure:4282: result: /home/cygwin/cegcc/bin/arm-mingw32ce-gcc -E
configure:4302: /home/cygwin/cegcc/bin/arm-mingw32ce-gcc -E  conftest.c
configure:4302: $? = 0
configure:4316: /home/cygwin/cegcc/bin/arm-mingw32ce-gcc -E  conftest.c
conftest.c:11:10: fatal error: ac_nonexistent.h: No such file or directory
   11 | #include <ac_nonexistent.h>
      |          ^~~~~~~~~~~~~~~~~~
compilation terminated.
configure:4316: $? = 1
configure: failed program was:
| /* confdefs.h */
| #define PACKAGE_NAME "libvorbis"
| #define PACKAGE_TARNAME "libvorbis"
| #define PACKAGE_VERSION "1.3.6"
| #define PACKAGE_STRING "libvorbis 1.3.6"
| #define PACKAGE_BUGREPORT "vorbis-dev@xiph.org"
| #define PACKAGE_URL ""
| #define PACKAGE "libvorbis"
| #define VERSION "1.3.6"
| /* end confdefs.h.  */
| #include <ac_nonexistent.h>
configure:4347: checking for inline
configure:4363: /home/cygwin/cegcc/bin/arm-mingw32ce-gcc -c   conftest.c >&5
configure:4363: $? = 0
configure:4371: result: inline
configure:4397: checking for arm-mingw32ce-as
configure:4424: result: /home/cygwin/cegcc/bin/arm-mingw32ce-as
configure:4489: checking for arm-mingw32ce-dlltool
configure:4516: result: /home/cygwin/cegcc/bin/arm-mingw32ce-dlltool
configure:4581: checking for arm-mingw32ce-objdump
configure:4608: result: /home/cygwin/cegcc/bin/arm-mingw32ce-objdump
configure:4739: checking how to print strings
configure:4766: result: printf
configure:4787: checking for a sed that does not truncate output
configure:4851: result: /usr/bin/sed
configure:4869: checking for grep that handles long lines and -e
configure:4927: result: /usr/bin/grep
configure:4932: checking for egrep
configure:4994: result: /usr/bin/grep -E
configure:4999: checking for fgrep
configure:5061: result: /usr/bin/grep -F
configure:5096: checking for ld used by /home/cygwin/cegcc/bin/arm-mingw32ce-gcc
configure:5163: result: /home/cygwin/cegcc/bin/arm-mingw32ce-ld
configure:5170: checking if the linker (/home/cygwin/cegcc/bin/arm-mingw32ce-ld) is GNU ld
configure:5185: result: yes
configure:5197: checking for BSD- or MS-compatible name lister (nm)
configure:5251: result: /home/cygwin/cegcc/bin/arm-mingw32ce-nm
configure:5381: checking the name lister (/home/cygwin/cegcc/bin/arm-mingw32ce-nm) interface
configure:5388: /home/cygwin/cegcc/bin/arm-mingw32ce-gcc -c   conftest.c >&5
configure:5391: /home/cygwin/cegcc/bin/arm-mingw32ce-nm "conftest.o"
configure:5394: output
00000000 b .bss
00000000 d .data
00000000 t .text
00000000 B some_variable
configure:5401: result: BSD nm
configure:5404: checking whether ln -s works
configure:5408: result: yes
configure:5416: checking the maximum length of command line arguments
configure:5547: result: 8192
configure:5595: checking how to convert i686-pc-cygwin file names to arm-unknown-mingw32ce format
configure:5635: result: func_convert_file_cygwin_to_w32
configure:5642: checking how to convert i686-pc-cygwin file names to toolchain format
configure:5662: result: func_convert_file_noop
configure:5669: checking for /home/cygwin/cegcc/bin/arm-mingw32ce-ld option to reload object files
configure:5676: result: -r
configure:5710: checking for arm-mingw32ce-objdump
configure:5737: result: /home/cygwin/cegcc/bin/arm-mingw32ce-objdump
configure:5806: checking how to recognize dependent libraries
configure:6006: result: file_magic ^x86 archive import|^x86 DLL
configure:6051: checking for arm-mingw32ce-dlltool
configure:6078: result: /home/cygwin/cegcc/bin/arm-mingw32ce-dlltool
configure:6148: checking how to associate runtime and link libraries
configure:6175: result: func_cygming_dll_for_implib
configure:6191: checking for arm-mingw32ce-ar
configure:6218: result: /home/cygwin/cegcc/bin/arm-mingw32ce-ar
configure:6299: checking for archiver @FILE support
configure:6316: /home/cygwin/cegcc/bin/arm-mingw32ce-gcc -c   conftest.c >&5
configure:6316: $? = 0
configure:6319: /home/cygwin/cegcc/bin/arm-mingw32ce-ar cru libconftest.a @conftest.lst >&5
configure:6322: $? = 0
configure:6327: /home/cygwin/cegcc/bin/arm-mingw32ce-ar cru libconftest.a @conftest.lst >&5
/home/cygwin/cegcc/bin/arm-mingw32ce-ar: conftest.o: No such file or directory
configure:6330: $? = 1
configure:6342: result: @
configure:6360: checking for arm-mingw32ce-strip
configure:6387: result: /home/cygwin/cegcc/bin/arm-mingw32ce-strip
configure:6459: checking for arm-mingw32ce-ranlib
configure:6486: result: /home/cygwin/cegcc/bin/arm-mingw32ce-ranlib
configure:6628: checking command to parse /home/cygwin/cegcc/bin/arm-mingw32ce-nm output from /home/cygwin/cegcc/bin/arm-mingw32ce-gcc object
configure:6781: /home/cygwin/cegcc/bin/arm-mingw32ce-gcc -c   conftest.c >&5
configure:6784: $? = 0
configure:6788: /home/cygwin/cegcc/bin/arm-mingw32ce-nm conftest.o \| sed -n -e 's/^.*[ ]\([ABCDGIRSTW][ABCDGIRSTW]*\)[ ][ ]*\([_A-Za-z][_A-Za-z0-9]*\)$/\1 \2 \2/p' | sed '/ __gnu_lto/d' \> conftest.nm
configure:6791: $? = 0
configure:6857: /home/cygwin/cegcc/bin/arm-mingw32ce-gcc -o conftest.exe    conftest.c conftstm.o >&5
configure:6860: $? = 0
configure:6898: result: ok
configure:6945: checking for sysroot
configure:6975: result: no
configure:6982: checking for a working dd
configure:7020: result: /usr/bin/dd
configure:7024: checking how to truncate binary pipes
configure:7039: result: /usr/bin/dd bs=4096 count=1
configure:7328: checking for arm-mingw32ce-mt
configure:7358: result: no
configure:7368: checking for mt
configure:7398: result: no
configure:7418: checking if : is a manifest tool
configure:7424: : '-?'
configure:7432: result: no
configure:8105: checking for ANSI C header files
configure:8125: /home/cygwin/cegcc/bin/arm-mingw32ce-gcc -c   conftest.c >&5
configure:8125: $? = 0
configure:8209: result: yes
configure:8222: checking for sys/types.h
configure:8222: /home/cygwin/cegcc/bin/arm-mingw32ce-gcc -c   conftest.c >&5
configure:8222: $? = 0
configure:8222: result: yes
configure:8222: checking for sys/stat.h
configure:8222: /home/cygwin/cegcc/bin/arm-mingw32ce-gcc -c   conftest.c >&5
configure:8222: $? = 0
configure:8222: result: yes
configure:8222: checking for stdlib.h
configure:8222: /home/cygwin/cegcc/bin/arm-mingw32ce-gcc -c   conftest.c >&5
configure:8222: $? = 0
configure:8222: result: yes
configure:8222: checking for string.h
configure:8222: /home/cygwin/cegcc/bin/arm-mingw32ce-gcc -c   conftest.c >&5
configure:8222: $? = 0
configure:8222: result: yes
configure:8222: checking for memory.h
configure:8222: /home/cygwin/cegcc/bin/arm-mingw32ce-gcc -c   conftest.c >&5
configure:8222: $? = 0
configure:8222: result: yes
configure:8222: checking for strings.h
configure:8222: /home/cygwin/cegcc/bin/arm-mingw32ce-gcc -c   conftest.c >&5
configure:8222: $? = 0
configure:8222: result: yes
configure:8222: checking for inttypes.h
configure:8222: /home/cygwin/cegcc/bin/arm-mingw32ce-gcc -c   conftest.c >&5
configure:8222: $? = 0
configure:8222: result: yes
configure:8222: checking for stdint.h
configure:8222: /home/cygwin/cegcc/bin/arm-mingw32ce-gcc -c   conftest.c >&5
configure:8222: $? = 0
configure:8222: result: yes
configure:8222: checking for unistd.h
configure:8222: /home/cygwin/cegcc/bin/arm-mingw32ce-gcc -c   conftest.c >&5
configure:8222: $? = 0
configure:8222: result: yes
configure:8236: checking for dlfcn.h
configure:8236: /home/cygwin/cegcc/bin/arm-mingw32ce-gcc -c   conftest.c >&5
conftest.c:55:10: fatal error: dlfcn.h: No such file or directory
   55 | #include <dlfcn.h>
      |          ^~~~~~~~~
compilation terminated.
configure:8236: $? = 1
configure: failed program was:
| /* confdefs.h */
| #define PACKAGE_NAME "libvorbis"
| #define PACKAGE_TARNAME "libvorbis"
| #define PACKAGE_VERSION "1.3.6"
| #define PACKAGE_STRING "libvorbis 1.3.6"
| #define PACKAGE_BUGREPORT "vorbis-dev@xiph.org"
| #define PACKAGE_URL ""
| #define PACKAGE "libvorbis"
| #define VERSION "1.3.6"
| #define STDC_HEADERS 1
| #define HAVE_SYS_TYPES_H 1
| #define HAVE_SYS_STAT_H 1
| #define HAVE_STDLIB_H 1
| #define HAVE_STRING_H 1
| #define HAVE_MEMORY_H 1
| #define HAVE_STRINGS_H 1
| #define HAVE_INTTYPES_H 1
| #define HAVE_STDINT_H 1
| #define HAVE_UNISTD_H 1
| /* end confdefs.h.  */
| #include <stdio.h>
| #ifdef HAVE_SYS_TYPES_H
| # include <sys/types.h>
| #endif
| #ifdef HAVE_SYS_STAT_H
| # include <sys/stat.h>
| #endif
| #ifdef STDC_HEADERS
| # include <stdlib.h>
| # include <stddef.h>
| #else
| # ifdef HAVE_STDLIB_H
| #  include <stdlib.h>
| # endif
| #endif
| #ifdef HAVE_STRING_H
| # if !defined STDC_HEADERS && defined HAVE_MEMORY_H
| #  include <memory.h>
| # endif
| # include <string.h>
| #endif
| #ifdef HAVE_STRINGS_H
| # include <strings.h>
| #endif
| #ifdef HAVE_INTTYPES_H
| # include <inttypes.h>
| #endif
| #ifdef HAVE_STDINT_H
| # include <stdint.h>
| #endif
| #ifdef HAVE_UNISTD_H
| # include <unistd.h>
| #endif
| 
| #include <dlfcn.h>
configure:8236: result: no
configure:8490: checking for objdir
configure:8505: result: .libs
configure:8769: checking if /home/cygwin/cegcc/bin/arm-mingw32ce-gcc supports -fno-rtti -fno-exceptions
configure:8787: /home/cygwin/cegcc/bin/arm-mingw32ce-gcc -c   -fno-rtti -fno-exceptions conftest.c >&5
cc1: warning: command line option '-fno-rtti' is valid for C++/D/ObjC++ but not for C
configure:8791: $? = 0
configure:8804: result: no
configure:9162: checking for /home/cygwin/cegcc/bin/arm-mingw32ce-gcc option to produce PIC
configure:9169: result: -DDLL_EXPORT -DPIC
configure:9177: checking if /home/cygwin/cegcc/bin/arm-mingw32ce-gcc PIC flag -DDLL_EXPORT -DPIC works
configure:9195: /home/cygwin/cegcc/bin/arm-mingw32ce-gcc -c   -DDLL_EXPORT -DPIC -DPIC conftest.c >&5
configure:9199: $? = 0
configure:9212: result: yes
configure:9241: checking if /home/cygwin/cegcc/bin/arm-mingw32ce-gcc static flag -static works
configure:9269: result: yes
configure:9284: checking if /home/cygwin/cegcc/bin/arm-mingw32ce-gcc supports -c -o file.o
configure:9305: /home/cygwin/cegcc/bin/arm-mingw32ce-gcc -c   -o out/conftest2.o conftest.c >&5
configure:9309: $? = 0
configure:9331: result: yes
configure:9339: checking if /home/cygwin/cegcc/bin/arm-mingw32ce-gcc supports -c -o file.o
configure:9386: result: yes
configure:9419: checking whether the /home/cygwin/cegcc/bin/arm-mingw32ce-gcc linker (/home/cygwin/cegcc/bin/arm-mingw32ce-ld) supports shared libraries
configure:10678: result: yes
configure:10918: checking dynamic linker characteristics
configure:11736: result: Win32 ld.exe
configure:11858: checking how to hardcode library paths into programs
configure:11883: result: immediate
configure:12431: checking whether stripping libraries is possible
configure:12436: result: yes
configure:12471: checking if libtool supports shared libraries
configure:12473: result: yes
configure:12476: checking whether to build shared libraries
configure:12501: result: no
configure:12504: checking whether to build static libraries
configure:12508: result: yes
configure:12749: checking GCC version
configure:12752: result: 9.3.0
configure:12893: checking if /home/cygwin/cegcc/bin/arm-mingw32ce-gcc accepts -Wdeclaration-after-statement
configure:12908: /home/cygwin/cegcc/bin/arm-mingw32ce-gcc -o conftest.exe -O3 -Wall -Wextra -D__NO_MATH_INLINES -fsigned-char -Wdeclaration-after-statement   conftest.c  >&5
configure:12908: $? = 0
configure:12909: result: yes
configure:12923: checking for memory.h
configure:12923: result: yes
configure:12935: checking for cos in -lm
configure:12960: /home/cygwin/cegcc/bin/arm-mingw32ce-gcc -o conftest.exe -O3 -Wall -Wextra -D__NO_MATH_INLINES -fsigned-char -Wdeclaration-after-statement  -DUSE_MEMORY_H   conftest.c -lm   >&5
conftest.c:29:6: warning: conflicting types for built-in function 'cos'; expected 'double(double)' [-Wbuiltin-declaration-mismatch]
   29 | char cos ();
      |      ^~~
conftest.c:1:1: note: 'cos' is declared in header '<math.h>'
    1 | /* confdefs.h */
configure:12960: $? = 0
configure:12969: result: yes
configure:12977: checking for pthread_create in -lpthread
configure:13002: /home/cygwin/cegcc/bin/arm-mingw32ce-gcc -o conftest.exe -O3 -Wall -Wextra -D__NO_MATH_INLINES -fsigned-char -Wdeclaration-after-statement  -DUSE_MEMORY_H   conftest.c -lpthread   >&5
/home/cygwin/cegcc/bin/../lib/gcc/arm-mingw32ce/9.3.0/../../../../arm-mingw32ce/bin/ld: cannot find -lpthread
collect2: error: ld returned 1 exit status
configure:13002: $? = 1
configure: failed program was:
| /* confdefs.h */
| #define PACKAGE_NAME "libvorbis"
| #define PACKAGE_TARNAME "libvorbis"
| #define PACKAGE_VERSION "1.3.6"
| #define PACKAGE_STRING "libvorbis 1.3.6"
| #define PACKAGE_BUGREPORT "vorbis-dev@xiph.org"
| #define PACKAGE_URL ""
| #define PACKAGE "libvorbis"
| #define VERSION "1.3.6"
| #define STDC_HEADERS 1
| #define HAVE_SYS_TYPES_H 1
| #define HAVE_SYS_STAT_H 1
| #define HAVE_STDLIB_H 1
| #define HAVE_STRING_H 1
| #define HAVE_MEMORY_H 1
| #define HAVE_STRINGS_H 1
| #define HAVE_INTTYPES_H 1
| #define HAVE_STDINT_H 1
| #define HAVE_UNISTD_H 1
| #define LT_OBJDIR ".libs/"
| /* end confdefs.h.  */
| 
| /* Override any GCC internal prototype to avoid an error.
|    Use char because int might match the return type of a GCC
|    builtin and then its argument prototype would still apply.  */
| #ifdef __cplusplus
| extern "C"
| #endif
| char pthread_create ();
| int
| main ()
| {
| return pthread_create ();
|   ;
|   return 0;
| }
configure:13011: result: no
configure:13026: checking for arm-mingw32ce-pkg-config
configure:13059: result: no
configure:13069: checking for pkg-config
configure:13087: found /usr/bin/pkg-config
configure:13099: result: /usr/bin/pkg-config
configure:13111: WARNING: using cross tools not prefixed with host triplet
configure:13124: checking pkg-config is at least version 0.9.0
configure:13127: result: yes
configure:13142: checking for OGG
configure:13150: $PKG_CONFIG --exists --print-errors "ogg >= 1.0"
Package ogg was not found in the pkg-config search path.
Perhaps you should add the directory containing `ogg.pc'
to the PKG_CONFIG_PATH environment variable
Package 'ogg', required by 'virtual:world', not found
configure:13153: $? = 1
configure:13168: $PKG_CONFIG --exists --print-errors "ogg >= 1.0"
Package ogg was not found in the pkg-config search path.
Perhaps you should add the directory containing `ogg.pc'
to the PKG_CONFIG_PATH environment variable
Package 'ogg', required by 'virtual:world', not found
configure:13171: $? = 1
Package 'ogg', required by 'virtual:world', not found
configure:13199: result: no
configure:13270: checking for Ogg
configure:13323: result: yes
configure:13379: checking for oggpack_writealign
configure:13379: /home/cygwin/cegcc/bin/arm-mingw32ce-gcc -o conftest.exe -O3 -Wall -Wextra -D__NO_MATH_INLINES -fsigned-char -Wdeclaration-after-statement  -DUSE_MEMORY_H   conftest.c -L/home/cygwin/cegcc/arm-mingw32ce/lib -logg -lm >&5
configure:13379: $? = 0
configure:13379: result: yes
configure:13390: checking for size_t
configure:13390: /home/cygwin/cegcc/bin/arm-mingw32ce-gcc -c -O3 -Wall -Wextra -D__NO_MATH_INLINES -fsigned-char -Wdeclaration-after-statement  -DUSE_MEMORY_H  conftest.c >&5
configure:13390: $? = 0
configure:13390: /home/cygwin/cegcc/bin/arm-mingw32ce-gcc -c -O3 -Wall -Wextra -D__NO_MATH_INLINES -fsigned-char -Wdeclaration-after-statement  -DUSE_MEMORY_H  conftest.c >&5
conftest.c: In function 'main':
conftest.c:58:21: error: expected expression before ')' token
   58 | if (sizeof ((size_t)))
      |                     ^
configure:13390: $? = 1
configure: failed program was:
| /* confdefs.h */
| #define PACKAGE_NAME "libvorbis"
| #define PACKAGE_TARNAME "libvorbis"
| #define PACKAGE_VERSION "1.3.6"
| #define PACKAGE_STRING "libvorbis 1.3.6"
| #define PACKAGE_BUGREPORT "vorbis-dev@xiph.org"
| #define PACKAGE_URL ""
| #define PACKAGE "libvorbis"
| #define VERSION "1.3.6"
| #define STDC_HEADERS 1
| #define HAVE_SYS_TYPES_H 1
| #define HAVE_SYS_STAT_H 1
| #define HAVE_STDLIB_H 1
| #define HAVE_STRING_H 1
| #define HAVE_MEMORY_H 1
| #define HAVE_STRINGS_H 1
| #define HAVE_INTTYPES_H 1
| #define HAVE_STDINT_H 1
| #define HAVE_UNISTD_H 1
| #define LT_OBJDIR ".libs/"
| /* end confdefs.h.  */
| #include <stdio.h>
| #ifdef HAVE_SYS_TYPES_H
| # include <sys/types.h>
| #endif
| #ifdef HAVE_SYS_STAT_H
| # include <sys/stat.h>
| #endif
| #ifdef STDC_HEADERS
| # include <stdlib.h>
| # include <stddef.h>
| #else
| # ifdef HAVE_STDLIB_H
| #  include <stdlib.h>
| # endif
| #endif
| #ifdef HAVE_STRING_H
| # if !defined STDC_HEADERS && defined HAVE_MEMORY_H
| #  include <memory.h>
| # endif
| # include <string.h>
| #endif
| #ifdef HAVE_STRINGS_H
| # include <strings.h>
| #endif
| #ifdef HAVE_INTTYPES_H
| # include <inttypes.h>
| #endif
| #ifdef HAVE_STDINT_H
| # include <stdint.h>
| #endif
| #ifdef HAVE_UNISTD_H
| # include <unistd.h>
| #endif
| int
| main ()
| {
| if (sizeof ((size_t)))
| 	    return 0;
|   ;
|   return 0;
| }
configure:13390: result: yes
configure:13403: checking for working alloca.h
configure:13420: /home/cygwin/cegcc/bin/arm-mingw32ce-gcc -o conftest.exe -O3 -Wall -Wextra -D__NO_MATH_INLINES -fsigned-char -Wdeclaration-after-statement  -DUSE_MEMORY_H   conftest.c  >&5
conftest.c:22:10: fatal error: alloca.h: No such file or directory
   22 | #include <alloca.h>
      |          ^~~~~~~~~~
compilation terminated.
configure:13420: $? = 1
configure: failed program was:
| /* confdefs.h */
| #define PACKAGE_NAME "libvorbis"
| #define PACKAGE_TARNAME "libvorbis"
| #define PACKAGE_VERSION "1.3.6"
| #define PACKAGE_STRING "libvorbis 1.3.6"
| #define PACKAGE_BUGREPORT "vorbis-dev@xiph.org"
| #define PACKAGE_URL ""
| #define PACKAGE "libvorbis"
| #define VERSION "1.3.6"
| #define STDC_HEADERS 1
| #define HAVE_SYS_TYPES_H 1
| #define HAVE_SYS_STAT_H 1
| #define HAVE_STDLIB_H 1
| #define HAVE_STRING_H 1
| #define HAVE_MEMORY_H 1
| #define HAVE_STRINGS_H 1
| #define HAVE_INTTYPES_H 1
| #define HAVE_STDINT_H 1
| #define HAVE_UNISTD_H 1
| #define LT_OBJDIR ".libs/"
| /* end confdefs.h.  */
| #include <alloca.h>
| int
| main ()
| {
| char *p = (char *) alloca (2 * sizeof (int));
| 			  if (p) return 0;
|   ;
|   return 0;
| }
configure:13428: result: no
configure:13436: checking for alloca
configure:13473: /home/cygwin/cegcc/bin/arm-mingw32ce-gcc -o conftest.exe -O3 -Wall -Wextra -D__NO_MATH_INLINES -fsigned-char -Wdeclaration-after-statement  -DUSE_MEMORY_H   conftest.c  >&5
configure:13473: $? = 0
configure:13481: result: yes
configure:13587: checking for working memcmp
configure:13640: result: no
configure:13772: checking that generated files are newer than configure
configure:13778: result: done
configure:13817: creating ./config.status

## ---------------------- ##
## Running config.status. ##
## ---------------------- ##

This file was extended by libvorbis config.status 1.3.6, which was
generated by GNU Autoconf 2.69.  Invocation command line was

  CONFIG_FILES    = 
  CONFIG_HEADERS  = 
  CONFIG_LINKS    = 
  CONFIG_COMMANDS = 
  $ ./config.status 

on NOTEPC

config.status:1158: creating Makefile
config.status:1158: creating m4/Makefile
config.status:1158: creating lib/Makefile
config.status:1158: creating lib/modes/Makefile
config.status:1158: creating lib/books/Makefile
config.status:1158: creating lib/books/coupled/Makefile
config.status:1158: creating lib/books/uncoupled/Makefile
config.status:1158: creating lib/books/floor/Makefile
config.status:1158: creating doc/Makefile
config.status:1158: creating doc/vorbisfile/Makefile
config.status:1158: creating doc/vorbisenc/Makefile
config.status:1158: creating doc/libvorbis/Makefile
config.status:1158: creating doc/Doxyfile
config.status:1158: creating include/Makefile
config.status:1158: creating include/vorbis/Makefile
config.status:1158: creating examples/Makefile
config.status:1158: creating test/Makefile
config.status:1158: creating vq/Makefile
config.status:1158: creating libvorbis.spec
config.status:1158: creating vorbis.pc
config.status:1158: creating vorbisenc.pc
config.status:1158: creating vorbisfile.pc
config.status:1158: creating vorbis-uninstalled.pc
config.status:1158: creating vorbisenc-uninstalled.pc
config.status:1158: creating vorbisfile-uninstalled.pc
config.status:1158: creating config.h
config.status:1387: executing depfiles commands
config.status:1387: executing libtool commands

## ---------------- ##
## Cache variables. ##
## ---------------- ##

ac_cv_build=i686-pc-cygwin
ac_cv_c_compiler_gnu=yes
ac_cv_c_inline=inline
ac_cv_env_CC_set=set
ac_cv_env_CC_value=/home/cygwin/cegcc/bin/arm-mingw32ce-gcc
ac_cv_env_CFLAGS_set=
ac_cv_env_CFLAGS_value=
ac_cv_env_CPPFLAGS_set=
ac_cv_env_CPPFLAGS_value=
ac_cv_env_CPP_set=
ac_cv_env_CPP_value=
ac_cv_env_LDFLAGS_set=
ac_cv_env_LDFLAGS_value=
ac_cv_env_LIBS_set=
ac_cv_env_LIBS_value=
ac_cv_env_LT_SYS_LIBRARY_PATH_set=
ac_cv_env_LT_SYS_LIBRARY_PATH_value=
ac_cv_env_OGG_CFLAGS_set=
ac_cv_env_OGG_CFLAGS_value=
ac_cv_env_OGG_LIBS_set=
ac_cv_env_OGG_LIBS_value=
ac_cv_env_PKG_CONFIG_set=
ac_cv_env_PKG_CONFIG_value=
ac_cv_env_build_alias_set=
ac_cv_env_build_alias_value=
ac_cv_env_host_alias_set=set
ac_cv_env_host_alias_value=arm-mingw32ce
ac_cv_env_target_alias_set=
ac_cv_env_target_alias_value=
ac_cv_exeext=.exe
ac_cv_func_alloca_works=yes
ac_cv_func_memcmp_working=no
ac_cv_func_oggpack_writealign=yes
ac_cv_header_dlfcn_h=no
ac_cv_header_inttypes_h=yes
ac_cv_header_memory_h=yes
ac_cv_header_stdc=yes
ac_cv_header_stdint_h=yes
ac_cv_header_stdlib_h=yes
ac_cv_header_string_h=yes
ac_cv_header_strings_h=yes
ac_cv_header_sys_stat_h=yes
ac_cv_header_sys_types_h=yes
ac_cv_header_unistd_h=yes
ac_cv_host=arm-unknown-mingw32ce
ac_cv_lib_m_cos=yes
ac_cv_lib_pthread_pthread_create=no
ac_cv_objext=o
ac_cv_path_EGREP='/usr/bin/grep -E'
ac_cv_path_FGREP='/usr/bin/grep -F'
ac_cv_path_GREP=/usr/bin/grep
ac_cv_path_SED=/usr/bin/sed
ac_cv_path_ac_pt_PKG_CONFIG=/usr/bin/pkg-config
ac_cv_path_install='/usr/bin/install -c'
ac_cv_path_lt_DD=/usr/bin/dd
ac_cv_path_mkdir=/usr/bin/mkdir
ac_cv_prog_AR=/home/cygwin/cegcc/bin/arm-mingw32ce-ar
ac_cv_prog_AS=/home/cygwin/cegcc/bin/arm-mingw32ce-as
ac_cv_prog_AWK=gawk
ac_cv_prog_CC=/home/cygwin/cegcc/bin/arm-mingw32ce-gcc
ac_cv_prog_CPP='/home/cygwin/cegcc/bin/arm-mingw32ce-gcc -E'
ac_cv_prog_DLLTOOL=/home/cygwin/cegcc/bin/arm-mingw32ce-dlltool
ac_cv_prog_OBJDUMP=/home/cygwin/cegcc/bin/arm-mingw32ce-objdump
ac_cv_prog_RANLIB=/home/cygwin/cegcc/bin/arm-mingw32ce-ranlib
ac_cv_prog_STRIP=/home/cygwin/cegcc/bin/arm-mingw32ce-strip
ac_cv_prog_cc_c89=
ac_cv_prog_cc_g=yes
ac_cv_prog_make_make_set=yes
ac_cv_target=arm-unknown-mingw32ce
ac_cv_type_size_t=yes
ac_cv_working_alloca_h=no
am_cv_CC_dependencies_compiler_type=gcc3
am_cv_make_support_nested_variables=yes
am_cv_prog_cc_c_o=yes
lt_cv_ar_at_file=@
lt_cv_deplibs_check_method='file_magic ^x86 archive import|^x86 DLL'
lt_cv_file_magic_cmd=func_win32_libid
lt_cv_file_magic_test_file=
lt_cv_ld_reload_flag=-r
lt_cv_nm_interface='BSD nm'
lt_cv_objdir=.libs
lt_cv_path_LD=/home/cygwin/cegcc/bin/arm-mingw32ce-ld
lt_cv_path_NM=/home/cygwin/cegcc/bin/arm-mingw32ce-nm
lt_cv_path_mainfest_tool=no
lt_cv_prog_compiler_c_o=yes
lt_cv_prog_compiler_pic='-DDLL_EXPORT -DPIC'
lt_cv_prog_compiler_pic_works=yes
lt_cv_prog_compiler_rtti_exceptions=no
lt_cv_prog_compiler_static_works=yes
lt_cv_prog_gnu_ld=yes
lt_cv_sharedlib_from_linklib_cmd=func_cygming_dll_for_implib
lt_cv_sys_global_symbol_pipe='sed -n -e '\''s/^.*[	 ]\([ABCDGIRSTW][ABCDGIRSTW]*\)[	 ][	 ]*\([_A-Za-z][_A-Za-z0-9]*\)$/\1 \2 \2/p'\'' | sed '\''/ __gnu_lto/d'\'''
lt_cv_sys_global_symbol_to_c_name_address='sed -n -e '\''s/^: \(.*\) .*$/  {"\1", (void *) 0},/p'\'' -e '\''s/^[ABCDGIRSTW][ABCDGIRSTW]* .* \(.*\)$/  {"\1", (void *) \&\1},/p'\'''
lt_cv_sys_global_symbol_to_c_name_address_lib_prefix='sed -n -e '\''s/^: \(.*\) .*$/  {"\1", (void *) 0},/p'\'' -e '\''s/^[ABCDGIRSTW][ABCDGIRSTW]* .* \(lib.*\)$/  {"\1", (void *) \&\1},/p'\'' -e '\''s/^[ABCDGIRSTW][ABCDGIRSTW]* .* \(.*\)$/  {"lib\1", (void *) \&\1},/p'\'''
lt_cv_sys_global_symbol_to_cdecl='sed -n -e '\''s/^T .* \(.*\)$/extern int \1();/p'\'' -e '\''s/^[ABCDGIRSTW][ABCDGIRSTW]* .* \(.*\)$/extern char \1;/p'\'''
lt_cv_sys_global_symbol_to_import=
lt_cv_sys_max_cmd_len=8192
lt_cv_to_host_file_cmd=func_convert_file_cygwin_to_w32
lt_cv_to_tool_file_cmd=func_convert_file_noop
lt_cv_truncate_bin='/usr/bin/dd bs=4096 count=1'

## ----------------- ##
## Output variables. ##
## ----------------- ##

ACLOCAL='${SHELL} /home/cygwin/libvorbis-1.3.6/missing aclocal-1.15'
ACLOCAL_AMFLAGS='-I m4'
ALLOCA=''
AMDEPBACKSLASH='\'
AMDEP_FALSE='#'
AMDEP_TRUE=''
AMTAR='$${TAR-tar}'
AM_BACKSLASH='\'
AM_DEFAULT_V='$(AM_DEFAULT_VERBOSITY)'
AM_DEFAULT_VERBOSITY='0'
AM_V='$(V)'
AR='/home/cygwin/cegcc/bin/arm-mingw32ce-ar'
AS='/home/cygwin/cegcc/bin/arm-mingw32ce-as'
AUTOCONF='${SHELL} /home/cygwin/libvorbis-1.3.6/missing autoconf'
AUTOHEADER='${SHELL} /home/cygwin/libvorbis-1.3.6/missing autoheader'
AUTOMAKE='${SHELL} /home/cygwin/libvorbis-1.3.6/missing automake-1.15'
AWK='gawk'
BUILD_DOCS_FALSE=''
BUILD_DOCS_TRUE='#'
BUILD_EXAMPLES_FALSE=''
BUILD_EXAMPLES_TRUE='#'
CC='/home/cygwin/cegcc/bin/arm-mingw32ce-gcc'
CCDEPMODE='depmode=gcc3'
CFLAGS='-O3 -Wall -Wextra -D__NO_MATH_INLINES -fsigned-char -Wdeclaration-after-statement  -DUSE_MEMORY_H'
CPP='/home/cygwin/cegcc/bin/arm-mingw32ce-gcc -E'
CPPFLAGS=''
CYGPATH_W='cygpath -w'
DEBUG='-g -Wall -Wextra -D__NO_MATH_INLINES -fsigned-char'
DEFS='-DHAVE_CONFIG_H'
DEPDIR='.deps'
DLLTOOL='/home/cygwin/cegcc/bin/arm-mingw32ce-dlltool'
DSYMUTIL=''
DUMPBIN=''
ECHO_C=''
ECHO_N='-n'
ECHO_T=''
EGREP='/usr/bin/grep -E'
EXEEXT='.exe'
FGREP='/usr/bin/grep -F'
GREP='/usr/bin/grep'
HAVE_DOXYGEN='false'
HAVE_DOXYGEN_FALSE=''
HAVE_DOXYGEN_TRUE='#'
HTLATEX=''
INSTALL_DATA='${INSTALL} -m 644'
INSTALL_PROGRAM='${INSTALL}'
INSTALL_SCRIPT='${INSTALL}'
INSTALL_STRIP_PROGRAM='$(install_sh) -c -s'
LD='/home/cygwin/cegcc/bin/arm-mingw32ce-ld'
LDFLAGS=''
LIBOBJS=' ${LIBOBJDIR}memcmp$U.o'
LIBS=''
LIBTOOL='$(SHELL) $(top_builddir)/libtool'
LIBTOOL_DEPS='./ltmain.sh'
LIPO=''
LN_S='ln -s'
LTLIBOBJS=' ${LIBOBJDIR}memcmp$U.lo'
LT_SYS_LIBRARY_PATH=''
MAINT='#'
MAINTAINER_MODE_FALSE=''
MAINTAINER_MODE_TRUE='#'
MAKEINFO='${SHELL} /home/cygwin/libvorbis-1.3.6/missing makeinfo'
MANIFEST_TOOL=':'
MKDIR_P='/usr/bin/mkdir -p'
NM='/home/cygwin/cegcc/bin/arm-mingw32ce-nm'
NMEDIT=''
OBJDUMP='/home/cygwin/cegcc/bin/arm-mingw32ce-objdump'
OBJEXT='o'
OGG_CFLAGS='-I/home/cygwin/cegcc/arm-mingw32ce/include'
OGG_LIBS='-L/home/cygwin/cegcc/arm-mingw32ce/lib -logg'
OTOOL64=''
OTOOL=''
PACKAGE='libvorbis'
PACKAGE_BUGREPORT='vorbis-dev@xiph.org'
PACKAGE_NAME='libvorbis'
PACKAGE_STRING='libvorbis 1.3.6'
PACKAGE_TARNAME='libvorbis'
PACKAGE_URL=''
PACKAGE_VERSION='1.3.6'
PATH_SEPARATOR=':'
PDFLATEX=''
PKG_CONFIG='/usr/bin/pkg-config'
PROFILE='-O3 -g -pg -D__NO_MATH_INLINES -fsigned-char'
RANLIB='/home/cygwin/cegcc/bin/arm-mingw32ce-ranlib'
SED='/usr/bin/sed'
SET_MAKE=''
SHELL='/bin/sh'
STRIP='/home/cygwin/cegcc/bin/arm-mingw32ce-strip'
VERSION='1.3.6'
VE_LIB_AGE='0'
VE_LIB_CURRENT='2'
VE_LIB_REVISION='11'
VF_LIB_AGE='3'
VF_LIB_CURRENT='6'
VF_LIB_REVISION='7'
VORBIS_LIBS='-lm'
V_LIB_AGE='4'
V_LIB_CURRENT='4'
V_LIB_REVISION='8'
ac_ct_AR=''
ac_ct_CC=''
ac_ct_DUMPBIN=''
am__EXEEXT_FALSE='#'
am__EXEEXT_TRUE=''
am__fastdepCC_FALSE='#'
am__fastdepCC_TRUE=''
am__include='include'
am__isrc=''
am__leading_dot='.'
am__nodep='_no'
am__quote=''
am__tar='$${TAR-tar} chof - "$$tardir"'
am__untar='$${TAR-tar} xf -'
bindir='${exec_prefix}/bin'
build='i686-pc-cygwin'
build_alias=''
build_cpu='i686'
build_os='cygwin'
build_vendor='pc'
datadir='${datarootdir}'
datarootdir='${prefix}/share'
docdir='${datarootdir}/doc/${PACKAGE_TARNAME}'
dvidir='${docdir}'
exec_prefix='${prefix}'
host='arm-unknown-mingw32ce'
host_alias='arm-mingw32ce'
host_cpu='arm'
host_os='mingw32ce'
host_vendor='unknown'
htmldir='${docdir}'
includedir='${prefix}/include'
infodir='${datarootdir}/info'
install_sh='${SHELL} /home/cygwin/libvorbis-1.3.6/install-sh'
libdir='${exec_prefix}/lib'
libexecdir='${exec_prefix}/libexec'
localedir='${datarootdir}/locale'
localstatedir='${prefix}/var'
mandir='${datarootdir}/man'
mkdir_p='$(MKDIR_P)'
oldincludedir='/usr/include'
pdfdir='${docdir}'
prefix='/home/cygwin/cegcc/arm-mingw32ce'
program_transform_name='s,x,x,'
psdir='${docdir}'
pthread_lib=''
runstatedir='${localstatedir}/run'
sbindir='${exec_prefix}/sbin'
sharedstatedir='${prefix}/com'
sysconfdir='${prefix}/etc'
target='arm-unknown-mingw32ce'
target_alias=''
target_cpu='arm'
target_os='mingw32ce'
target_vendor='unknown'

## ----------- ##
## confdefs.h. ##
## ----------- ##

/* confdefs.h */
#define PACKAGE_NAME "libvorbis"
#define PACKAGE_TARNAME "libvorbis"
#define PACKAGE_VERSION "1.3.6"
#define PACKAGE_STRING "libvorbis 1.3.6"
#define PACKAGE_BUGREPORT "vorbis-dev@xiph.org"
#define PACKAGE_URL ""
#define PACKAGE "libvorbis"
#define VERSION "1.3.6"
#define STDC_HEADERS 1
#define HAVE_SYS_TYPES_H 1
#define HAVE_SYS_STAT_H 1
#define HAVE_STDLIB_H 1
#define HAVE_STRING_H 1
#define HAVE_MEMORY_H 1
#define HAVE_STRINGS_H 1
#define HAVE_INTTYPES_H 1
#define HAVE_STDINT_H 1
#define HAVE_UNISTD_H 1
#define LT_OBJDIR ".libs/"
#define HAVE_ALLOCA 1

configure: exit 0
