This file contains any messages produced by compilers while
running configure, to aid debugging if configure makes a mistake.

It was created by configure, which was
generated by GNU Autoconf 2.71.  Invocation command line was

  $ ./configure --prefix=/Users/admin/cegcc/arm-mingw32ce --host=arm-mingw32ce --target=arm-mingw32ce --disable-shared

## --------- ##
## Platform. ##
## --------- ##

hostname = OshironoMacBook-Air.local
uname -m = x86_64
uname -r = 22.1.0
uname -s = Darwin
uname -v = Darwin Kernel Version 22.1.0: Sun Oct  9 20:14:54 PDT 2022; root:xnu-8792.41.9~2/RELEASE_X86_64

/usr/bin/uname -p = i386
/bin/uname -X     = unknown

/bin/arch              = unknown
/usr/bin/arch -k       = unknown
/usr/convex/getsysinfo = unknown
/usr/bin/hostinfo      = Mach kernel version:
	 Darwin Kernel Version 22.1.0: Sun Oct  9 20:14:54 PDT 2022; root:xnu-8792.41.9~2/RELEASE_X86_64
Kernel configured for up to 4 processors.
2 processors are physically available.
4 processors are logically available.
Processor type: x86_64h (Intel x86-64h Haswell)
Processors active: 0 1 2 3
Primary memory available: 8.00 gigabytes
Default processor set: 506 tasks, 2056 threads, 4 processors
Load average: 4.88, Mach factor: 1.15
/bin/machine           = unknown
/usr/bin/oslevel       = unknown
/bin/universe          = unknown

PATH: /usr/local/bin/
PATH: /System/Cryptexes/App/usr/bin/
PATH: /usr/bin/
PATH: /bin/
PATH: /usr/sbin/
PATH: /sbin/
PATH: /opt/devkitpro/tools/bin/
PATH: /Users/admin/cegcc/bin/
PATH: /Users/admin/vitasdk/bin/
PATH: /Users/admin/devkitPro/tools/bin/
PATH: /Users/admin/devkitPro/devkitSH4/bin/
PATH: /Users/admin/devkitPro/devkitPPC/bin/


## ----------- ##
## Core tests. ##
## ----------- ##

configure:2513: looking for aux files: ltmain.sh compile missing install-sh config.guess config.sub
configure:2526:  trying ./
configure:2555:   ./ltmain.sh found
configure:2555:   ./compile found
configure:2555:   ./missing found
configure:2537:   ./install-sh found
configure:2555:   ./config.guess found
configure:2555:   ./config.sub found
configure:2674: checking build system type
configure:2689: result: x86_64-apple-darwin22.1.0
configure:2709: checking host system type
configure:2723: result: arm-unknown-mingw32ce
configure:2743: checking target system type
configure:2757: result: arm-unknown-mingw32ce
configure:2804: checking for a BSD-compatible install
configure:2877: result: /usr/bin/install -c
configure:2888: checking whether build environment is sane
configure:2943: result: yes
configure:2999: checking for arm-mingw32ce-strip
configure:3020: found /Users/admin/cegcc/bin/arm-mingw32ce-strip
configure:3031: result: arm-mingw32ce-strip
configure:3102: checking for a race-free mkdir -p
configure:3146: result: ./install-sh -c -d
configure:3153: checking for gawk
configure:3188: result: no
configure:3153: checking for mawk
configure:3188: result: no
configure:3153: checking for nawk
configure:3188: result: no
configure:3153: checking for awk
configure:3174: found /usr/bin/awk
configure:3185: result: awk
configure:3196: checking whether make sets $(MAKE)
configure:3219: result: yes
configure:3249: checking whether make supports nested variables
configure:3267: result: yes
configure:3406: checking whether to enable maintainer-specific portions of Makefiles
configure:3416: result: no
configure:3457: checking for arm-mingw32ce-gcc
configure:3478: found /Users/admin/cegcc/bin/arm-mingw32ce-gcc
configure:3489: result: arm-mingw32ce-gcc
configure:3887: checking for C compiler version
configure:3896: arm-mingw32ce-gcc --version >&5
arm-mingw32ce-gcc (GCC) 9.3.0
Copyright (C) 2019 Free Software Foundation, Inc.
This is free software; see the source for copying conditions.  There is NO
warranty; not even for MERCHANTABILITY or FITNESS FOR A PARTICULAR PURPOSE.

configure:3907: $? = 0
configure:3896: arm-mingw32ce-gcc -v >&5
Using built-in specs.
COLLECT_GCC=arm-mingw32ce-gcc
COLLECT_LTO_WRAPPER=/Users/admin/cegcc/bin/../libexec/gcc/arm-mingw32ce/9.3.0/lto-wrapper
Target: arm-mingw32ce
Configured with: /Users/admin/cegcc-build/gcc/configure --prefix=/tmp/cegcc --build=x86_64-apple-darwin21.1.0 --with-gcc --with-gnu-ld --with-gnu-as --enable-threads=win32 --disable-nls --enable-languages=c,c++ --disable-win32-registry --disable-multilib --disable-interwork --without-newlib --enable-checking --with-headers --disable-__cxa_atexit --host=x86_64-apple-darwin21.1.0 --target=arm-mingw32ce
Thread model: win32
gcc version 9.3.0 (GCC) 
configure:3907: $? = 0
configure:3896: arm-mingw32ce-gcc -V >&5
arm-mingw32ce-gcc: error: unrecognized command line option '-V'
arm-mingw32ce-gcc: fatal error: no input files
compilation terminated.
configure:3907: $? = 1
configure:3896: arm-mingw32ce-gcc -qversion >&5
arm-mingw32ce-gcc: error: unrecognized command line option '-qversion'; did you mean '--version'?
arm-mingw32ce-gcc: fatal error: no input files
compilation terminated.
configure:3907: $? = 1
configure:3896: arm-mingw32ce-gcc -version >&5
arm-mingw32ce-gcc: error: unrecognized command line option '-version'
arm-mingw32ce-gcc: fatal error: no input files
compilation terminated.
configure:3907: $? = 1
configure:3927: checking whether the C compiler works
configure:3949: arm-mingw32ce-gcc    conftest.c  >&5
configure:3953: $? = 0
configure:4003: result: yes
configure:4006: checking for C compiler default output file name
configure:4008: result: a.exe
configure:4014: checking for suffix of executables
configure:4021: arm-mingw32ce-gcc -o conftest.exe    conftest.c  >&5
configure:4025: $? = 0
configure:4048: result: .exe
configure:4070: checking whether we are cross compiling
configure:4078: arm-mingw32ce-gcc -o conftest.exe    conftest.c  >&5
configure:4082: $? = 0
configure:4089: ./conftest.exe
./configure: line 4091: ./conftest.exe: cannot execute binary file
configure:4093: $? = 126
configure:4108: result: yes
configure:4113: checking for suffix of object files
configure:4136: arm-mingw32ce-gcc -c   conftest.c >&5
configure:4140: $? = 0
configure:4162: result: o
configure:4166: checking whether the compiler supports GNU C
configure:4186: arm-mingw32ce-gcc -c   conftest.c >&5
configure:4186: $? = 0
configure:4196: result: yes
configure:4207: checking whether arm-mingw32ce-gcc accepts -g
configure:4228: arm-mingw32ce-gcc -c -g  conftest.c >&5
configure:4228: $? = 0
configure:4272: result: yes
configure:4292: checking for arm-mingw32ce-gcc option to enable C11 features
configure:4307: arm-mingw32ce-gcc  -c -g -O2  conftest.c >&5
configure:4307: $? = 0
configure:4325: result: none needed
configure:4441: checking whether arm-mingw32ce-gcc understands -c and -o together
configure:4464: arm-mingw32ce-gcc -c conftest.c -o conftest2.o
configure:4467: $? = 0
configure:4464: arm-mingw32ce-gcc -c conftest.c -o conftest2.o
configure:4467: $? = 0
configure:4479: result: yes
configure:4499: checking whether make supports the include directive
configure:4514: make -f confmf.GNU && cat confinc.out
this is the am__doit target
configure:4517: $? = 0
configure:4536: result: yes (GNU style)
configure:4562: checking dependency style of arm-mingw32ce-gcc
configure:4674: result: gcc3
configure:4694: checking how to run the C preprocessor
configure:4720: arm-mingw32ce-gcc -E  conftest.c
configure:4720: $? = 0
configure:4735: arm-mingw32ce-gcc -E  conftest.c
conftest.c:11:10: fatal error: ac_nonexistent.h: No such file or directory
   11 | #include <ac_nonexistent.h>
      |          ^~~~~~~~~~~~~~~~~~
compilation terminated.
configure:4735: $? = 1
configure: failed program was:
| /* confdefs.h */
| #define PACKAGE_NAME ""
| #define PACKAGE_TARNAME ""
| #define PACKAGE_VERSION ""
| #define PACKAGE_STRING ""
| #define PACKAGE_BUGREPORT ""
| #define PACKAGE_URL ""
| #define PACKAGE "libvorbisidec"
| #define VERSION "1.2.1"
| /* end confdefs.h.  */
| #include <ac_nonexistent.h>
configure:4762: result: arm-mingw32ce-gcc -E
configure:4776: arm-mingw32ce-gcc -E  conftest.c
configure:4776: $? = 0
configure:4791: arm-mingw32ce-gcc -E  conftest.c
conftest.c:11:10: fatal error: ac_nonexistent.h: No such file or directory
   11 | #include <ac_nonexistent.h>
      |          ^~~~~~~~~~~~~~~~~~
compilation terminated.
configure:4791: $? = 1
configure: failed program was:
| /* confdefs.h */
| #define PACKAGE_NAME ""
| #define PACKAGE_TARNAME ""
| #define PACKAGE_VERSION ""
| #define PACKAGE_STRING ""
| #define PACKAGE_BUGREPORT ""
| #define PACKAGE_URL ""
| #define PACKAGE "libvorbisidec"
| #define VERSION "1.2.1"
| /* end confdefs.h.  */
| #include <ac_nonexistent.h>
configure:4870: checking how to print strings
configure:4897: result: printf
configure:4918: checking for a sed that does not truncate output
configure:4988: result: /usr/bin/sed
configure:5006: checking for grep that handles long lines and -e
configure:5070: result: /usr/bin/grep
configure:5075: checking for egrep
configure:5143: result: /usr/bin/grep -E
configure:5148: checking for fgrep
configure:5216: result: /usr/bin/grep -F
configure:5252: checking for ld used by arm-mingw32ce-gcc
configure:5320: result: /Users/admin/cegcc/arm-mingw32ce/bin/ld
configure:5327: checking if the linker (/Users/admin/cegcc/arm-mingw32ce/bin/ld) is GNU ld
configure:5343: result: yes
configure:5355: checking for BSD- or MS-compatible name lister (nm)
configure:5410: result: /Users/admin/cegcc/bin/arm-mingw32ce-nm -B
configure:5550: checking the name lister (/Users/admin/cegcc/bin/arm-mingw32ce-nm -B) interface
configure:5558: arm-mingw32ce-gcc -c   conftest.c >&5
configure:5561: /Users/admin/cegcc/bin/arm-mingw32ce-nm -B "conftest.o"
configure:5564: output
00000000 b .bss
00000000 d .data
00000000 t .text
00000000 B some_variable
configure:5571: result: BSD nm
configure:5574: checking whether ln -s works
configure:5578: result: yes
configure:5586: checking the maximum length of command line arguments
configure:5718: result: 786432
configure:5766: checking how to convert x86_64-apple-darwin22.1.0 file names to arm-unknown-mingw32ce format
configure:5807: result: func_convert_file_nix_to_w32
configure:5814: checking how to convert x86_64-apple-darwin22.1.0 file names to toolchain format
configure:5835: result: func_convert_file_noop
configure:5842: checking for /Users/admin/cegcc/arm-mingw32ce/bin/ld option to reload object files
configure:5850: result: -r
configure:5884: checking for arm-mingw32ce-file
configure:5919: result: no
configure:5929: checking for file
configure:5950: found /usr/bin/file
configure:5961: result: file
configure:5973: WARNING: using cross tools not prefixed with host triplet
configure:5992: checking for arm-mingw32ce-objdump
configure:6013: found /Users/admin/cegcc/bin/arm-mingw32ce-objdump
configure:6024: result: arm-mingw32ce-objdump
configure:6101: checking how to recognize dependent libraries
configure:6302: result: file_magic ^x86 archive import|^x86 DLL
configure:6347: checking for arm-mingw32ce-dlltool
configure:6368: found /Users/admin/cegcc/bin/arm-mingw32ce-dlltool
configure:6379: result: arm-mingw32ce-dlltool
configure:6457: checking how to associate runtime and link libraries
configure:6485: result: func_cygming_dll_for_implib
configure:6502: checking for arm-mingw32ce-ar
configure:6523: found /Users/admin/cegcc/bin/arm-mingw32ce-ar
configure:6534: result: arm-mingw32ce-ar
configure:6636: checking for archiver @FILE support
configure:6654: arm-mingw32ce-gcc -c   conftest.c >&5
configure:6654: $? = 0
configure:6658: arm-mingw32ce-ar cr libconftest.a @conftest.lst >&5
configure:6661: $? = 0
configure:6666: arm-mingw32ce-ar cr libconftest.a @conftest.lst >&5
arm-mingw32ce-ar: conftest.o: No such file or directory
configure:6669: $? = 1
configure:6681: result: @
configure:6699: checking for arm-mingw32ce-strip
configure:6731: result: arm-mingw32ce-strip
configure:6808: checking for arm-mingw32ce-ranlib
configure:6829: found /Users/admin/cegcc/bin/arm-mingw32ce-ranlib
configure:6840: result: arm-mingw32ce-ranlib
configure:6987: checking command to parse /Users/admin/cegcc/bin/arm-mingw32ce-nm -B output from arm-mingw32ce-gcc object
configure:7141: arm-mingw32ce-gcc -c   conftest.c >&5
configure:7144: $? = 0
configure:7148: /Users/admin/cegcc/bin/arm-mingw32ce-nm -B conftest.o \| /usr/bin/sed -n -e 's/^.*[ ]\([ABCDGIRSTW][ABCDGIRSTW]*\)[ ][ ]*\([_A-Za-z][_A-Za-z0-9]*\)$/\1 \2 \2/p' | /usr/bin/sed '/ __gnu_lto/d' \> conftest.nm
configure:7151: $? = 0
configure:7217: arm-mingw32ce-gcc -o conftest.exe    conftest.c conftstm.o >&5
configure:7220: $? = 0
configure:7258: result: ok
configure:7305: checking for sysroot
configure:7336: result: no
configure:7343: checking for a working dd
configure:7387: result: /bin/dd
configure:7391: checking how to truncate binary pipes
configure:7407: result: /bin/dd bs=4096 count=1
configure:7699: checking for arm-mingw32ce-mt
configure:7734: result: no
configure:7744: checking for mt
configure:7779: result: no
configure:7799: checking if : is a manifest tool
configure:7806: : '-?'
configure:7814: result: no
configure:8539: checking for stdio.h
configure:8539: arm-mingw32ce-gcc -c   conftest.c >&5
configure:8539: $? = 0
configure:8539: result: yes
configure:8539: checking for stdlib.h
configure:8539: arm-mingw32ce-gcc -c   conftest.c >&5
configure:8539: $? = 0
configure:8539: result: yes
configure:8539: checking for string.h
configure:8539: arm-mingw32ce-gcc -c   conftest.c >&5
configure:8539: $? = 0
configure:8539: result: yes
configure:8539: checking for inttypes.h
configure:8539: arm-mingw32ce-gcc -c   conftest.c >&5
configure:8539: $? = 0
configure:8539: result: yes
configure:8539: checking for stdint.h
configure:8539: arm-mingw32ce-gcc -c   conftest.c >&5
configure:8539: $? = 0
configure:8539: result: yes
configure:8539: checking for strings.h
configure:8539: arm-mingw32ce-gcc -c   conftest.c >&5
configure:8539: $? = 0
configure:8539: result: yes
configure:8539: checking for sys/stat.h
configure:8539: arm-mingw32ce-gcc -c   conftest.c >&5
configure:8539: $? = 0
configure:8539: result: yes
configure:8539: checking for sys/types.h
configure:8539: arm-mingw32ce-gcc -c   conftest.c >&5
configure:8539: $? = 0
configure:8539: result: yes
configure:8539: checking for unistd.h
configure:8539: arm-mingw32ce-gcc -c   conftest.c >&5
configure:8539: $? = 0
configure:8539: result: yes
configure:8564: checking for dlfcn.h
configure:8564: arm-mingw32ce-gcc -c   conftest.c >&5
conftest.c:50:10: fatal error: dlfcn.h: No such file or directory
   50 | #include <dlfcn.h>
      |          ^~~~~~~~~
compilation terminated.
configure:8564: $? = 1
configure: failed program was:
| /* confdefs.h */
| #define PACKAGE_NAME ""
| #define PACKAGE_TARNAME ""
| #define PACKAGE_VERSION ""
| #define PACKAGE_STRING ""
| #define PACKAGE_BUGREPORT ""
| #define PACKAGE_URL ""
| #define PACKAGE "libvorbisidec"
| #define VERSION "1.2.1"
| #define HAVE_STDIO_H 1
| #define HAVE_STDLIB_H 1
| #define HAVE_STRING_H 1
| #define HAVE_INTTYPES_H 1
| #define HAVE_STDINT_H 1
| #define HAVE_STRINGS_H 1
| #define HAVE_SYS_STAT_H 1
| #define HAVE_SYS_TYPES_H 1
| #define HAVE_UNISTD_H 1
| #define STDC_HEADERS 1
| /* end confdefs.h.  */
| #include <stddef.h>
| #ifdef HAVE_STDIO_H
| # include <stdio.h>
| #endif
| #ifdef HAVE_STDLIB_H
| # include <stdlib.h>
| #endif
| #ifdef HAVE_STRING_H
| # include <string.h>
| #endif
| #ifdef HAVE_INTTYPES_H
| # include <inttypes.h>
| #endif
| #ifdef HAVE_STDINT_H
| # include <stdint.h>
| #endif
| #ifdef HAVE_STRINGS_H
| # include <strings.h>
| #endif
| #ifdef HAVE_SYS_TYPES_H
| # include <sys/types.h>
| #endif
| #ifdef HAVE_SYS_STAT_H
| # include <sys/stat.h>
| #endif
| #ifdef HAVE_UNISTD_H
| # include <unistd.h>
| #endif
| 
| #include <dlfcn.h>
configure:8564: result: no
configure:8823: checking for objdir
configure:8839: result: .libs
configure:9099: checking if arm-mingw32ce-gcc supports -fno-rtti -fno-exceptions
configure:9118: arm-mingw32ce-gcc -c   -fno-rtti -fno-exceptions conftest.c >&5
cc1: warning: command line option '-fno-rtti' is valid for C++/D/ObjC++ but not for C
configure:9122: $? = 0
configure:9135: result: no
configure:9493: checking for arm-mingw32ce-gcc option to produce PIC
configure:9501: result: -DDLL_EXPORT -DPIC
configure:9509: checking if arm-mingw32ce-gcc PIC flag -DDLL_EXPORT -DPIC works
configure:9528: arm-mingw32ce-gcc -c   -DDLL_EXPORT -DPIC -DPIC conftest.c >&5
configure:9532: $? = 0
configure:9545: result: yes
configure:9574: checking if arm-mingw32ce-gcc static flag -static works
configure:9603: result: yes
configure:9618: checking if arm-mingw32ce-gcc supports -c -o file.o
configure:9640: arm-mingw32ce-gcc -c   -o out/conftest2.o conftest.c >&5
configure:9644: $? = 0
configure:9666: result: yes
configure:9674: checking if arm-mingw32ce-gcc supports -c -o file.o
configure:9722: result: yes
configure:9755: checking whether the arm-mingw32ce-gcc linker (/Users/admin/cegcc/arm-mingw32ce/bin/ld) supports shared libraries
configure:11023: result: yes
configure:11264: checking dynamic linker characteristics
configure:12085: result: Win32 ld.exe
configure:12207: checking how to hardcode library paths into programs
configure:12232: result: immediate
configure:12784: checking whether stripping libraries is possible
configure:12793: result: yes
configure:12835: checking if libtool supports shared libraries
configure:12837: result: yes
configure:12840: checking whether to build shared libraries
configure:12865: result: no
configure:12868: checking whether to build static libraries
configure:12872: result: yes
configure:12957: checking for ld used by arm-mingw32ce-gcc
configure:13025: result: /Users/admin/cegcc/arm-mingw32ce/bin/ld
configure:13032: checking if the linker (/Users/admin/cegcc/arm-mingw32ce/bin/ld) is GNU ld
configure:13048: result: yes
configure:13081: checking for memory.h
configure:13081: arm-mingw32ce-gcc -c -O2 -Wall -D_ARM_ASSEM_ -fsigned-char  -D_REENTRANT  conftest.c >&5
configure:13081: $? = 0
configure:13081: result: yes
configure:13093: checking for size_t
configure:13093: arm-mingw32ce-gcc -c -O2 -Wall -D_ARM_ASSEM_ -fsigned-char  -D_REENTRANT -DUSE_MEMORY_H  conftest.c >&5
configure:13093: $? = 0
configure:13093: arm-mingw32ce-gcc -c -O2 -Wall -D_ARM_ASSEM_ -fsigned-char  -D_REENTRANT -DUSE_MEMORY_H  conftest.c >&5
conftest.c: In function 'main':
conftest.c:53:21: error: expected expression before ')' token
   53 | if (sizeof ((size_t)))
      |                     ^
configure:13093: $? = 1
configure: failed program was:
| /* confdefs.h */
| #define PACKAGE_NAME ""
| #define PACKAGE_TARNAME ""
| #define PACKAGE_VERSION ""
| #define PACKAGE_STRING ""
| #define PACKAGE_BUGREPORT ""
| #define PACKAGE_URL ""
| #define PACKAGE "libvorbisidec"
| #define VERSION "1.2.1"
| #define HAVE_STDIO_H 1
| #define HAVE_STDLIB_H 1
| #define HAVE_STRING_H 1
| #define HAVE_INTTYPES_H 1
| #define HAVE_STDINT_H 1
| #define HAVE_STRINGS_H 1
| #define HAVE_SYS_STAT_H 1
| #define HAVE_SYS_TYPES_H 1
| #define HAVE_UNISTD_H 1
| #define STDC_HEADERS 1
| #define LT_OBJDIR ".libs/"
| /* end confdefs.h.  */
| #include <stddef.h>
| #ifdef HAVE_STDIO_H
| # include <stdio.h>
| #endif
| #ifdef HAVE_STDLIB_H
| # include <stdlib.h>
| #endif
| #ifdef HAVE_STRING_H
| # include <string.h>
| #endif
| #ifdef HAVE_INTTYPES_H
| # include <inttypes.h>
| #endif
| #ifdef HAVE_STDINT_H
| # include <stdint.h>
| #endif
| #ifdef HAVE_STRINGS_H
| # include <strings.h>
| #endif
| #ifdef HAVE_SYS_TYPES_H
| # include <sys/types.h>
| #endif
| #ifdef HAVE_SYS_STAT_H
| # include <sys/stat.h>
| #endif
| #ifdef HAVE_UNISTD_H
| # include <unistd.h>
| #endif
| int
| main (void)
| {
| if (sizeof ((size_t)))
| 	    return 0;
|   ;
|   return 0;
| }
configure:13093: result: yes
configure:13105: checking for working alloca.h
configure:13123: arm-mingw32ce-gcc -o conftest.exe -O2 -Wall -D_ARM_ASSEM_ -fsigned-char  -D_REENTRANT -DUSE_MEMORY_H    -Wl,--version-script=Version_script conftest.c  >&5
conftest.c:22:10: fatal error: alloca.h: No such file or directory
   22 | #include <alloca.h>
      |          ^~~~~~~~~~
compilation terminated.
configure:13123: $? = 1
configure: failed program was:
| /* confdefs.h */
| #define PACKAGE_NAME ""
| #define PACKAGE_TARNAME ""
| #define PACKAGE_VERSION ""
| #define PACKAGE_STRING ""
| #define PACKAGE_BUGREPORT ""
| #define PACKAGE_URL ""
| #define PACKAGE "libvorbisidec"
| #define VERSION "1.2.1"
| #define HAVE_STDIO_H 1
| #define HAVE_STDLIB_H 1
| #define HAVE_STRING_H 1
| #define HAVE_INTTYPES_H 1
| #define HAVE_STDINT_H 1
| #define HAVE_STRINGS_H 1
| #define HAVE_SYS_STAT_H 1
| #define HAVE_SYS_TYPES_H 1
| #define HAVE_UNISTD_H 1
| #define STDC_HEADERS 1
| #define LT_OBJDIR ".libs/"
| /* end confdefs.h.  */
| #include <alloca.h>
| int
| main (void)
| {
| char *p = (char *) alloca (2 * sizeof (int));
| 			  if (p) return 0;
|   ;
|   return 0;
| }
configure:13132: result: no
configure:13140: checking for alloca
configure:13176: arm-mingw32ce-gcc -o conftest.exe -O2 -Wall -D_ARM_ASSEM_ -fsigned-char  -D_REENTRANT -DUSE_MEMORY_H    -Wl,--version-script=Version_script conftest.c  >&5
configure:13176: $? = 0
configure:13185: result: yes
configure:13252: checking for working memcmp
configure:13308: result: no
configure:13435: checking that generated files are newer than configure
configure:13441: result: done
configure:13468: creating ./config.status

## ---------------------- ##
## Running config.status. ##
## ---------------------- ##

This file was extended by config.status, which was
generated by GNU Autoconf 2.71.  Invocation command line was

  CONFIG_FILES    = 
  CONFIG_HEADERS  = 
  CONFIG_LINKS    = 
  CONFIG_COMMANDS = 
  $ ./config.status 

on OshironoMacBook-Air.local

config.status:1111: creating Makefile
config.status:1111: creating Version_script
config.status:1111: creating vorbisidec.pc
config.status:1111: creating config.h
config.status:1292: config.h is unchanged
config.status:1340: executing depfiles commands
config.status:1417: cd .       && sed -e '/# am--include-marker/d' Makefile         | make -f - am--depfiles
config.status:1422: $? = 0
config.status:1340: executing libtool commands

## ---------------- ##
## Cache variables. ##
## ---------------- ##

ac_cv_build=x86_64-apple-darwin22.1.0
ac_cv_c_compiler_gnu=yes
ac_cv_env_CC_set=
ac_cv_env_CC_value=
ac_cv_env_CFLAGS_set=
ac_cv_env_CFLAGS_value=
ac_cv_env_CPPFLAGS_set=
ac_cv_env_CPPFLAGS_value=
ac_cv_env_CPP_set=
ac_cv_env_CPP_value=
ac_cv_env_LDFLAGS_set=
ac_cv_env_LDFLAGS_value=
ac_cv_env_LIBS_set=
ac_cv_env_LIBS_value=
ac_cv_env_LT_SYS_LIBRARY_PATH_set=
ac_cv_env_LT_SYS_LIBRARY_PATH_value=
ac_cv_env_build_alias_set=
ac_cv_env_build_alias_value=
ac_cv_env_host_alias_set=set
ac_cv_env_host_alias_value=arm-mingw32ce
ac_cv_env_target_alias_set=set
ac_cv_env_target_alias_value=arm-mingw32ce
ac_cv_exeext=.exe
ac_cv_func_alloca_works=yes
ac_cv_func_memcmp_working=no
ac_cv_header_dlfcn_h=no
ac_cv_header_inttypes_h=yes
ac_cv_header_memory_h=yes
ac_cv_header_stdint_h=yes
ac_cv_header_stdio_h=yes
ac_cv_header_stdlib_h=yes
ac_cv_header_string_h=yes
ac_cv_header_strings_h=yes
ac_cv_header_sys_stat_h=yes
ac_cv_header_sys_types_h=yes
ac_cv_header_unistd_h=yes
ac_cv_host=arm-unknown-mingw32ce
ac_cv_objext=o
ac_cv_path_EGREP='/usr/bin/grep -E'
ac_cv_path_FGREP='/usr/bin/grep -F'
ac_cv_path_GREP=/usr/bin/grep
ac_cv_path_SED=/usr/bin/sed
ac_cv_path_install='/usr/bin/install -c'
ac_cv_path_lt_DD=/bin/dd
ac_cv_prog_AR=arm-mingw32ce-ar
ac_cv_prog_AWK=awk
ac_cv_prog_CC=arm-mingw32ce-gcc
ac_cv_prog_CPP='arm-mingw32ce-gcc -E'
ac_cv_prog_DLLTOOL=arm-mingw32ce-dlltool
ac_cv_prog_OBJDUMP=arm-mingw32ce-objdump
ac_cv_prog_RANLIB=arm-mingw32ce-ranlib
ac_cv_prog_STRIP=arm-mingw32ce-strip
ac_cv_prog_ac_ct_FILECMD=file
ac_cv_prog_cc_c11=
ac_cv_prog_cc_g=yes
ac_cv_prog_cc_stdc=
ac_cv_prog_make_make_set=yes
ac_cv_target=arm-unknown-mingw32ce
ac_cv_type_size_t=yes
ac_cv_working_alloca_h=no
am_cv_CC_dependencies_compiler_type=gcc3
am_cv_make_support_nested_variables=yes
am_cv_prog_cc_c_o=yes
lt_cv_ar_at_file=@
lt_cv_deplibs_check_method='file_magic ^x86 archive import|^x86 DLL'
lt_cv_file_magic_cmd=func_win32_libid
lt_cv_file_magic_test_file=
lt_cv_ld_reload_flag=-r
lt_cv_nm_interface='BSD nm'
lt_cv_objdir=.libs
lt_cv_path_LD=/Users/admin/cegcc/arm-mingw32ce/bin/ld
lt_cv_path_NM='/Users/admin/cegcc/bin/arm-mingw32ce-nm -B'
lt_cv_path_mainfest_tool=no
lt_cv_prog_compiler_c_o=yes
lt_cv_prog_compiler_pic='-DDLL_EXPORT -DPIC'
lt_cv_prog_compiler_pic_works=yes
lt_cv_prog_compiler_rtti_exceptions=no
lt_cv_prog_compiler_static_works=yes
lt_cv_prog_gnu_ld=yes
lt_cv_sharedlib_from_linklib_cmd=func_cygming_dll_for_implib
lt_cv_sys_global_symbol_pipe='/usr/bin/sed -n -e '\''s/^.*[	 ]\([ABCDGIRSTW][ABCDGIRSTW]*\)[	 ][	 ]*\([_A-Za-z][_A-Za-z0-9]*\)$/\1 \2 \2/p'\'' | /usr/bin/sed '\''/ __gnu_lto/d'\'''
lt_cv_sys_global_symbol_to_c_name_address='/usr/bin/sed -n -e '\''s/^: \(.*\) .*$/  {"\1", (void *) 0},/p'\'' -e '\''s/^[ABCDGIRSTW][ABCDGIRSTW]* .* \(.*\)$/  {"\1", (void *) \&\1},/p'\'''
lt_cv_sys_global_symbol_to_c_name_address_lib_prefix='/usr/bin/sed -n -e '\''s/^: \(.*\) .*$/  {"\1", (void *) 0},/p'\'' -e '\''s/^[ABCDGIRSTW][ABCDGIRSTW]* .* \(lib.*\)$/  {"\1", (void *) \&\1},/p'\'' -e '\''s/^[ABCDGIRSTW][ABCDGIRSTW]* .* \(.*\)$/  {"lib\1", (void *) \&\1},/p'\'''
lt_cv_sys_global_symbol_to_cdecl='/usr/bin/sed -n -e '\''s/^T .* \(.*\)$/extern int \1();/p'\'' -e '\''s/^[ABCDGIRSTW][ABCDGIRSTW]* .* \(.*\)$/extern char \1;/p'\'''
lt_cv_sys_global_symbol_to_import=
lt_cv_sys_max_cmd_len=786432
lt_cv_to_host_file_cmd=func_convert_file_nix_to_w32
lt_cv_to_tool_file_cmd=func_convert_file_noop
lt_cv_truncate_bin='/bin/dd bs=4096 count=1'

## ----------------- ##
## Output variables. ##
## ----------------- ##

ACLOCAL='${SHELL} '\''/Users/admin/Downloads/ports/tremor/missing'\'' aclocal-1.16'
ALLOCA=''
AMDEPBACKSLASH='\'
AMDEP_FALSE='#'
AMDEP_TRUE=''
AMTAR='$${TAR-tar}'
AM_BACKSLASH='\'
AM_DEFAULT_V='$(AM_DEFAULT_VERBOSITY)'
AM_DEFAULT_VERBOSITY='1'
AM_V='$(V)'
AR='arm-mingw32ce-ar'
AUTOCONF='${SHELL} '\''/Users/admin/Downloads/ports/tremor/missing'\'' autoconf'
AUTOHEADER='${SHELL} '\''/Users/admin/Downloads/ports/tremor/missing'\'' autoheader'
AUTOMAKE='${SHELL} '\''/Users/admin/Downloads/ports/tremor/missing'\'' automake-1.16'
AWK='awk'
CC='arm-mingw32ce-gcc'
CCDEPMODE='depmode=gcc3'
CFLAGS='-O2 -Wall -D_ARM_ASSEM_ -fsigned-char  -D_REENTRANT -DUSE_MEMORY_H'
CPP='arm-mingw32ce-gcc -E'
CPPFLAGS=''
CSCOPE='cscope'
CTAGS='ctags'
CYGPATH_W='echo'
DEBUG='-g -Wall -W -D__NO_MATH_INLINES -fsigned-char -D_ARM_ASSEM_'
DEFS='-DHAVE_CONFIG_H'
DEPDIR='.deps'
DLLTOOL='arm-mingw32ce-dlltool'
DSYMUTIL=''
DUMPBIN=''
ECHO_C='\c'
ECHO_N=''
ECHO_T=''
EGREP='/usr/bin/grep -E'
ETAGS='etags'
EXEEXT='.exe'
FGREP='/usr/bin/grep -F'
FILECMD='file'
GREP='/usr/bin/grep'
INSTALL_DATA='${INSTALL} -m 644'
INSTALL_PROGRAM='${INSTALL}'
INSTALL_SCRIPT='${INSTALL}'
INSTALL_STRIP_PROGRAM='$(install_sh) -c -s'
LD='/Users/admin/cegcc/arm-mingw32ce/bin/ld'
LDFLAGS='  -Wl,--version-script=Version_script'
LIBOBJS=' ${LIBOBJDIR}memcmp$U.o'
LIBS=''
LIBTOOL='$(SHELL) $(top_builddir)/libtool'
LIPO=''
LN_S='ln -s'
LTLIBOBJS=' ${LIBOBJDIR}memcmp$U.lo'
LT_SYS_LIBRARY_PATH=''
MAINT='#'
MAINTAINER_MODE_FALSE=''
MAINTAINER_MODE_TRUE='#'
MAKEINFO='${SHELL} '\''/Users/admin/Downloads/ports/tremor/missing'\'' makeinfo'
MANIFEST_TOOL=':'
MKDIR_P='./install-sh -c -d'
NM='/Users/admin/cegcc/bin/arm-mingw32ce-nm -B'
NMEDIT=''
OBJDUMP='arm-mingw32ce-objdump'
OBJEXT='o'
OTOOL64=''
OTOOL=''
PACKAGE='libvorbisidec'
PACKAGE_BUGREPORT=''
PACKAGE_NAME=''
PACKAGE_STRING=''
PACKAGE_TARNAME=''
PACKAGE_URL=''
PACKAGE_VERSION=''
PATH_SEPARATOR=':'
PROFILE='-Wall -pg -g -O2 -D_ARM_ASSEM_ -fsigned-char -fno-inline-functions'
RANLIB='arm-mingw32ce-ranlib'
SED='/usr/bin/sed'
SET_MAKE=''
SHELL='/bin/sh'
STRIP='arm-mingw32ce-strip'
VERSION='1.2.1'
V_LIB_AGE='0'
V_LIB_CURRENT='1'
V_LIB_REVISION='3'
ac_ct_AR=''
ac_ct_CC=''
ac_ct_DUMPBIN=''
am__EXEEXT_FALSE='#'
am__EXEEXT_TRUE=''
am__fastdepCC_FALSE='#'
am__fastdepCC_TRUE=''
am__include='include'
am__isrc=''
am__leading_dot='.'
am__nodep='_no'
am__quote=''
am__tar='$${TAR-tar} chof - "$$tardir"'
am__untar='$${TAR-tar} xf -'
bindir='${exec_prefix}/bin'
build='x86_64-apple-darwin22.1.0'
build_alias=''
build_cpu='x86_64'
build_os='darwin22.1.0'
build_vendor='apple'
datadir='${datarootdir}'
datarootdir='${prefix}/share'
docdir='${datarootdir}/doc/${PACKAGE}'
dvidir='${docdir}'
exec_prefix='${prefix}'
host='arm-unknown-mingw32ce'
host_alias='arm-mingw32ce'
host_cpu='arm'
host_os='mingw32ce'
host_vendor='unknown'
htmldir='${docdir}'
includedir='${prefix}/include'
infodir='${datarootdir}/info'
install_sh='${SHELL} /Users/admin/Downloads/ports/tremor/install-sh'
libdir='${exec_prefix}/lib'
libexecdir='${exec_prefix}/libexec'
localedir='${datarootdir}/locale'
localstatedir='${prefix}/var'
mandir='${datarootdir}/man'
mkdir_p='$(MKDIR_P)'
oldincludedir='/usr/include'
pdfdir='${docdir}'
prefix='/Users/admin/cegcc/arm-mingw32ce'
program_transform_name='s&^&arm-mingw32ce-&'
psdir='${docdir}'
runstatedir='${localstatedir}/run'
sbindir='${exec_prefix}/sbin'
sharedstatedir='${prefix}/com'
sysconfdir='${prefix}/etc'
target='arm-unknown-mingw32ce'
target_alias='arm-mingw32ce'
target_cpu='arm'
target_os='mingw32ce'
target_vendor='unknown'

## ----------- ##
## confdefs.h. ##
## ----------- ##

/* confdefs.h */
#define PACKAGE_NAME ""
#define PACKAGE_TARNAME ""
#define PACKAGE_VERSION ""
#define PACKAGE_STRING ""
#define PACKAGE_BUGREPORT ""
#define PACKAGE_URL ""
#define PACKAGE "libvorbisidec"
#define VERSION "1.2.1"
#define HAVE_STDIO_H 1
#define HAVE_STDLIB_H 1
#define HAVE_STRING_H 1
#define HAVE_INTTYPES_H 1
#define HAVE_STDINT_H 1
#define HAVE_STRINGS_H 1
#define HAVE_SYS_STAT_H 1
#define HAVE_SYS_TYPES_H 1
#define HAVE_UNISTD_H 1
#define STDC_HEADERS 1
#define LT_OBJDIR ".libs/"
#define HAVE_ALLOCA 1

configure: exit 0
