This file contains any messages produced by compilers while
running configure, to aid debugging if configure makes a mistake.

It was created by MPEG Audio Decoder configure 0.15.1b, which was
generated by GNU Autoconf 2.59.  Invocation command line was

  $ ./configure --prefix=/home/cygwin/cegcc/arm-mingw32ce --host=arm-mingw32ce --disable-shared

## --------- ##
## Platform. ##
## --------- ##

hostname = NOTEPC
uname -m = i686
uname -r = 3.1.4(0.340/5/3)
uname -s = CYGWIN_NT-10.0-WOW
uname -v = 2020-02-19 08:45

/usr/bin/uname -p = unknown
/bin/uname -X     = unknown

/bin/arch              = i686
/usr/bin/arch -k       = unknown
/usr/convex/getsysinfo = unknown
hostinfo               = unknown
/bin/machine           = unknown
/usr/bin/oslevel       = unknown
/bin/universe          = unknown

PATH: /usr/local/bin
PATH: /usr/bin
PATH: /usr/bin
PATH: /cygdrive/c/Users/Hirotada/Documents/apps/ConEmu/ConEmu/Scripts
PATH: /cygdrive/c/Users/Hirotada/Documents/apps/ConEmu
PATH: /cygdrive/c/Users/Hirotada/Documents/apps/ConEmu/ConEmu
PATH: /cygdrive/c/Windows/system32
PATH: /cygdrive/c/Windows
PATH: /cygdrive/c/Windows/System32/Wbem
PATH: /cygdrive/c/Windows/System32/WindowsPowerShell/v1.0
PATH: /cygdrive/c/Windows/System32/OpenSSH
PATH: /cygdrive/c/Program Files (x86)/Symantec/VIP Access Client
PATH: /cygdrive/c/Program Files/Intel/WiFi/bin
PATH: /cygdrive/c/Program Files/Common Files/Intel/WirelessCommon
PATH: /cygdrive/c/Program Files/dotnet
PATH: /cygdrive/c/Users/Hirotada/AppData/Local/Microsoft/WindowsApps
PATH: /cygdrive/c/Users/Hirotada/AppData/Local/GitHubDesktop/bin
PATH: /cygdrive/c/Users/Hirotada/AppData/Local/Keybase


## ----------- ##
## Core tests. ##
## ----------- ##

configure:1588: checking for a BSD-compatible install
configure:1643: result: /usr/bin/install -c
configure:1654: checking whether build environment is sane
configure:1697: result: yes
configure:1754: checking for gawk
configure:1770: found /usr/bin/gawk
configure:1780: result: gawk
configure:1790: checking whether make sets $(MAKE)
configure:1810: result: yes
configure:1889: checking for arm-mingw32ce-strip
configure:1915: result: /home/cygwin/cegcc/bin/arm-mingw32ce-strip
configure:1985: checking build system type
configure:2003: result: i686-pc-cygwin
configure:2011: checking host system type
configure:2025: result: arm-unknown-mingw32ce
configure:2043: checking for arm-mingw32ce-gcc
configure:2069: result: /home/cygwin/cegcc/bin/arm-mingw32ce-gcc
configure:2351: checking for C compiler version
configure:2354: /home/cygwin/cegcc/bin/arm-mingw32ce-gcc --version </dev/null >&5
arm-mingw32ce-gcc (GCC) 9.3.0
Copyright (C) 2019 Free Software Foundation, Inc.
This is free software; see the source for copying conditions.  There is NO
warranty; not even for MERCHANTABILITY or FITNESS FOR A PARTICULAR PURPOSE.

configure:2357: $? = 0
configure:2359: /home/cygwin/cegcc/bin/arm-mingw32ce-gcc -v </dev/null >&5
Using built-in specs.
COLLECT_GCC=/home/cygwin/cegcc/bin/arm-mingw32ce-gcc
COLLECT_LTO_WRAPPER=/home/cygwin/cegcc/bin/../libexec/gcc/arm-mingw32ce/9.3.0/lto-wrapper.exe
Target: arm-mingw32ce
Configured with: /home/cygwin/cegcc-build/gcc/configure --prefix=/opt/cegcc --build=i686-pc-cygwin --with-gcc --with-gnu-ld --with-gnu-as --enable-threads=win32 --disable-nls --enable-languages=c,c++ --disable-win32-registry --disable-multilib --disable-interwork --without-newlib --enable-checking --with-headers --disable-__cxa_atexit --with-libiconv-prefix=/usr/local --host=i686-pc-cygwin --target=arm-mingw32ce
Thread model: win32
gcc version 9.3.0 (GCC) 
configure:2362: $? = 0
configure:2364: /home/cygwin/cegcc/bin/arm-mingw32ce-gcc -V </dev/null >&5
arm-mingw32ce-gcc: error: unrecognized command line option '-V'
arm-mingw32ce-gcc: fatal error: no input files
compilation terminated.
configure:2367: $? = 1
configure:2390: checking for C compiler default output file name
configure:2393: /home/cygwin/cegcc/bin/arm-mingw32ce-gcc    conftest.c  >&5
configure:2396: $? = 0
configure:2442: result: a.exe
configure:2447: checking whether the C compiler works
configure:2453: ./a.exe
./configure: line 2454: ./a.exe: cannot execute binary file: Exec format error
configure:2456: $? = 126
configure:2473: result: yes
configure:2480: checking whether we are cross compiling
configure:2482: result: yes
configure:2485: checking for suffix of executables
configure:2487: /home/cygwin/cegcc/bin/arm-mingw32ce-gcc -o conftest.exe    conftest.c  >&5
configure:2490: $? = 0
configure:2515: result: .exe
configure:2521: checking for suffix of object files
configure:2542: /home/cygwin/cegcc/bin/arm-mingw32ce-gcc -c   conftest.c >&5
configure:2545: $? = 0
configure:2567: result: o
configure:2571: checking whether we are using the GNU C compiler
configure:2595: /home/cygwin/cegcc/bin/arm-mingw32ce-gcc -c   conftest.c >&5
configure:2601: $? = 0
configure:2604: test -z 			 || test ! -s conftest.err
configure:2607: $? = 0
configure:2610: test -s conftest.o
configure:2613: $? = 0
configure:2626: result: yes
configure:2632: checking whether /home/cygwin/cegcc/bin/arm-mingw32ce-gcc accepts -g
configure:2653: /home/cygwin/cegcc/bin/arm-mingw32ce-gcc -c -g  conftest.c >&5
configure:2659: $? = 0
configure:2662: test -z 			 || test ! -s conftest.err
configure:2665: $? = 0
configure:2668: test -s conftest.o
configure:2671: $? = 0
configure:2682: result: yes
configure:2699: checking for /home/cygwin/cegcc/bin/arm-mingw32ce-gcc option to accept ANSI C
configure:2769: /home/cygwin/cegcc/bin/arm-mingw32ce-gcc  -c -g -O2  conftest.c >&5
configure:2775: $? = 0
configure:2778: test -z 			 || test ! -s conftest.err
configure:2781: $? = 0
configure:2784: test -s conftest.o
configure:2787: $? = 0
configure:2805: result: none needed
configure:2823: /home/cygwin/cegcc/bin/arm-mingw32ce-gcc -c -g -O2  conftest.c >&5
conftest.c:2:3: error: unknown type name 'choke'
    2 |   choke me
      |   ^~~~~
conftest.c:2:3: error: expected '=', ',', ';', 'asm' or '__attribute__' at end of input
configure:2829: $? = 1
configure: failed program was:
| #ifndef __cplusplus
|   choke me
| #endif
configure:2970: checking for style of include used by make
configure:2998: result: GNU
configure:3026: checking dependency style of /home/cygwin/cegcc/bin/arm-mingw32ce-gcc
configure:3109: result: gcc3
configure:3221: checking for a sed that does not truncate output
configure:3275: result: /usr/bin/sed
configure:3278: checking for egrep
configure:3288: result: grep -E
configure:3304: checking for ld used by /home/cygwin/cegcc/bin/arm-mingw32ce-gcc
configure:3371: result: /home/cygwin/cegcc/bin/arm-mingw32ce-ld
configure:3380: checking if the linker (/home/cygwin/cegcc/bin/arm-mingw32ce-ld) is GNU ld
configure:3395: result: yes
configure:3400: checking for /home/cygwin/cegcc/bin/arm-mingw32ce-ld option to reload object files
configure:3407: result: -r
configure:3416: checking for BSD-compatible nm
configure:3458: result: /home/cygwin/cegcc/bin/arm-mingw32ce-nm
configure:3462: checking whether ln -s works
configure:3466: result: yes
configure:3473: checking how to recognise dependent libraries
configure:3647: result: file_magic file format pei*-i386(.*architecture: i386)?
configure:3860: checking how to run the C preprocessor
configure:3895: /home/cygwin/cegcc/bin/arm-mingw32ce-gcc -E  -mno-cygwin conftest.c
configure:3901: $? = 0
configure:3933: /home/cygwin/cegcc/bin/arm-mingw32ce-gcc -E  -mno-cygwin conftest.c
conftest.c:11:10: fatal error: ac_nonexistent.h: No such file or directory
   11 | #include <ac_nonexistent.h>
      |          ^~~~~~~~~~~~~~~~~~
compilation terminated.
configure:3939: $? = 1
configure: failed program was:
| /* confdefs.h.  */
| 
| #define PACKAGE_NAME "MPEG Audio Decoder"
| #define PACKAGE_TARNAME "libmad"
| #define PACKAGE_VERSION "0.15.1b"
| #define PACKAGE_STRING "MPEG Audio Decoder 0.15.1b"
| #define PACKAGE_BUGREPORT "support@underbit.com"
| #define PACKAGE "libmad"
| #define VERSION "0.15.1b"
| /* end confdefs.h.  */
| #include <ac_nonexistent.h>
configure:3978: result: /home/cygwin/cegcc/bin/arm-mingw32ce-gcc -E
configure:4002: /home/cygwin/cegcc/bin/arm-mingw32ce-gcc -E  -mno-cygwin conftest.c
configure:4008: $? = 0
configure:4040: /home/cygwin/cegcc/bin/arm-mingw32ce-gcc -E  -mno-cygwin conftest.c
conftest.c:11:10: fatal error: ac_nonexistent.h: No such file or directory
   11 | #include <ac_nonexistent.h>
      |          ^~~~~~~~~~~~~~~~~~
compilation terminated.
configure:4046: $? = 1
configure: failed program was:
| /* confdefs.h.  */
| 
| #define PACKAGE_NAME "MPEG Audio Decoder"
| #define PACKAGE_TARNAME "libmad"
| #define PACKAGE_VERSION "0.15.1b"
| #define PACKAGE_STRING "MPEG Audio Decoder 0.15.1b"
| #define PACKAGE_BUGREPORT "support@underbit.com"
| #define PACKAGE "libmad"
| #define VERSION "0.15.1b"
| /* end confdefs.h.  */
| #include <ac_nonexistent.h>
configure:4090: checking for ANSI C header files
configure:4115: /home/cygwin/cegcc/bin/arm-mingw32ce-gcc -c -g -O2  -mno-cygwin conftest.c >&5
configure:4121: $? = 0
configure:4124: test -z 			 || test ! -s conftest.err
configure:4127: $? = 0
configure:4130: test -s conftest.o
configure:4133: $? = 0
configure:4245: result: yes
configure:4269: checking for sys/types.h
configure:4285: /home/cygwin/cegcc/bin/arm-mingw32ce-gcc -c -g -O2  -mno-cygwin conftest.c >&5
configure:4291: $? = 0
configure:4294: test -z 			 || test ! -s conftest.err
configure:4297: $? = 0
configure:4300: test -s conftest.o
configure:4303: $? = 0
configure:4314: result: yes
configure:4269: checking for sys/stat.h
configure:4285: /home/cygwin/cegcc/bin/arm-mingw32ce-gcc -c -g -O2  -mno-cygwin conftest.c >&5
configure:4291: $? = 0
configure:4294: test -z 			 || test ! -s conftest.err
configure:4297: $? = 0
configure:4300: test -s conftest.o
configure:4303: $? = 0
configure:4314: result: yes
configure:4269: checking for stdlib.h
configure:4285: /home/cygwin/cegcc/bin/arm-mingw32ce-gcc -c -g -O2  -mno-cygwin conftest.c >&5
configure:4291: $? = 0
configure:4294: test -z 			 || test ! -s conftest.err
configure:4297: $? = 0
configure:4300: test -s conftest.o
configure:4303: $? = 0
configure:4314: result: yes
configure:4269: checking for string.h
configure:4285: /home/cygwin/cegcc/bin/arm-mingw32ce-gcc -c -g -O2  -mno-cygwin conftest.c >&5
configure:4291: $? = 0
configure:4294: test -z 			 || test ! -s conftest.err
configure:4297: $? = 0
configure:4300: test -s conftest.o
configure:4303: $? = 0
configure:4314: result: yes
configure:4269: checking for memory.h
configure:4285: /home/cygwin/cegcc/bin/arm-mingw32ce-gcc -c -g -O2  -mno-cygwin conftest.c >&5
configure:4291: $? = 0
configure:4294: test -z 			 || test ! -s conftest.err
configure:4297: $? = 0
configure:4300: test -s conftest.o
configure:4303: $? = 0
configure:4314: result: yes
configure:4269: checking for strings.h
configure:4285: /home/cygwin/cegcc/bin/arm-mingw32ce-gcc -c -g -O2  -mno-cygwin conftest.c >&5
configure:4291: $? = 0
configure:4294: test -z 			 || test ! -s conftest.err
configure:4297: $? = 0
configure:4300: test -s conftest.o
configure:4303: $? = 0
configure:4314: result: yes
configure:4269: checking for inttypes.h
configure:4285: /home/cygwin/cegcc/bin/arm-mingw32ce-gcc -c -g -O2  -mno-cygwin conftest.c >&5
configure:4291: $? = 0
configure:4294: test -z 			 || test ! -s conftest.err
configure:4297: $? = 0
configure:4300: test -s conftest.o
configure:4303: $? = 0
configure:4314: result: yes
configure:4269: checking for stdint.h
configure:4285: /home/cygwin/cegcc/bin/arm-mingw32ce-gcc -c -g -O2  -mno-cygwin conftest.c >&5
configure:4291: $? = 0
configure:4294: test -z 			 || test ! -s conftest.err
configure:4297: $? = 0
configure:4300: test -s conftest.o
configure:4303: $? = 0
configure:4314: result: yes
configure:4269: checking for unistd.h
configure:4285: /home/cygwin/cegcc/bin/arm-mingw32ce-gcc -c -g -O2  -mno-cygwin conftest.c >&5
configure:4291: $? = 0
configure:4294: test -z 			 || test ! -s conftest.err
configure:4297: $? = 0
configure:4300: test -s conftest.o
configure:4303: $? = 0
configure:4314: result: yes
configure:4340: checking dlfcn.h usability
configure:4352: /home/cygwin/cegcc/bin/arm-mingw32ce-gcc -c -g -O2  -mno-cygwin conftest.c >&5
conftest.c:55:10: fatal error: dlfcn.h: No such file or directory
   55 | #include <dlfcn.h>
      |          ^~~~~~~~~
compilation terminated.
configure:4358: $? = 1
configure: failed program was:
| /* confdefs.h.  */
| 
| #define PACKAGE_NAME "MPEG Audio Decoder"
| #define PACKAGE_TARNAME "libmad"
| #define PACKAGE_VERSION "0.15.1b"
| #define PACKAGE_STRING "MPEG Audio Decoder 0.15.1b"
| #define PACKAGE_BUGREPORT "support@underbit.com"
| #define PACKAGE "libmad"
| #define VERSION "0.15.1b"
| #define STDC_HEADERS 1
| #define HAVE_SYS_TYPES_H 1
| #define HAVE_SYS_STAT_H 1
| #define HAVE_STDLIB_H 1
| #define HAVE_STRING_H 1
| #define HAVE_MEMORY_H 1
| #define HAVE_STRINGS_H 1
| #define HAVE_INTTYPES_H 1
| #define HAVE_STDINT_H 1
| #define HAVE_UNISTD_H 1
| /* end confdefs.h.  */
| #include <stdio.h>
| #if HAVE_SYS_TYPES_H
| # include <sys/types.h>
| #endif
| #if HAVE_SYS_STAT_H
| # include <sys/stat.h>
| #endif
| #if STDC_HEADERS
| # include <stdlib.h>
| # include <stddef.h>
| #else
| # if HAVE_STDLIB_H
| #  include <stdlib.h>
| # endif
| #endif
| #if HAVE_STRING_H
| # if !STDC_HEADERS && HAVE_MEMORY_H
| #  include <memory.h>
| # endif
| # include <string.h>
| #endif
| #if HAVE_STRINGS_H
| # include <strings.h>
| #endif
| #if HAVE_INTTYPES_H
| # include <inttypes.h>
| #else
| # if HAVE_STDINT_H
| #  include <stdint.h>
| # endif
| #endif
| #if HAVE_UNISTD_H
| # include <unistd.h>
| #endif
| #include <dlfcn.h>
configure:4380: result: no
configure:4384: checking dlfcn.h presence
configure:4394: /home/cygwin/cegcc/bin/arm-mingw32ce-gcc -E  -mno-cygwin conftest.c
conftest.c:21:10: fatal error: dlfcn.h: No such file or directory
   21 | #include <dlfcn.h>
      |          ^~~~~~~~~
compilation terminated.
configure:4400: $? = 1
configure: failed program was:
| /* confdefs.h.  */
| 
| #define PACKAGE_NAME "MPEG Audio Decoder"
| #define PACKAGE_TARNAME "libmad"
| #define PACKAGE_VERSION "0.15.1b"
| #define PACKAGE_STRING "MPEG Audio Decoder 0.15.1b"
| #define PACKAGE_BUGREPORT "support@underbit.com"
| #define PACKAGE "libmad"
| #define VERSION "0.15.1b"
| #define STDC_HEADERS 1
| #define HAVE_SYS_TYPES_H 1
| #define HAVE_SYS_STAT_H 1
| #define HAVE_STDLIB_H 1
| #define HAVE_STRING_H 1
| #define HAVE_MEMORY_H 1
| #define HAVE_STRINGS_H 1
| #define HAVE_INTTYPES_H 1
| #define HAVE_STDINT_H 1
| #define HAVE_UNISTD_H 1
| /* end confdefs.h.  */
| #include <dlfcn.h>
configure:4420: result: no
configure:4455: checking for dlfcn.h
configure:4462: result: no
configure:4485: checking for arm-mingw32ce-g++
configure:4511: result: /home/cygwin/cegcc/bin/arm-mingw32ce-g++
configure:4569: checking for C++ compiler version
configure:4572: /home/cygwin/cegcc/bin/arm-mingw32ce-g++ --version </dev/null >&5
arm-mingw32ce-g++ (GCC) 9.3.0
Copyright (C) 2019 Free Software Foundation, Inc.
This is free software; see the source for copying conditions.  There is NO
warranty; not even for MERCHANTABILITY or FITNESS FOR A PARTICULAR PURPOSE.

configure:4575: $? = 0
configure:4577: /home/cygwin/cegcc/bin/arm-mingw32ce-g++ -v </dev/null >&5
Using built-in specs.
COLLECT_GCC=/home/cygwin/cegcc/bin/arm-mingw32ce-g++
COLLECT_LTO_WRAPPER=/home/cygwin/cegcc/bin/../libexec/gcc/arm-mingw32ce/9.3.0/lto-wrapper.exe
Target: arm-mingw32ce
Configured with: /home/cygwin/cegcc-build/gcc/configure --prefix=/opt/cegcc --build=i686-pc-cygwin --with-gcc --with-gnu-ld --with-gnu-as --enable-threads=win32 --disable-nls --enable-languages=c,c++ --disable-win32-registry --disable-multilib --disable-interwork --without-newlib --enable-checking --with-headers --disable-__cxa_atexit --with-libiconv-prefix=/usr/local --host=i686-pc-cygwin --target=arm-mingw32ce
Thread model: win32
gcc version 9.3.0 (GCC) 
configure:4580: $? = 0
configure:4582: /home/cygwin/cegcc/bin/arm-mingw32ce-g++ -V </dev/null >&5
arm-mingw32ce-g++: error: unrecognized command line option '-V'
arm-mingw32ce-g++: fatal error: no input files
compilation terminated.
configure:4585: $? = 1
configure:4588: checking whether we are using the GNU C++ compiler
configure:4612: /home/cygwin/cegcc/bin/arm-mingw32ce-g++ -c   -mno-cygwin conftest.cc >&5
configure:4618: $? = 0
configure:4621: test -z 			 || test ! -s conftest.err
configure:4624: $? = 0
configure:4627: test -s conftest.o
configure:4630: $? = 0
configure:4643: result: yes
configure:4649: checking whether /home/cygwin/cegcc/bin/arm-mingw32ce-g++ accepts -g
configure:4670: /home/cygwin/cegcc/bin/arm-mingw32ce-g++ -c -g  -mno-cygwin conftest.cc >&5
configure:4676: $? = 0
configure:4679: test -z 			 || test ! -s conftest.err
configure:4682: $? = 0
configure:4685: test -s conftest.o
configure:4688: $? = 0
configure:4699: result: yes
configure:4741: /home/cygwin/cegcc/bin/arm-mingw32ce-g++ -c -g -O2  -mno-cygwin conftest.cc >&5
configure:4747: $? = 0
configure:4750: test -z 			 || test ! -s conftest.err
configure:4753: $? = 0
configure:4756: test -s conftest.o
configure:4759: $? = 0
configure:4785: /home/cygwin/cegcc/bin/arm-mingw32ce-g++ -c -g -O2  -mno-cygwin conftest.cc >&5
conftest.cc: In function 'int main()':
conftest.cc:25:1: error: 'exit' was not declared in this scope
   25 | exit (42);
      | ^~~~
configure:4791: $? = 1
configure: failed program was:
| /* confdefs.h.  */
| 
| #define PACKAGE_NAME "MPEG Audio Decoder"
| #define PACKAGE_TARNAME "libmad"
| #define PACKAGE_VERSION "0.15.1b"
| #define PACKAGE_STRING "MPEG Audio Decoder 0.15.1b"
| #define PACKAGE_BUGREPORT "support@underbit.com"
| #define PACKAGE "libmad"
| #define VERSION "0.15.1b"
| #define STDC_HEADERS 1
| #define HAVE_SYS_TYPES_H 1
| #define HAVE_SYS_STAT_H 1
| #define HAVE_STDLIB_H 1
| #define HAVE_STRING_H 1
| #define HAVE_MEMORY_H 1
| #define HAVE_STRINGS_H 1
| #define HAVE_INTTYPES_H 1
| #define HAVE_STDINT_H 1
| #define HAVE_UNISTD_H 1
| /* end confdefs.h.  */
| 
| int
| main ()
| {
| exit (42);
|   ;
|   return 0;
| }
configure:4741: /home/cygwin/cegcc/bin/arm-mingw32ce-g++ -c -g -O2  -mno-cygwin conftest.cc >&5
configure:4747: $? = 0
configure:4750: test -z 			 || test ! -s conftest.err
configure:4753: $? = 0
configure:4756: test -s conftest.o
configure:4759: $? = 0
configure:4785: /home/cygwin/cegcc/bin/arm-mingw32ce-g++ -c -g -O2  -mno-cygwin conftest.cc >&5
configure:4791: $? = 0
configure:4794: test -z 			 || test ! -s conftest.err
configure:4797: $? = 0
configure:4800: test -s conftest.o
configure:4803: $? = 0
configure:4828: checking dependency style of /home/cygwin/cegcc/bin/arm-mingw32ce-g++
configure:4911: result: gcc3
configure:4933: checking how to run the C++ preprocessor
configure:4964: /home/cygwin/cegcc/bin/arm-mingw32ce-g++ -E  -mno-cygwin conftest.cc
configure:4970: $? = 0
configure:5002: /home/cygwin/cegcc/bin/arm-mingw32ce-g++ -E  -mno-cygwin conftest.cc
conftest.cc:24:10: fatal error: ac_nonexistent.h: No such file or directory
   24 | #include <ac_nonexistent.h>
      |          ^~~~~~~~~~~~~~~~~~
compilation terminated.
configure:5008: $? = 1
configure: failed program was:
| /* confdefs.h.  */
| 
| #define PACKAGE_NAME "MPEG Audio Decoder"
| #define PACKAGE_TARNAME "libmad"
| #define PACKAGE_VERSION "0.15.1b"
| #define PACKAGE_STRING "MPEG Audio Decoder 0.15.1b"
| #define PACKAGE_BUGREPORT "support@underbit.com"
| #define PACKAGE "libmad"
| #define VERSION "0.15.1b"
| #define STDC_HEADERS 1
| #define HAVE_SYS_TYPES_H 1
| #define HAVE_SYS_STAT_H 1
| #define HAVE_STDLIB_H 1
| #define HAVE_STRING_H 1
| #define HAVE_MEMORY_H 1
| #define HAVE_STRINGS_H 1
| #define HAVE_INTTYPES_H 1
| #define HAVE_STDINT_H 1
| #define HAVE_UNISTD_H 1
| #ifdef __cplusplus
| extern "C" void std::exit (int) throw (); using std::exit;
| #endif
| /* end confdefs.h.  */
| #include <ac_nonexistent.h>
configure:5047: result: /home/cygwin/cegcc/bin/arm-mingw32ce-g++ -E
configure:5071: /home/cygwin/cegcc/bin/arm-mingw32ce-g++ -E  -mno-cygwin conftest.cc
configure:5077: $? = 0
configure:5109: /home/cygwin/cegcc/bin/arm-mingw32ce-g++ -E  -mno-cygwin conftest.cc
conftest.cc:24:10: fatal error: ac_nonexistent.h: No such file or directory
   24 | #include <ac_nonexistent.h>
      |          ^~~~~~~~~~~~~~~~~~
compilation terminated.
configure:5115: $? = 1
configure: failed program was:
| /* confdefs.h.  */
| 
| #define PACKAGE_NAME "MPEG Audio Decoder"
| #define PACKAGE_TARNAME "libmad"
| #define PACKAGE_VERSION "0.15.1b"
| #define PACKAGE_STRING "MPEG Audio Decoder 0.15.1b"
| #define PACKAGE_BUGREPORT "support@underbit.com"
| #define PACKAGE "libmad"
| #define VERSION "0.15.1b"
| #define STDC_HEADERS 1
| #define HAVE_SYS_TYPES_H 1
| #define HAVE_SYS_STAT_H 1
| #define HAVE_STDLIB_H 1
| #define HAVE_STRING_H 1
| #define HAVE_MEMORY_H 1
| #define HAVE_STRINGS_H 1
| #define HAVE_INTTYPES_H 1
| #define HAVE_STDINT_H 1
| #define HAVE_UNISTD_H 1
| #ifdef __cplusplus
| extern "C" void std::exit (int) throw (); using std::exit;
| #endif
| /* end confdefs.h.  */
| #include <ac_nonexistent.h>
configure:5168: checking for arm-mingw32ce-g77
configure:5197: result: no
configure:5168: checking for arm-mingw32ce-f77
configure:5197: result: no
configure:5168: checking for arm-mingw32ce-xlf
configure:5197: result: no
configure:5168: checking for arm-mingw32ce-frt
configure:5197: result: no
configure:5168: checking for arm-mingw32ce-pgf77
configure:5197: result: no
configure:5168: checking for arm-mingw32ce-fort77
configure:5197: result: no
configure:5168: checking for arm-mingw32ce-fl32
configure:5197: result: no
configure:5168: checking for arm-mingw32ce-af77
configure:5197: result: no
configure:5168: checking for arm-mingw32ce-f90
configure:5197: result: no
configure:5168: checking for arm-mingw32ce-xlf90
configure:5197: result: no
configure:5168: checking for arm-mingw32ce-pgf90
configure:5197: result: no
configure:5168: checking for arm-mingw32ce-epcf90
configure:5197: result: no
configure:5168: checking for arm-mingw32ce-f95
configure:5197: result: no
configure:5168: checking for arm-mingw32ce-fort
configure:5197: result: no
configure:5168: checking for arm-mingw32ce-xlf95
configure:5197: result: no
configure:5168: checking for arm-mingw32ce-ifc
configure:5197: result: no
configure:5168: checking for arm-mingw32ce-efc
configure:5197: result: no
configure:5168: checking for arm-mingw32ce-pgf95
configure:5197: result: no
configure:5168: checking for arm-mingw32ce-lf95
configure:5197: result: no
configure:5168: checking for arm-mingw32ce-gfortran
configure:5197: result: no
configure:5210: checking for g77
configure:5239: result: no
configure:5210: checking for f77
configure:5239: result: no
configure:5210: checking for xlf
configure:5239: result: no
configure:5210: checking for frt
configure:5239: result: no
configure:5210: checking for pgf77
configure:5239: result: no
configure:5210: checking for fort77
configure:5239: result: no
configure:5210: checking for fl32
configure:5239: result: no
configure:5210: checking for af77
configure:5239: result: no
configure:5210: checking for f90
configure:5239: result: no
configure:5210: checking for xlf90
configure:5239: result: no
configure:5210: checking for pgf90
configure:5239: result: no
configure:5210: checking for epcf90
configure:5239: result: no
configure:5210: checking for f95
configure:5239: result: no
configure:5210: checking for fort
configure:5239: result: no
configure:5210: checking for xlf95
configure:5239: result: no
configure:5210: checking for ifc
configure:5239: result: no
configure:5210: checking for efc
configure:5239: result: no
configure:5210: checking for pgf95
configure:5239: result: no
configure:5210: checking for lf95
configure:5239: result: no
configure:5210: checking for gfortran
configure:5239: result: no
configure:5240: checking for Fortran 77 compiler version
configure:5254:  --version </dev/null >&5
./configure: line 5255: --version: command not found
configure:5257: $? = 127
configure:5259:  -v </dev/null >&5
./configure: line 5260: -v: command not found
configure:5262: $? = 127
configure:5264:  -V </dev/null >&5
./configure: line 5265: -V: command not found
configure:5267: $? = 127
configure:5275: checking whether we are using the GNU Fortran 77 compiler
configure:5289:  -c  conftest.F >&5
./configure: line 5290: -c: command not found
configure:5295: $? = 127
configure: failed program was:
|       program main
| #ifndef __GNUC__
|        choke me
| #endif
| 
|       end
configure:5320: result: no
configure:5326: checking whether  accepts -g
configure:5338:  -c -g conftest.f >&5
./configure: line 5339: -c: command not found
configure:5344: $? = 127
configure: failed program was:
|       program main
| 
|       end
configure:5368: result: no
configure:5398: checking the maximum length of command line arguments
configure:5463: result: 8192
configure:5474: checking command to parse /home/cygwin/cegcc/bin/arm-mingw32ce-nm output from /home/cygwin/cegcc/bin/arm-mingw32ce-gcc object
configure:5563: /home/cygwin/cegcc/bin/arm-mingw32ce-gcc -c -g -O2  -mno-cygwin conftest.c >&5
configure:5566: $? = 0
configure:5570: /home/cygwin/cegcc/bin/arm-mingw32ce-nm conftest.o \| sed -n -e 's/^.*[ 	]\([ABCDGIRSTW][ABCDGIRSTW]*\)[ 	][ 	]*\(\)\([_A-Za-z][_A-Za-z0-9]*\)$/\1 \2\3 \3/p' \> conftest.nm
configure:5573: $? = 0
configure:5625: /home/cygwin/cegcc/bin/arm-mingw32ce-gcc -o conftest.exe -g -O2  -mno-cygwin  -mno-cygwin conftest.c conftstm.o >&5
configure:5628: $? = 0
configure:5666: result: ok
configure:5670: checking for objdir
configure:5685: result: .libs
configure:5737: checking for arm-mingw32ce-ar
configure:5763: result: /home/cygwin/cegcc/bin/arm-mingw32ce-ar
configure:5817: checking for arm-mingw32ce-ranlib
configure:5843: result: /home/cygwin/cegcc/bin/arm-mingw32ce-ranlib
configure:5897: checking for arm-mingw32ce-strip
configure:5923: result: /home/cygwin/cegcc/bin/arm-mingw32ce-strip
configure:6224: checking if /home/cygwin/cegcc/bin/arm-mingw32ce-gcc static flag  works
configure:6247: result: yes
configure:6265: checking if /home/cygwin/cegcc/bin/arm-mingw32ce-gcc supports -fno-rtti -fno-exceptions
configure:6272: /home/cygwin/cegcc/bin/arm-mingw32ce-gcc -c -g -O2  -mno-cygwin -fno-rtti -fno-exceptions conftest.c >&5
cc1: warning: command line option '-fno-rtti' is valid for C++/D/ObjC++ but not for C
configure:6276: $? = 0
configure:6298: result: no
configure:6313: checking for /home/cygwin/cegcc/bin/arm-mingw32ce-gcc option to produce PIC
configure:6490: result: -DDLL_EXPORT
configure:6498: checking if /home/cygwin/cegcc/bin/arm-mingw32ce-gcc PIC flag -DDLL_EXPORT works
configure:6505: /home/cygwin/cegcc/bin/arm-mingw32ce-gcc -c -g -O2  -mno-cygwin -DDLL_EXPORT -DPIC conftest.c >&5
configure:6509: $? = 0
configure:6531: result: yes
configure:6555: checking if /home/cygwin/cegcc/bin/arm-mingw32ce-gcc supports -c -o file.o
configure:6565: /home/cygwin/cegcc/bin/arm-mingw32ce-gcc -c -g -O2  -mno-cygwin -o out/conftest2.o conftest.c >&5
configure:6569: $? = 0
configure:6600: result: yes
configure:6626: checking whether the /home/cygwin/cegcc/bin/arm-mingw32ce-gcc linker (/home/cygwin/cegcc/bin/arm-mingw32ce-ld) supports shared libraries
configure:7472: result: yes
configure:7543: checking dynamic linker characteristics
configure:8083: result: Win32 ld.exe
configure:8087: checking how to hardcode library paths into programs
configure:8112: result: immediate
configure:8126: checking whether stripping libraries is possible
configure:8131: result: yes
configure:8954: checking if libtool supports shared libraries
configure:8956: result: yes
configure:8959: checking whether to build shared libraries
configure:9017: result: no
configure:9020: checking whether to build static libraries
configure:9024: result: yes
configure:9116: creating libtool
configure:9663: checking for ld used by /home/cygwin/cegcc/bin/arm-mingw32ce-g++
configure:9730: result: /home/cygwin/cegcc/bin/arm-mingw32ce-ld
configure:9739: checking if the linker (/home/cygwin/cegcc/bin/arm-mingw32ce-ld) is GNU ld
configure:9754: result: yes
configure:9805: checking whether the /home/cygwin/cegcc/bin/arm-mingw32ce-g++ linker (/home/cygwin/cegcc/bin/arm-mingw32ce-ld) supports shared libraries
configure:10631: result: yes
configure:10649: /home/cygwin/cegcc/bin/arm-mingw32ce-g++ -c -g -O2  -mno-cygwin conftest.cc >&5
configure:10652: $? = 0
configure:10748: checking for /home/cygwin/cegcc/bin/arm-mingw32ce-g++ option to produce PIC
configure:11000: result: -DDLL_EXPORT
configure:11008: checking if /home/cygwin/cegcc/bin/arm-mingw32ce-g++ PIC flag -DDLL_EXPORT works
configure:11015: /home/cygwin/cegcc/bin/arm-mingw32ce-g++ -c -g -O2  -mno-cygwin -DDLL_EXPORT -DPIC conftest.cc >&5
configure:11019: $? = 0
configure:11041: result: yes
configure:11065: checking if /home/cygwin/cegcc/bin/arm-mingw32ce-g++ supports -c -o file.o
configure:11075: /home/cygwin/cegcc/bin/arm-mingw32ce-g++ -c -g -O2  -mno-cygwin -o out/conftest2.o conftest.cc >&5
configure:11079: $? = 0
configure:11110: result: yes
configure:11136: checking whether the /home/cygwin/cegcc/bin/arm-mingw32ce-g++ linker (/home/cygwin/cegcc/bin/arm-mingw32ce-ld) supports shared libraries
configure:11161: result: yes
configure:11232: checking dynamic linker characteristics
configure:11772: result: Win32 ld.exe
configure:11776: checking how to hardcode library paths into programs
configure:11801: result: immediate
configure:11815: checking whether stripping libraries is possible
configure:11820: result: yes
configure:19182: checking for ANSI C header files
configure:19337: result: yes
configure:19347: checking for sys/wait.h that is POSIX.1 compatible
configure:19378: /home/cygwin/cegcc/bin/arm-mingw32ce-gcc -c -Wall  -mno-cygwin conftest.c >&5
conftest.c:26:10: fatal error: sys/wait.h: No such file or directory
   26 | #include <sys/wait.h>
      |          ^~~~~~~~~~~~
compilation terminated.
configure:19384: $? = 1
configure: failed program was:
| /* confdefs.h.  */
| 
| #define PACKAGE_NAME "MPEG Audio Decoder"
| #define PACKAGE_TARNAME "libmad"
| #define PACKAGE_VERSION "0.15.1b"
| #define PACKAGE_STRING "MPEG Audio Decoder 0.15.1b"
| #define PACKAGE_BUGREPORT "support@underbit.com"
| #define PACKAGE "libmad"
| #define VERSION "0.15.1b"
| #define STDC_HEADERS 1
| #define HAVE_SYS_TYPES_H 1
| #define HAVE_SYS_STAT_H 1
| #define HAVE_STDLIB_H 1
| #define HAVE_STRING_H 1
| #define HAVE_MEMORY_H 1
| #define HAVE_STRINGS_H 1
| #define HAVE_INTTYPES_H 1
| #define HAVE_STDINT_H 1
| #define HAVE_UNISTD_H 1
| #ifdef __cplusplus
| extern "C" void std::exit (int) throw (); using std::exit;
| #endif
| #define STDC_HEADERS 1
| /* end confdefs.h.  */
| #include <sys/types.h>
| #include <sys/wait.h>
| #ifndef WEXITSTATUS
| # define WEXITSTATUS(stat_val) ((unsigned)(stat_val) >> 8)
| #endif
| #ifndef WIFEXITED
| # define WIFEXITED(stat_val) (((stat_val) & 255) == 0)
| #endif
| 
| int
| main ()
| {
|   int s;
|   wait (&s);
|   s = WIFEXITED (s) ? WEXITSTATUS (s) : 1;
|   ;
|   return 0;
| }
configure:19407: result: no
configure:19436: checking assert.h usability
configure:19448: /home/cygwin/cegcc/bin/arm-mingw32ce-gcc -c -Wall  -mno-cygwin conftest.c >&5
configure:19454: $? = 0
configure:19457: test -z 			 || test ! -s conftest.err
configure:19460: $? = 0
configure:19463: test -s conftest.o
configure:19466: $? = 0
configure:19476: result: yes
configure:19480: checking assert.h presence
configure:19490: /home/cygwin/cegcc/bin/arm-mingw32ce-gcc -E  -mno-cygwin conftest.c
configure:19496: $? = 0
configure:19516: result: yes
configure:19551: checking for assert.h
configure:19558: result: yes
configure:19436: checking limits.h usability
configure:19448: /home/cygwin/cegcc/bin/arm-mingw32ce-gcc -c -Wall  -mno-cygwin conftest.c >&5
configure:19454: $? = 0
configure:19457: test -z 			 || test ! -s conftest.err
configure:19460: $? = 0
configure:19463: test -s conftest.o
configure:19466: $? = 0
configure:19476: result: yes
configure:19480: checking limits.h presence
configure:19490: /home/cygwin/cegcc/bin/arm-mingw32ce-gcc -E  -mno-cygwin conftest.c
configure:19496: $? = 0
configure:19516: result: yes
configure:19551: checking for limits.h
configure:19558: result: yes
configure:19427: checking for unistd.h
configure:19432: result: yes
configure:19427: checking for sys/types.h
configure:19432: result: yes
configure:19436: checking fcntl.h usability
configure:19448: /home/cygwin/cegcc/bin/arm-mingw32ce-gcc -c -Wall  -mno-cygwin conftest.c >&5
configure:19454: $? = 0
configure:19457: test -z 			 || test ! -s conftest.err
configure:19460: $? = 0
configure:19463: test -s conftest.o
configure:19466: $? = 0
configure:19476: result: yes
configure:19480: checking fcntl.h presence
configure:19490: /home/cygwin/cegcc/bin/arm-mingw32ce-gcc -E  -mno-cygwin conftest.c
configure:19496: $? = 0
configure:19516: result: yes
configure:19551: checking for fcntl.h
configure:19558: result: yes
configure:19436: checking errno.h usability
configure:19448: /home/cygwin/cegcc/bin/arm-mingw32ce-gcc -c -Wall  -mno-cygwin conftest.c >&5
In file included from conftest.c:64:
/home/cygwin/cegcc/arm-mingw32ce/include/errno.h:12:25: error: no include path in which to search for errno.h
   12 | # include_next <errno.h>
      |                         ^
configure:19454: $? = 1
configure: failed program was:
| /* confdefs.h.  */
| 
| #define PACKAGE_NAME "MPEG Audio Decoder"
| #define PACKAGE_TARNAME "libmad"
| #define PACKAGE_VERSION "0.15.1b"
| #define PACKAGE_STRING "MPEG Audio Decoder 0.15.1b"
| #define PACKAGE_BUGREPORT "support@underbit.com"
| #define PACKAGE "libmad"
| #define VERSION "0.15.1b"
| #define STDC_HEADERS 1
| #define HAVE_SYS_TYPES_H 1
| #define HAVE_SYS_STAT_H 1
| #define HAVE_STDLIB_H 1
| #define HAVE_STRING_H 1
| #define HAVE_MEMORY_H 1
| #define HAVE_STRINGS_H 1
| #define HAVE_INTTYPES_H 1
| #define HAVE_STDINT_H 1
| #define HAVE_UNISTD_H 1
| #ifdef __cplusplus
| extern "C" void std::exit (int) throw (); using std::exit;
| #endif
| #define STDC_HEADERS 1
| #define HAVE_ASSERT_H 1
| #define HAVE_LIMITS_H 1
| #define HAVE_UNISTD_H 1
| #define HAVE_SYS_TYPES_H 1
| #define HAVE_FCNTL_H 1
| /* end confdefs.h.  */
| #include <stdio.h>
| #if HAVE_SYS_TYPES_H
| # include <sys/types.h>
| #endif
| #if HAVE_SYS_STAT_H
| # include <sys/stat.h>
| #endif
| #if STDC_HEADERS
| # include <stdlib.h>
| # include <stddef.h>
| #else
| # if HAVE_STDLIB_H
| #  include <stdlib.h>
| # endif
| #endif
| #if HAVE_STRING_H
| # if !STDC_HEADERS && HAVE_MEMORY_H
| #  include <memory.h>
| # endif
| # include <string.h>
| #endif
| #if HAVE_STRINGS_H
| # include <strings.h>
| #endif
| #if HAVE_INTTYPES_H
| # include <inttypes.h>
| #else
| # if HAVE_STDINT_H
| #  include <stdint.h>
| # endif
| #endif
| #if HAVE_UNISTD_H
| # include <unistd.h>
| #endif
| #include <errno.h>
configure:19476: result: no
configure:19480: checking errno.h presence
configure:19490: /home/cygwin/cegcc/bin/arm-mingw32ce-gcc -E  -mno-cygwin conftest.c
In file included from conftest.c:30:
/home/cygwin/cegcc/arm-mingw32ce/include/errno.h:12:25: error: no include path in which to search for errno.h
   12 | # include_next <errno.h>
      |                         ^
configure:19496: $? = 1
configure: failed program was:
| /* confdefs.h.  */
| 
| #define PACKAGE_NAME "MPEG Audio Decoder"
| #define PACKAGE_TARNAME "libmad"
| #define PACKAGE_VERSION "0.15.1b"
| #define PACKAGE_STRING "MPEG Audio Decoder 0.15.1b"
| #define PACKAGE_BUGREPORT "support@underbit.com"
| #define PACKAGE "libmad"
| #define VERSION "0.15.1b"
| #define STDC_HEADERS 1
| #define HAVE_SYS_TYPES_H 1
| #define HAVE_SYS_STAT_H 1
| #define HAVE_STDLIB_H 1
| #define HAVE_STRING_H 1
| #define HAVE_MEMORY_H 1
| #define HAVE_STRINGS_H 1
| #define HAVE_INTTYPES_H 1
| #define HAVE_STDINT_H 1
| #define HAVE_UNISTD_H 1
| #ifdef __cplusplus
| extern "C" void std::exit (int) throw (); using std::exit;
| #endif
| #define STDC_HEADERS 1
| #define HAVE_ASSERT_H 1
| #define HAVE_LIMITS_H 1
| #define HAVE_UNISTD_H 1
| #define HAVE_SYS_TYPES_H 1
| #define HAVE_FCNTL_H 1
| /* end confdefs.h.  */
| #include <errno.h>
configure:19516: result: no
configure:19551: checking for errno.h
configure:19558: result: no
configure:19573: checking for an ANSI C-conforming const
configure:19640: /home/cygwin/cegcc/bin/arm-mingw32ce-gcc -c -Wall  -mno-cygwin conftest.c >&5
conftest.c: In function 'main':
conftest.c:57:17: warning: unused variable 's' [-Wunused-variable]
   57 |     char const *s = 0 ? (char *) 0 : (char const *) 0;
      |                 ^
conftest.c:77:15: warning: unused variable 'foo' [-Wunused-variable]
   77 |     const int foo = 10;
      |               ^~~
conftest.c:44:29: warning: unused variable 'zero' [-Wunused-variable]
   44 |   static struct point const zero = {0,0};
      |                             ^~~~
conftest.c:38:17: warning: unused variable 'x' [-Wunused-variable]
   38 |   const charset x;
      |                 ^
At top level:
conftest.c:44:29: warning: 'zero' defined but not used [-Wunused-const-variable=]
   44 |   static struct point const zero = {0,0};
      |                             ^~~~
conftest.c: In function 'main':
conftest.c:59:7: warning: 't' is used uninitialized in this function [-Wuninitialized]
   59 |     *t++ = 0;
      |      ~^~
conftest.c:74:23: warning: 'b' is used uninitialized in this function [-Wuninitialized]
   74 |     struct s *b; b->j = 5;
      |                  ~~~~~^~~
configure:19646: $? = 0
configure:19649: test -z 			 || test ! -s conftest.err
configure:19652: $? = 0
configure:19655: test -s conftest.o
configure:19658: $? = 0
configure:19669: result: yes
configure:19679: checking for inline
configure:19700: /home/cygwin/cegcc/bin/arm-mingw32ce-gcc -c -Wall  -mno-cygwin conftest.c >&5
configure:19706: $? = 0
configure:19709: test -z 			 || test ! -s conftest.err
configure:19712: $? = 0
configure:19715: test -s conftest.o
configure:19718: $? = 0
configure:19730: result: inline
configure:19749: checking whether byte ordering is bigendian
configure:19776: /home/cygwin/cegcc/bin/arm-mingw32ce-gcc -c -Wall  -mno-cygwin conftest.c >&5
configure:19782: $? = 0
configure:19785: test -z 			 || test ! -s conftest.err
configure:19788: $? = 0
configure:19791: test -s conftest.o
configure:19794: $? = 0
configure:19818: /home/cygwin/cegcc/bin/arm-mingw32ce-gcc -c -Wall  -mno-cygwin conftest.c >&5
conftest.c: In function 'main':
conftest.c:37:2: error: unknown type name 'not'; did you mean 'ino_t'?
   37 |  not big endian
      |  ^~~
      |  ino_t
conftest.c:37:10: error: expected '=', ',', ';', 'asm' or '__attribute__' before 'endian'
   37 |  not big endian
      |          ^~~~~~
configure:19824: $? = 1
configure: failed program was:
| /* confdefs.h.  */
| 
| #define PACKAGE_NAME "MPEG Audio Decoder"
| #define PACKAGE_TARNAME "libmad"
| #define PACKAGE_VERSION "0.15.1b"
| #define PACKAGE_STRING "MPEG Audio Decoder 0.15.1b"
| #define PACKAGE_BUGREPORT "support@underbit.com"
| #define PACKAGE "libmad"
| #define VERSION "0.15.1b"
| #define STDC_HEADERS 1
| #define HAVE_SYS_TYPES_H 1
| #define HAVE_SYS_STAT_H 1
| #define HAVE_STDLIB_H 1
| #define HAVE_STRING_H 1
| #define HAVE_MEMORY_H 1
| #define HAVE_STRINGS_H 1
| #define HAVE_INTTYPES_H 1
| #define HAVE_STDINT_H 1
| #define HAVE_UNISTD_H 1
| #ifdef __cplusplus
| extern "C" void std::exit (int) throw (); using std::exit;
| #endif
| #define STDC_HEADERS 1
| #define HAVE_ASSERT_H 1
| #define HAVE_LIMITS_H 1
| #define HAVE_UNISTD_H 1
| #define HAVE_SYS_TYPES_H 1
| #define HAVE_FCNTL_H 1
| /* end confdefs.h.  */
| #include <sys/types.h>
| #include <sys/param.h>
| 
| int
| main ()
| {
| #if BYTE_ORDER != BIG_ENDIAN
|  not big endian
| #endif
| 
|   ;
|   return 0;
| }
configure:19957: result: no
configure:19976: checking for pid_t
configure:20000: /home/cygwin/cegcc/bin/arm-mingw32ce-gcc -c -Wall  -mno-cygwin conftest.c >&5
configure:20006: $? = 0
configure:20009: test -z 			 || test ! -s conftest.err
configure:20012: $? = 0
configure:20015: test -s conftest.o
configure:20018: $? = 0
configure:20029: result: yes
configure:20042: checking for int
configure:20066: /home/cygwin/cegcc/bin/arm-mingw32ce-gcc -c -Wall  -mno-cygwin conftest.c >&5
configure:20072: $? = 0
configure:20075: test -z 			 || test ! -s conftest.err
configure:20078: $? = 0
configure:20081: test -s conftest.o
configure:20084: $? = 0
configure:20095: result: yes
configure:20098: checking size of int
configure:20128: /home/cygwin/cegcc/bin/arm-mingw32ce-gcc -c -Wall  -mno-cygwin conftest.c >&5
conftest.c: In function 'main':
conftest.c:67:12: warning: variable 'test_array' set but not used [-Wunused-but-set-variable]
   67 | static int test_array [1 - 2 * !(((long) (sizeof (int))) >= 0)];
      |            ^~~~~~~~~~
configure:20134: $? = 0
configure:20137: test -z 			 || test ! -s conftest.err
configure:20140: $? = 0
configure:20143: test -s conftest.o
configure:20146: $? = 0
configure:20168: /home/cygwin/cegcc/bin/arm-mingw32ce-gcc -c -Wall  -mno-cygwin conftest.c >&5
conftest.c: In function 'main':
conftest.c:67:12: error: size of array 'test_array' is negative
   67 | static int test_array [1 - 2 * !(((long) (sizeof (int))) <= 0)];
      |            ^~~~~~~~~~
conftest.c:67:12: warning: variable 'test_array' set but not used [-Wunused-but-set-variable]
configure:20174: $? = 1
configure: failed program was:
| /* confdefs.h.  */
| 
| #define PACKAGE_NAME "MPEG Audio Decoder"
| #define PACKAGE_TARNAME "libmad"
| #define PACKAGE_VERSION "0.15.1b"
| #define PACKAGE_STRING "MPEG Audio Decoder 0.15.1b"
| #define PACKAGE_BUGREPORT "support@underbit.com"
| #define PACKAGE "libmad"
| #define VERSION "0.15.1b"
| #define STDC_HEADERS 1
| #define HAVE_SYS_TYPES_H 1
| #define HAVE_SYS_STAT_H 1
| #define HAVE_STDLIB_H 1
| #define HAVE_STRING_H 1
| #define HAVE_MEMORY_H 1
| #define HAVE_STRINGS_H 1
| #define HAVE_INTTYPES_H 1
| #define HAVE_STDINT_H 1
| #define HAVE_UNISTD_H 1
| #ifdef __cplusplus
| extern "C" void std::exit (int) throw (); using std::exit;
| #endif
| #define STDC_HEADERS 1
| #define HAVE_ASSERT_H 1
| #define HAVE_LIMITS_H 1
| #define HAVE_UNISTD_H 1
| #define HAVE_SYS_TYPES_H 1
| #define HAVE_FCNTL_H 1
| /* end confdefs.h.  */
| #include <stdio.h>
| #if HAVE_SYS_TYPES_H
| # include <sys/types.h>
| #endif
| #if HAVE_SYS_STAT_H
| # include <sys/stat.h>
| #endif
| #if STDC_HEADERS
| # include <stdlib.h>
| # include <stddef.h>
| #else
| # if HAVE_STDLIB_H
| #  include <stdlib.h>
| # endif
| #endif
| #if HAVE_STRING_H
| # if !STDC_HEADERS && HAVE_MEMORY_H
| #  include <memory.h>
| # endif
| # include <string.h>
| #endif
| #if HAVE_STRINGS_H
| # include <strings.h>
| #endif
| #if HAVE_INTTYPES_H
| # include <inttypes.h>
| #else
| # if HAVE_STDINT_H
| #  include <stdint.h>
| # endif
| #endif
| #if HAVE_UNISTD_H
| # include <unistd.h>
| #endif
| int
| main ()
| {
| static int test_array [1 - 2 * !(((long) (sizeof (int))) <= 0)];
| test_array [0] = 0
| 
|   ;
|   return 0;
| }
configure:20168: /home/cygwin/cegcc/bin/arm-mingw32ce-gcc -c -Wall  -mno-cygwin conftest.c >&5
conftest.c: In function 'main':
conftest.c:67:12: error: size of array 'test_array' is negative
   67 | static int test_array [1 - 2 * !(((long) (sizeof (int))) <= 1)];
      |            ^~~~~~~~~~
conftest.c:67:12: warning: variable 'test_array' set but not used [-Wunused-but-set-variable]
configure:20174: $? = 1
configure: failed program was:
| /* confdefs.h.  */
| 
| #define PACKAGE_NAME "MPEG Audio Decoder"
| #define PACKAGE_TARNAME "libmad"
| #define PACKAGE_VERSION "0.15.1b"
| #define PACKAGE_STRING "MPEG Audio Decoder 0.15.1b"
| #define PACKAGE_BUGREPORT "support@underbit.com"
| #define PACKAGE "libmad"
| #define VERSION "0.15.1b"
| #define STDC_HEADERS 1
| #define HAVE_SYS_TYPES_H 1
| #define HAVE_SYS_STAT_H 1
| #define HAVE_STDLIB_H 1
| #define HAVE_STRING_H 1
| #define HAVE_MEMORY_H 1
| #define HAVE_STRINGS_H 1
| #define HAVE_INTTYPES_H 1
| #define HAVE_STDINT_H 1
| #define HAVE_UNISTD_H 1
| #ifdef __cplusplus
| extern "C" void std::exit (int) throw (); using std::exit;
| #endif
| #define STDC_HEADERS 1
| #define HAVE_ASSERT_H 1
| #define HAVE_LIMITS_H 1
| #define HAVE_UNISTD_H 1
| #define HAVE_SYS_TYPES_H 1
| #define HAVE_FCNTL_H 1
| /* end confdefs.h.  */
| #include <stdio.h>
| #if HAVE_SYS_TYPES_H
| # include <sys/types.h>
| #endif
| #if HAVE_SYS_STAT_H
| # include <sys/stat.h>
| #endif
| #if STDC_HEADERS
| # include <stdlib.h>
| # include <stddef.h>
| #else
| # if HAVE_STDLIB_H
| #  include <stdlib.h>
| # endif
| #endif
| #if HAVE_STRING_H
| # if !STDC_HEADERS && HAVE_MEMORY_H
| #  include <memory.h>
| # endif
| # include <string.h>
| #endif
| #if HAVE_STRINGS_H
| # include <strings.h>
| #endif
| #if HAVE_INTTYPES_H
| # include <inttypes.h>
| #else
| # if HAVE_STDINT_H
| #  include <stdint.h>
| # endif
| #endif
| #if HAVE_UNISTD_H
| # include <unistd.h>
| #endif
| int
| main ()
| {
| static int test_array [1 - 2 * !(((long) (sizeof (int))) <= 1)];
| test_array [0] = 0
| 
|   ;
|   return 0;
| }
configure:20168: /home/cygwin/cegcc/bin/arm-mingw32ce-gcc -c -Wall  -mno-cygwin conftest.c >&5
conftest.c: In function 'main':
conftest.c:67:12: error: size of array 'test_array' is negative
   67 | static int test_array [1 - 2 * !(((long) (sizeof (int))) <= 3)];
      |            ^~~~~~~~~~
conftest.c:67:12: warning: variable 'test_array' set but not used [-Wunused-but-set-variable]
configure:20174: $? = 1
configure: failed program was:
| /* confdefs.h.  */
| 
| #define PACKAGE_NAME "MPEG Audio Decoder"
| #define PACKAGE_TARNAME "libmad"
| #define PACKAGE_VERSION "0.15.1b"
| #define PACKAGE_STRING "MPEG Audio Decoder 0.15.1b"
| #define PACKAGE_BUGREPORT "support@underbit.com"
| #define PACKAGE "libmad"
| #define VERSION "0.15.1b"
| #define STDC_HEADERS 1
| #define HAVE_SYS_TYPES_H 1
| #define HAVE_SYS_STAT_H 1
| #define HAVE_STDLIB_H 1
| #define HAVE_STRING_H 1
| #define HAVE_MEMORY_H 1
| #define HAVE_STRINGS_H 1
| #define HAVE_INTTYPES_H 1
| #define HAVE_STDINT_H 1
| #define HAVE_UNISTD_H 1
| #ifdef __cplusplus
| extern "C" void std::exit (int) throw (); using std::exit;
| #endif
| #define STDC_HEADERS 1
| #define HAVE_ASSERT_H 1
| #define HAVE_LIMITS_H 1
| #define HAVE_UNISTD_H 1
| #define HAVE_SYS_TYPES_H 1
| #define HAVE_FCNTL_H 1
| /* end confdefs.h.  */
| #include <stdio.h>
| #if HAVE_SYS_TYPES_H
| # include <sys/types.h>
| #endif
| #if HAVE_SYS_STAT_H
| # include <sys/stat.h>
| #endif
| #if STDC_HEADERS
| # include <stdlib.h>
| # include <stddef.h>
| #else
| # if HAVE_STDLIB_H
| #  include <stdlib.h>
| # endif
| #endif
| #if HAVE_STRING_H
| # if !STDC_HEADERS && HAVE_MEMORY_H
| #  include <memory.h>
| # endif
| # include <string.h>
| #endif
| #if HAVE_STRINGS_H
| # include <strings.h>
| #endif
| #if HAVE_INTTYPES_H
| # include <inttypes.h>
| #else
| # if HAVE_STDINT_H
| #  include <stdint.h>
| # endif
| #endif
| #if HAVE_UNISTD_H
| # include <unistd.h>
| #endif
| int
| main ()
| {
| static int test_array [1 - 2 * !(((long) (sizeof (int))) <= 3)];
| test_array [0] = 0
| 
|   ;
|   return 0;
| }
configure:20168: /home/cygwin/cegcc/bin/arm-mingw32ce-gcc -c -Wall  -mno-cygwin conftest.c >&5
conftest.c: In function 'main':
conftest.c:67:12: warning: variable 'test_array' set but not used [-Wunused-but-set-variable]
   67 | static int test_array [1 - 2 * !(((long) (sizeof (int))) <= 7)];
      |            ^~~~~~~~~~
configure:20174: $? = 0
configure:20177: test -z 			 || test ! -s conftest.err
configure:20180: $? = 0
configure:20183: test -s conftest.o
configure:20186: $? = 0
configure:20328: /home/cygwin/cegcc/bin/arm-mingw32ce-gcc -c -Wall  -mno-cygwin conftest.c >&5
conftest.c: In function 'main':
conftest.c:67:12: warning: variable 'test_array' set but not used [-Wunused-but-set-variable]
   67 | static int test_array [1 - 2 * !(((long) (sizeof (int))) <= 5)];
      |            ^~~~~~~~~~
configure:20334: $? = 0
configure:20337: test -z 			 || test ! -s conftest.err
configure:20340: $? = 0
configure:20343: test -s conftest.o
configure:20346: $? = 0
configure:20328: /home/cygwin/cegcc/bin/arm-mingw32ce-gcc -c -Wall  -mno-cygwin conftest.c >&5
conftest.c: In function 'main':
conftest.c:67:12: warning: variable 'test_array' set but not used [-Wunused-but-set-variable]
   67 | static int test_array [1 - 2 * !(((long) (sizeof (int))) <= 4)];
      |            ^~~~~~~~~~
configure:20334: $? = 0
configure:20337: test -z 			 || test ! -s conftest.err
configure:20340: $? = 0
configure:20343: test -s conftest.o
configure:20346: $? = 0
configure:20441: result: 4
configure:20448: checking for long
configure:20472: /home/cygwin/cegcc/bin/arm-mingw32ce-gcc -c -Wall  -mno-cygwin conftest.c >&5
configure:20478: $? = 0
configure:20481: test -z 			 || test ! -s conftest.err
configure:20484: $? = 0
configure:20487: test -s conftest.o
configure:20490: $? = 0
configure:20501: result: yes
configure:20504: checking size of long
configure:20534: /home/cygwin/cegcc/bin/arm-mingw32ce-gcc -c -Wall  -mno-cygwin conftest.c >&5
conftest.c: In function 'main':
conftest.c:68:12: warning: variable 'test_array' set but not used [-Wunused-but-set-variable]
   68 | static int test_array [1 - 2 * !(((long) (sizeof (long))) >= 0)];
      |            ^~~~~~~~~~
configure:20540: $? = 0
configure:20543: test -z 			 || test ! -s conftest.err
configure:20546: $? = 0
configure:20549: test -s conftest.o
configure:20552: $? = 0
configure:20574: /home/cygwin/cegcc/bin/arm-mingw32ce-gcc -c -Wall  -mno-cygwin conftest.c >&5
conftest.c: In function 'main':
conftest.c:68:12: error: size of array 'test_array' is negative
   68 | static int test_array [1 - 2 * !(((long) (sizeof (long))) <= 0)];
      |            ^~~~~~~~~~
conftest.c:68:12: warning: variable 'test_array' set but not used [-Wunused-but-set-variable]
configure:20580: $? = 1
configure: failed program was:
| /* confdefs.h.  */
| 
| #define PACKAGE_NAME "MPEG Audio Decoder"
| #define PACKAGE_TARNAME "libmad"
| #define PACKAGE_VERSION "0.15.1b"
| #define PACKAGE_STRING "MPEG Audio Decoder 0.15.1b"
| #define PACKAGE_BUGREPORT "support@underbit.com"
| #define PACKAGE "libmad"
| #define VERSION "0.15.1b"
| #define STDC_HEADERS 1
| #define HAVE_SYS_TYPES_H 1
| #define HAVE_SYS_STAT_H 1
| #define HAVE_STDLIB_H 1
| #define HAVE_STRING_H 1
| #define HAVE_MEMORY_H 1
| #define HAVE_STRINGS_H 1
| #define HAVE_INTTYPES_H 1
| #define HAVE_STDINT_H 1
| #define HAVE_UNISTD_H 1
| #ifdef __cplusplus
| extern "C" void std::exit (int) throw (); using std::exit;
| #endif
| #define STDC_HEADERS 1
| #define HAVE_ASSERT_H 1
| #define HAVE_LIMITS_H 1
| #define HAVE_UNISTD_H 1
| #define HAVE_SYS_TYPES_H 1
| #define HAVE_FCNTL_H 1
| #define SIZEOF_INT 4
| /* end confdefs.h.  */
| #include <stdio.h>
| #if HAVE_SYS_TYPES_H
| # include <sys/types.h>
| #endif
| #if HAVE_SYS_STAT_H
| # include <sys/stat.h>
| #endif
| #if STDC_HEADERS
| # include <stdlib.h>
| # include <stddef.h>
| #else
| # if HAVE_STDLIB_H
| #  include <stdlib.h>
| # endif
| #endif
| #if HAVE_STRING_H
| # if !STDC_HEADERS && HAVE_MEMORY_H
| #  include <memory.h>
| # endif
| # include <string.h>
| #endif
| #if HAVE_STRINGS_H
| # include <strings.h>
| #endif
| #if HAVE_INTTYPES_H
| # include <inttypes.h>
| #else
| # if HAVE_STDINT_H
| #  include <stdint.h>
| # endif
| #endif
| #if HAVE_UNISTD_H
| # include <unistd.h>
| #endif
| int
| main ()
| {
| static int test_array [1 - 2 * !(((long) (sizeof (long))) <= 0)];
| test_array [0] = 0
| 
|   ;
|   return 0;
| }
configure:20574: /home/cygwin/cegcc/bin/arm-mingw32ce-gcc -c -Wall  -mno-cygwin conftest.c >&5
conftest.c: In function 'main':
conftest.c:68:12: error: size of array 'test_array' is negative
   68 | static int test_array [1 - 2 * !(((long) (sizeof (long))) <= 1)];
      |            ^~~~~~~~~~
conftest.c:68:12: warning: variable 'test_array' set but not used [-Wunused-but-set-variable]
configure:20580: $? = 1
configure: failed program was:
| /* confdefs.h.  */
| 
| #define PACKAGE_NAME "MPEG Audio Decoder"
| #define PACKAGE_TARNAME "libmad"
| #define PACKAGE_VERSION "0.15.1b"
| #define PACKAGE_STRING "MPEG Audio Decoder 0.15.1b"
| #define PACKAGE_BUGREPORT "support@underbit.com"
| #define PACKAGE "libmad"
| #define VERSION "0.15.1b"
| #define STDC_HEADERS 1
| #define HAVE_SYS_TYPES_H 1
| #define HAVE_SYS_STAT_H 1
| #define HAVE_STDLIB_H 1
| #define HAVE_STRING_H 1
| #define HAVE_MEMORY_H 1
| #define HAVE_STRINGS_H 1
| #define HAVE_INTTYPES_H 1
| #define HAVE_STDINT_H 1
| #define HAVE_UNISTD_H 1
| #ifdef __cplusplus
| extern "C" void std::exit (int) throw (); using std::exit;
| #endif
| #define STDC_HEADERS 1
| #define HAVE_ASSERT_H 1
| #define HAVE_LIMITS_H 1
| #define HAVE_UNISTD_H 1
| #define HAVE_SYS_TYPES_H 1
| #define HAVE_FCNTL_H 1
| #define SIZEOF_INT 4
| /* end confdefs.h.  */
| #include <stdio.h>
| #if HAVE_SYS_TYPES_H
| # include <sys/types.h>
| #endif
| #if HAVE_SYS_STAT_H
| # include <sys/stat.h>
| #endif
| #if STDC_HEADERS
| # include <stdlib.h>
| # include <stddef.h>
| #else
| # if HAVE_STDLIB_H
| #  include <stdlib.h>
| # endif
| #endif
| #if HAVE_STRING_H
| # if !STDC_HEADERS && HAVE_MEMORY_H
| #  include <memory.h>
| # endif
| # include <string.h>
| #endif
| #if HAVE_STRINGS_H
| # include <strings.h>
| #endif
| #if HAVE_INTTYPES_H
| # include <inttypes.h>
| #else
| # if HAVE_STDINT_H
| #  include <stdint.h>
| # endif
| #endif
| #if HAVE_UNISTD_H
| # include <unistd.h>
| #endif
| int
| main ()
| {
| static int test_array [1 - 2 * !(((long) (sizeof (long))) <= 1)];
| test_array [0] = 0
| 
|   ;
|   return 0;
| }
configure:20574: /home/cygwin/cegcc/bin/arm-mingw32ce-gcc -c -Wall  -mno-cygwin conftest.c >&5
conftest.c: In function 'main':
conftest.c:68:12: error: size of array 'test_array' is negative
   68 | static int test_array [1 - 2 * !(((long) (sizeof (long))) <= 3)];
      |            ^~~~~~~~~~
conftest.c:68:12: warning: variable 'test_array' set but not used [-Wunused-but-set-variable]
configure:20580: $? = 1
configure: failed program was:
| /* confdefs.h.  */
| 
| #define PACKAGE_NAME "MPEG Audio Decoder"
| #define PACKAGE_TARNAME "libmad"
| #define PACKAGE_VERSION "0.15.1b"
| #define PACKAGE_STRING "MPEG Audio Decoder 0.15.1b"
| #define PACKAGE_BUGREPORT "support@underbit.com"
| #define PACKAGE "libmad"
| #define VERSION "0.15.1b"
| #define STDC_HEADERS 1
| #define HAVE_SYS_TYPES_H 1
| #define HAVE_SYS_STAT_H 1
| #define HAVE_STDLIB_H 1
| #define HAVE_STRING_H 1
| #define HAVE_MEMORY_H 1
| #define HAVE_STRINGS_H 1
| #define HAVE_INTTYPES_H 1
| #define HAVE_STDINT_H 1
| #define HAVE_UNISTD_H 1
| #ifdef __cplusplus
| extern "C" void std::exit (int) throw (); using std::exit;
| #endif
| #define STDC_HEADERS 1
| #define HAVE_ASSERT_H 1
| #define HAVE_LIMITS_H 1
| #define HAVE_UNISTD_H 1
| #define HAVE_SYS_TYPES_H 1
| #define HAVE_FCNTL_H 1
| #define SIZEOF_INT 4
| /* end confdefs.h.  */
| #include <stdio.h>
| #if HAVE_SYS_TYPES_H
| # include <sys/types.h>
| #endif
| #if HAVE_SYS_STAT_H
| # include <sys/stat.h>
| #endif
| #if STDC_HEADERS
| # include <stdlib.h>
| # include <stddef.h>
| #else
| # if HAVE_STDLIB_H
| #  include <stdlib.h>
| # endif
| #endif
| #if HAVE_STRING_H
| # if !STDC_HEADERS && HAVE_MEMORY_H
| #  include <memory.h>
| # endif
| # include <string.h>
| #endif
| #if HAVE_STRINGS_H
| # include <strings.h>
| #endif
| #if HAVE_INTTYPES_H
| # include <inttypes.h>
| #else
| # if HAVE_STDINT_H
| #  include <stdint.h>
| # endif
| #endif
| #if HAVE_UNISTD_H
| # include <unistd.h>
| #endif
| int
| main ()
| {
| static int test_array [1 - 2 * !(((long) (sizeof (long))) <= 3)];
| test_array [0] = 0
| 
|   ;
|   return 0;
| }
configure:20574: /home/cygwin/cegcc/bin/arm-mingw32ce-gcc -c -Wall  -mno-cygwin conftest.c >&5
conftest.c: In function 'main':
conftest.c:68:12: warning: variable 'test_array' set but not used [-Wunused-but-set-variable]
   68 | static int test_array [1 - 2 * !(((long) (sizeof (long))) <= 7)];
      |            ^~~~~~~~~~
configure:20580: $? = 0
configure:20583: test -z 			 || test ! -s conftest.err
configure:20586: $? = 0
configure:20589: test -s conftest.o
configure:20592: $? = 0
configure:20734: /home/cygwin/cegcc/bin/arm-mingw32ce-gcc -c -Wall  -mno-cygwin conftest.c >&5
conftest.c: In function 'main':
conftest.c:68:12: warning: variable 'test_array' set but not used [-Wunused-but-set-variable]
   68 | static int test_array [1 - 2 * !(((long) (sizeof (long))) <= 5)];
      |            ^~~~~~~~~~
configure:20740: $? = 0
configure:20743: test -z 			 || test ! -s conftest.err
configure:20746: $? = 0
configure:20749: test -s conftest.o
configure:20752: $? = 0
configure:20734: /home/cygwin/cegcc/bin/arm-mingw32ce-gcc -c -Wall  -mno-cygwin conftest.c >&5
conftest.c: In function 'main':
conftest.c:68:12: warning: variable 'test_array' set but not used [-Wunused-but-set-variable]
   68 | static int test_array [1 - 2 * !(((long) (sizeof (long))) <= 4)];
      |            ^~~~~~~~~~
configure:20740: $? = 0
configure:20743: test -z 			 || test ! -s conftest.err
configure:20746: $? = 0
configure:20749: test -s conftest.o
configure:20752: $? = 0
configure:20847: result: 4
configure:20854: checking for long long
configure:20878: /home/cygwin/cegcc/bin/arm-mingw32ce-gcc -c -Wall  -mno-cygwin conftest.c >&5
configure:20884: $? = 0
configure:20887: test -z 			 || test ! -s conftest.err
configure:20890: $? = 0
configure:20893: test -s conftest.o
configure:20896: $? = 0
configure:20907: result: yes
configure:20910: checking size of long long
configure:20940: /home/cygwin/cegcc/bin/arm-mingw32ce-gcc -c -Wall  -mno-cygwin conftest.c >&5
conftest.c: In function 'main':
conftest.c:69:12: warning: variable 'test_array' set but not used [-Wunused-but-set-variable]
   69 | static int test_array [1 - 2 * !(((long) (sizeof (long long))) >= 0)];
      |            ^~~~~~~~~~
configure:20946: $? = 0
configure:20949: test -z 			 || test ! -s conftest.err
configure:20952: $? = 0
configure:20955: test -s conftest.o
configure:20958: $? = 0
configure:20980: /home/cygwin/cegcc/bin/arm-mingw32ce-gcc -c -Wall  -mno-cygwin conftest.c >&5
conftest.c: In function 'main':
conftest.c:69:12: error: size of array 'test_array' is negative
   69 | static int test_array [1 - 2 * !(((long) (sizeof (long long))) <= 0)];
      |            ^~~~~~~~~~
conftest.c:69:12: warning: variable 'test_array' set but not used [-Wunused-but-set-variable]
configure:20986: $? = 1
configure: failed program was:
| /* confdefs.h.  */
| 
| #define PACKAGE_NAME "MPEG Audio Decoder"
| #define PACKAGE_TARNAME "libmad"
| #define PACKAGE_VERSION "0.15.1b"
| #define PACKAGE_STRING "MPEG Audio Decoder 0.15.1b"
| #define PACKAGE_BUGREPORT "support@underbit.com"
| #define PACKAGE "libmad"
| #define VERSION "0.15.1b"
| #define STDC_HEADERS 1
| #define HAVE_SYS_TYPES_H 1
| #define HAVE_SYS_STAT_H 1
| #define HAVE_STDLIB_H 1
| #define HAVE_STRING_H 1
| #define HAVE_MEMORY_H 1
| #define HAVE_STRINGS_H 1
| #define HAVE_INTTYPES_H 1
| #define HAVE_STDINT_H 1
| #define HAVE_UNISTD_H 1
| #ifdef __cplusplus
| extern "C" void std::exit (int) throw (); using std::exit;
| #endif
| #define STDC_HEADERS 1
| #define HAVE_ASSERT_H 1
| #define HAVE_LIMITS_H 1
| #define HAVE_UNISTD_H 1
| #define HAVE_SYS_TYPES_H 1
| #define HAVE_FCNTL_H 1
| #define SIZEOF_INT 4
| #define SIZEOF_LONG 4
| /* end confdefs.h.  */
| #include <stdio.h>
| #if HAVE_SYS_TYPES_H
| # include <sys/types.h>
| #endif
| #if HAVE_SYS_STAT_H
| # include <sys/stat.h>
| #endif
| #if STDC_HEADERS
| # include <stdlib.h>
| # include <stddef.h>
| #else
| # if HAVE_STDLIB_H
| #  include <stdlib.h>
| # endif
| #endif
| #if HAVE_STRING_H
| # if !STDC_HEADERS && HAVE_MEMORY_H
| #  include <memory.h>
| # endif
| # include <string.h>
| #endif
| #if HAVE_STRINGS_H
| # include <strings.h>
| #endif
| #if HAVE_INTTYPES_H
| # include <inttypes.h>
| #else
| # if HAVE_STDINT_H
| #  include <stdint.h>
| # endif
| #endif
| #if HAVE_UNISTD_H
| # include <unistd.h>
| #endif
| int
| main ()
| {
| static int test_array [1 - 2 * !(((long) (sizeof (long long))) <= 0)];
| test_array [0] = 0
| 
|   ;
|   return 0;
| }
configure:20980: /home/cygwin/cegcc/bin/arm-mingw32ce-gcc -c -Wall  -mno-cygwin conftest.c >&5
conftest.c: In function 'main':
conftest.c:69:12: error: size of array 'test_array' is negative
   69 | static int test_array [1 - 2 * !(((long) (sizeof (long long))) <= 1)];
      |            ^~~~~~~~~~
conftest.c:69:12: warning: variable 'test_array' set but not used [-Wunused-but-set-variable]
configure:20986: $? = 1
configure: failed program was:
| /* confdefs.h.  */
| 
| #define PACKAGE_NAME "MPEG Audio Decoder"
| #define PACKAGE_TARNAME "libmad"
| #define PACKAGE_VERSION "0.15.1b"
| #define PACKAGE_STRING "MPEG Audio Decoder 0.15.1b"
| #define PACKAGE_BUGREPORT "support@underbit.com"
| #define PACKAGE "libmad"
| #define VERSION "0.15.1b"
| #define STDC_HEADERS 1
| #define HAVE_SYS_TYPES_H 1
| #define HAVE_SYS_STAT_H 1
| #define HAVE_STDLIB_H 1
| #define HAVE_STRING_H 1
| #define HAVE_MEMORY_H 1
| #define HAVE_STRINGS_H 1
| #define HAVE_INTTYPES_H 1
| #define HAVE_STDINT_H 1
| #define HAVE_UNISTD_H 1
| #ifdef __cplusplus
| extern "C" void std::exit (int) throw (); using std::exit;
| #endif
| #define STDC_HEADERS 1
| #define HAVE_ASSERT_H 1
| #define HAVE_LIMITS_H 1
| #define HAVE_UNISTD_H 1
| #define HAVE_SYS_TYPES_H 1
| #define HAVE_FCNTL_H 1
| #define SIZEOF_INT 4
| #define SIZEOF_LONG 4
| /* end confdefs.h.  */
| #include <stdio.h>
| #if HAVE_SYS_TYPES_H
| # include <sys/types.h>
| #endif
| #if HAVE_SYS_STAT_H
| # include <sys/stat.h>
| #endif
| #if STDC_HEADERS
| # include <stdlib.h>
| # include <stddef.h>
| #else
| # if HAVE_STDLIB_H
| #  include <stdlib.h>
| # endif
| #endif
| #if HAVE_STRING_H
| # if !STDC_HEADERS && HAVE_MEMORY_H
| #  include <memory.h>
| # endif
| # include <string.h>
| #endif
| #if HAVE_STRINGS_H
| # include <strings.h>
| #endif
| #if HAVE_INTTYPES_H
| # include <inttypes.h>
| #else
| # if HAVE_STDINT_H
| #  include <stdint.h>
| # endif
| #endif
| #if HAVE_UNISTD_H
| # include <unistd.h>
| #endif
| int
| main ()
| {
| static int test_array [1 - 2 * !(((long) (sizeof (long long))) <= 1)];
| test_array [0] = 0
| 
|   ;
|   return 0;
| }
configure:20980: /home/cygwin/cegcc/bin/arm-mingw32ce-gcc -c -Wall  -mno-cygwin conftest.c >&5
conftest.c: In function 'main':
conftest.c:69:12: error: size of array 'test_array' is negative
   69 | static int test_array [1 - 2 * !(((long) (sizeof (long long))) <= 3)];
      |            ^~~~~~~~~~
conftest.c:69:12: warning: variable 'test_array' set but not used [-Wunused-but-set-variable]
configure:20986: $? = 1
configure: failed program was:
| /* confdefs.h.  */
| 
| #define PACKAGE_NAME "MPEG Audio Decoder"
| #define PACKAGE_TARNAME "libmad"
| #define PACKAGE_VERSION "0.15.1b"
| #define PACKAGE_STRING "MPEG Audio Decoder 0.15.1b"
| #define PACKAGE_BUGREPORT "support@underbit.com"
| #define PACKAGE "libmad"
| #define VERSION "0.15.1b"
| #define STDC_HEADERS 1
| #define HAVE_SYS_TYPES_H 1
| #define HAVE_SYS_STAT_H 1
| #define HAVE_STDLIB_H 1
| #define HAVE_STRING_H 1
| #define HAVE_MEMORY_H 1
| #define HAVE_STRINGS_H 1
| #define HAVE_INTTYPES_H 1
| #define HAVE_STDINT_H 1
| #define HAVE_UNISTD_H 1
| #ifdef __cplusplus
| extern "C" void std::exit (int) throw (); using std::exit;
| #endif
| #define STDC_HEADERS 1
| #define HAVE_ASSERT_H 1
| #define HAVE_LIMITS_H 1
| #define HAVE_UNISTD_H 1
| #define HAVE_SYS_TYPES_H 1
| #define HAVE_FCNTL_H 1
| #define SIZEOF_INT 4
| #define SIZEOF_LONG 4
| /* end confdefs.h.  */
| #include <stdio.h>
| #if HAVE_SYS_TYPES_H
| # include <sys/types.h>
| #endif
| #if HAVE_SYS_STAT_H
| # include <sys/stat.h>
| #endif
| #if STDC_HEADERS
| # include <stdlib.h>
| # include <stddef.h>
| #else
| # if HAVE_STDLIB_H
| #  include <stdlib.h>
| # endif
| #endif
| #if HAVE_STRING_H
| # if !STDC_HEADERS && HAVE_MEMORY_H
| #  include <memory.h>
| # endif
| # include <string.h>
| #endif
| #if HAVE_STRINGS_H
| # include <strings.h>
| #endif
| #if HAVE_INTTYPES_H
| # include <inttypes.h>
| #else
| # if HAVE_STDINT_H
| #  include <stdint.h>
| # endif
| #endif
| #if HAVE_UNISTD_H
| # include <unistd.h>
| #endif
| int
| main ()
| {
| static int test_array [1 - 2 * !(((long) (sizeof (long long))) <= 3)];
| test_array [0] = 0
| 
|   ;
|   return 0;
| }
configure:20980: /home/cygwin/cegcc/bin/arm-mingw32ce-gcc -c -Wall  -mno-cygwin conftest.c >&5
conftest.c: In function 'main':
conftest.c:69:12: error: size of array 'test_array' is negative
   69 | static int test_array [1 - 2 * !(((long) (sizeof (long long))) <= 7)];
      |            ^~~~~~~~~~
conftest.c:69:12: warning: variable 'test_array' set but not used [-Wunused-but-set-variable]
configure:20986: $? = 1
configure: failed program was:
| /* confdefs.h.  */
| 
| #define PACKAGE_NAME "MPEG Audio Decoder"
| #define PACKAGE_TARNAME "libmad"
| #define PACKAGE_VERSION "0.15.1b"
| #define PACKAGE_STRING "MPEG Audio Decoder 0.15.1b"
| #define PACKAGE_BUGREPORT "support@underbit.com"
| #define PACKAGE "libmad"
| #define VERSION "0.15.1b"
| #define STDC_HEADERS 1
| #define HAVE_SYS_TYPES_H 1
| #define HAVE_SYS_STAT_H 1
| #define HAVE_STDLIB_H 1
| #define HAVE_STRING_H 1
| #define HAVE_MEMORY_H 1
| #define HAVE_STRINGS_H 1
| #define HAVE_INTTYPES_H 1
| #define HAVE_STDINT_H 1
| #define HAVE_UNISTD_H 1
| #ifdef __cplusplus
| extern "C" void std::exit (int) throw (); using std::exit;
| #endif
| #define STDC_HEADERS 1
| #define HAVE_ASSERT_H 1
| #define HAVE_LIMITS_H 1
| #define HAVE_UNISTD_H 1
| #define HAVE_SYS_TYPES_H 1
| #define HAVE_FCNTL_H 1
| #define SIZEOF_INT 4
| #define SIZEOF_LONG 4
| /* end confdefs.h.  */
| #include <stdio.h>
| #if HAVE_SYS_TYPES_H
| # include <sys/types.h>
| #endif
| #if HAVE_SYS_STAT_H
| # include <sys/stat.h>
| #endif
| #if STDC_HEADERS
| # include <stdlib.h>
| # include <stddef.h>
| #else
| # if HAVE_STDLIB_H
| #  include <stdlib.h>
| # endif
| #endif
| #if HAVE_STRING_H
| # if !STDC_HEADERS && HAVE_MEMORY_H
| #  include <memory.h>
| # endif
| # include <string.h>
| #endif
| #if HAVE_STRINGS_H
| # include <strings.h>
| #endif
| #if HAVE_INTTYPES_H
| # include <inttypes.h>
| #else
| # if HAVE_STDINT_H
| #  include <stdint.h>
| # endif
| #endif
| #if HAVE_UNISTD_H
| # include <unistd.h>
| #endif
| int
| main ()
| {
| static int test_array [1 - 2 * !(((long) (sizeof (long long))) <= 7)];
| test_array [0] = 0
| 
|   ;
|   return 0;
| }
configure:20980: /home/cygwin/cegcc/bin/arm-mingw32ce-gcc -c -Wall  -mno-cygwin conftest.c >&5
conftest.c: In function 'main':
conftest.c:69:12: warning: variable 'test_array' set but not used [-Wunused-but-set-variable]
   69 | static int test_array [1 - 2 * !(((long) (sizeof (long long))) <= 15)];
      |            ^~~~~~~~~~
configure:20986: $? = 0
configure:20989: test -z 			 || test ! -s conftest.err
configure:20992: $? = 0
configure:20995: test -s conftest.o
configure:20998: $? = 0
configure:21140: /home/cygwin/cegcc/bin/arm-mingw32ce-gcc -c -Wall  -mno-cygwin conftest.c >&5
conftest.c: In function 'main':
conftest.c:69:12: warning: variable 'test_array' set but not used [-Wunused-but-set-variable]
   69 | static int test_array [1 - 2 * !(((long) (sizeof (long long))) <= 11)];
      |            ^~~~~~~~~~
configure:21146: $? = 0
configure:21149: test -z 			 || test ! -s conftest.err
configure:21152: $? = 0
configure:21155: test -s conftest.o
configure:21158: $? = 0
configure:21140: /home/cygwin/cegcc/bin/arm-mingw32ce-gcc -c -Wall  -mno-cygwin conftest.c >&5
conftest.c: In function 'main':
conftest.c:69:12: warning: variable 'test_array' set but not used [-Wunused-but-set-variable]
   69 | static int test_array [1 - 2 * !(((long) (sizeof (long long))) <= 9)];
      |            ^~~~~~~~~~
configure:21146: $? = 0
configure:21149: test -z 			 || test ! -s conftest.err
configure:21152: $? = 0
configure:21155: test -s conftest.o
configure:21158: $? = 0
configure:21140: /home/cygwin/cegcc/bin/arm-mingw32ce-gcc -c -Wall  -mno-cygwin conftest.c >&5
conftest.c: In function 'main':
conftest.c:69:12: warning: variable 'test_array' set but not used [-Wunused-but-set-variable]
   69 | static int test_array [1 - 2 * !(((long) (sizeof (long long))) <= 8)];
      |            ^~~~~~~~~~
configure:21146: $? = 0
configure:21149: test -z 			 || test ! -s conftest.err
configure:21152: $? = 0
configure:21155: test -s conftest.o
configure:21158: $? = 0
configure:21253: result: 8
configure:21269: checking for waitpid
configure:21326: /home/cygwin/cegcc/bin/arm-mingw32ce-gcc -o conftest.exe -Wall  -mno-cygwin  -mno-cygwin conftest.c  >&5
/home/cygwin/cegcc/bin/../lib/gcc/arm-mingw32ce/9.3.0/../../../../arm-mingw32ce/bin/ld: /tmp/cc0px7Wt.o:conftest.c:(.text+0x34): undefined reference to `waitpid'
/home/cygwin/cegcc/bin/../lib/gcc/arm-mingw32ce/9.3.0/../../../../arm-mingw32ce/bin/ld: /tmp/cc0px7Wt.o:conftest.c:(.data+0x0): undefined reference to `waitpid'
collect2: error: ld returned 1 exit status
configure:21332: $? = 1
configure: failed program was:
| /* confdefs.h.  */
| 
| #define PACKAGE_NAME "MPEG Audio Decoder"
| #define PACKAGE_TARNAME "libmad"
| #define PACKAGE_VERSION "0.15.1b"
| #define PACKAGE_STRING "MPEG Audio Decoder 0.15.1b"
| #define PACKAGE_BUGREPORT "support@underbit.com"
| #define PACKAGE "libmad"
| #define VERSION "0.15.1b"
| #define STDC_HEADERS 1
| #define HAVE_SYS_TYPES_H 1
| #define HAVE_SYS_STAT_H 1
| #define HAVE_STDLIB_H 1
| #define HAVE_STRING_H 1
| #define HAVE_MEMORY_H 1
| #define HAVE_STRINGS_H 1
| #define HAVE_INTTYPES_H 1
| #define HAVE_STDINT_H 1
| #define HAVE_UNISTD_H 1
| #ifdef __cplusplus
| extern "C" void std::exit (int) throw (); using std::exit;
| #endif
| #define STDC_HEADERS 1
| #define HAVE_ASSERT_H 1
| #define HAVE_LIMITS_H 1
| #define HAVE_UNISTD_H 1
| #define HAVE_SYS_TYPES_H 1
| #define HAVE_FCNTL_H 1
| #define SIZEOF_INT 4
| #define SIZEOF_LONG 4
| #define SIZEOF_LONG_LONG 8
| /* end confdefs.h.  */
| /* Define waitpid to an innocuous variant, in case <limits.h> declares waitpid.
|    For example, HP-UX 11i <limits.h> declares gettimeofday.  */
| #define waitpid innocuous_waitpid
| 
| /* System header to define __stub macros and hopefully few prototypes,
|     which can conflict with char waitpid (); below.
|     Prefer <limits.h> to <assert.h> if __STDC__ is defined, since
|     <limits.h> exists even on freestanding compilers.  */
| 
| #ifdef __STDC__
| # include <limits.h>
| #else
| # include <assert.h>
| #endif
| 
| #undef waitpid
| 
| /* Override any gcc2 internal prototype to avoid an error.  */
| #ifdef __cplusplus
| extern "C"
| {
| #endif
| /* We use char because int might match the return type of a gcc2
|    builtin and then its argument prototype would still apply.  */
| char waitpid ();
| /* The GNU C library defines this for functions which it implements
|     to always fail with ENOSYS.  Some functions are actually named
|     something starting with __ and the normal name is an alias.  */
| #if defined (__stub_waitpid) || defined (__stub___waitpid)
| choke me
| #else
| char (*f) () = waitpid;
| #endif
| #ifdef __cplusplus
| }
| #endif
| 
| int
| main ()
| {
| return f != waitpid;
|   ;
|   return 0;
| }
configure:21356: result: no
configure:21269: checking for fcntl
configure:21326: /home/cygwin/cegcc/bin/arm-mingw32ce-gcc -o conftest.exe -Wall  -mno-cygwin  -mno-cygwin conftest.c  >&5
/home/cygwin/cegcc/bin/../lib/gcc/arm-mingw32ce/9.3.0/../../../../arm-mingw32ce/bin/ld: /tmp/cccCHkCX.o:conftest.c:(.text+0x34): undefined reference to `fcntl'
/home/cygwin/cegcc/bin/../lib/gcc/arm-mingw32ce/9.3.0/../../../../arm-mingw32ce/bin/ld: /tmp/cccCHkCX.o:conftest.c:(.data+0x0): undefined reference to `fcntl'
collect2: error: ld returned 1 exit status
configure:21332: $? = 1
configure: failed program was:
| /* confdefs.h.  */
| 
| #define PACKAGE_NAME "MPEG Audio Decoder"
| #define PACKAGE_TARNAME "libmad"
| #define PACKAGE_VERSION "0.15.1b"
| #define PACKAGE_STRING "MPEG Audio Decoder 0.15.1b"
| #define PACKAGE_BUGREPORT "support@underbit.com"
| #define PACKAGE "libmad"
| #define VERSION "0.15.1b"
| #define STDC_HEADERS 1
| #define HAVE_SYS_TYPES_H 1
| #define HAVE_SYS_STAT_H 1
| #define HAVE_STDLIB_H 1
| #define HAVE_STRING_H 1
| #define HAVE_MEMORY_H 1
| #define HAVE_STRINGS_H 1
| #define HAVE_INTTYPES_H 1
| #define HAVE_STDINT_H 1
| #define HAVE_UNISTD_H 1
| #ifdef __cplusplus
| extern "C" void std::exit (int) throw (); using std::exit;
| #endif
| #define STDC_HEADERS 1
| #define HAVE_ASSERT_H 1
| #define HAVE_LIMITS_H 1
| #define HAVE_UNISTD_H 1
| #define HAVE_SYS_TYPES_H 1
| #define HAVE_FCNTL_H 1
| #define SIZEOF_INT 4
| #define SIZEOF_LONG 4
| #define SIZEOF_LONG_LONG 8
| /* end confdefs.h.  */
| /* Define fcntl to an innocuous variant, in case <limits.h> declares fcntl.
|    For example, HP-UX 11i <limits.h> declares gettimeofday.  */
| #define fcntl innocuous_fcntl
| 
| /* System header to define __stub macros and hopefully few prototypes,
|     which can conflict with char fcntl (); below.
|     Prefer <limits.h> to <assert.h> if __STDC__ is defined, since
|     <limits.h> exists even on freestanding compilers.  */
| 
| #ifdef __STDC__
| # include <limits.h>
| #else
| # include <assert.h>
| #endif
| 
| #undef fcntl
| 
| /* Override any gcc2 internal prototype to avoid an error.  */
| #ifdef __cplusplus
| extern "C"
| {
| #endif
| /* We use char because int might match the return type of a gcc2
|    builtin and then its argument prototype would still apply.  */
| char fcntl ();
| /* The GNU C library defines this for functions which it implements
|     to always fail with ENOSYS.  Some functions are actually named
|     something starting with __ and the normal name is an alias.  */
| #if defined (__stub_fcntl) || defined (__stub___fcntl)
| choke me
| #else
| char (*f) () = fcntl;
| #endif
| #ifdef __cplusplus
| }
| #endif
| 
| int
| main ()
| {
| return f != fcntl;
|   ;
|   return 0;
| }
configure:21356: result: no
configure:21269: checking for pipe
configure:21326: /home/cygwin/cegcc/bin/arm-mingw32ce-gcc -o conftest.exe -Wall  -mno-cygwin  -mno-cygwin conftest.c  >&5
/home/cygwin/cegcc/bin/../lib/gcc/arm-mingw32ce/9.3.0/../../../../arm-mingw32ce/bin/ld: /tmp/ccHm3Nt5.o:conftest.c:(.text+0x34): undefined reference to `pipe'
/home/cygwin/cegcc/bin/../lib/gcc/arm-mingw32ce/9.3.0/../../../../arm-mingw32ce/bin/ld: /tmp/ccHm3Nt5.o:conftest.c:(.data+0x0): undefined reference to `pipe'
collect2: error: ld returned 1 exit status
configure:21332: $? = 1
configure: failed program was:
| /* confdefs.h.  */
| 
| #define PACKAGE_NAME "MPEG Audio Decoder"
| #define PACKAGE_TARNAME "libmad"
| #define PACKAGE_VERSION "0.15.1b"
| #define PACKAGE_STRING "MPEG Audio Decoder 0.15.1b"
| #define PACKAGE_BUGREPORT "support@underbit.com"
| #define PACKAGE "libmad"
| #define VERSION "0.15.1b"
| #define STDC_HEADERS 1
| #define HAVE_SYS_TYPES_H 1
| #define HAVE_SYS_STAT_H 1
| #define HAVE_STDLIB_H 1
| #define HAVE_STRING_H 1
| #define HAVE_MEMORY_H 1
| #define HAVE_STRINGS_H 1
| #define HAVE_INTTYPES_H 1
| #define HAVE_STDINT_H 1
| #define HAVE_UNISTD_H 1
| #ifdef __cplusplus
| extern "C" void std::exit (int) throw (); using std::exit;
| #endif
| #define STDC_HEADERS 1
| #define HAVE_ASSERT_H 1
| #define HAVE_LIMITS_H 1
| #define HAVE_UNISTD_H 1
| #define HAVE_SYS_TYPES_H 1
| #define HAVE_FCNTL_H 1
| #define SIZEOF_INT 4
| #define SIZEOF_LONG 4
| #define SIZEOF_LONG_LONG 8
| /* end confdefs.h.  */
| /* Define pipe to an innocuous variant, in case <limits.h> declares pipe.
|    For example, HP-UX 11i <limits.h> declares gettimeofday.  */
| #define pipe innocuous_pipe
| 
| /* System header to define __stub macros and hopefully few prototypes,
|     which can conflict with char pipe (); below.
|     Prefer <limits.h> to <assert.h> if __STDC__ is defined, since
|     <limits.h> exists even on freestanding compilers.  */
| 
| #ifdef __STDC__
| # include <limits.h>
| #else
| # include <assert.h>
| #endif
| 
| #undef pipe
| 
| /* Override any gcc2 internal prototype to avoid an error.  */
| #ifdef __cplusplus
| extern "C"
| {
| #endif
| /* We use char because int might match the return type of a gcc2
|    builtin and then its argument prototype would still apply.  */
| char pipe ();
| /* The GNU C library defines this for functions which it implements
|     to always fail with ENOSYS.  Some functions are actually named
|     something starting with __ and the normal name is an alias.  */
| #if defined (__stub_pipe) || defined (__stub___pipe)
| choke me
| #else
| char (*f) () = pipe;
| #endif
| #ifdef __cplusplus
| }
| #endif
| 
| int
| main ()
| {
| return f != pipe;
|   ;
|   return 0;
| }
configure:21356: result: no
configure:21269: checking for fork
configure:21326: /home/cygwin/cegcc/bin/arm-mingw32ce-gcc -o conftest.exe -Wall  -mno-cygwin  -mno-cygwin conftest.c  >&5
conftest.c:57:6: warning: conflicting types for built-in function 'fork'; expected 'int(void)' [-Wbuiltin-declaration-mismatch]
   57 | char fork ();
      |      ^~~~
/home/cygwin/cegcc/bin/../lib/gcc/arm-mingw32ce/9.3.0/../../../../arm-mingw32ce/bin/ld: /tmp/ccShUk43.o:conftest.c:(.text+0x34): undefined reference to `fork'
/home/cygwin/cegcc/bin/../lib/gcc/arm-mingw32ce/9.3.0/../../../../arm-mingw32ce/bin/ld: /tmp/ccShUk43.o:conftest.c:(.data+0x0): undefined reference to `fork'
collect2: error: ld returned 1 exit status
configure:21332: $? = 1
configure: failed program was:
| /* confdefs.h.  */
| 
| #define PACKAGE_NAME "MPEG Audio Decoder"
| #define PACKAGE_TARNAME "libmad"
| #define PACKAGE_VERSION "0.15.1b"
| #define PACKAGE_STRING "MPEG Audio Decoder 0.15.1b"
| #define PACKAGE_BUGREPORT "support@underbit.com"
| #define PACKAGE "libmad"
| #define VERSION "0.15.1b"
| #define STDC_HEADERS 1
| #define HAVE_SYS_TYPES_H 1
| #define HAVE_SYS_STAT_H 1
| #define HAVE_STDLIB_H 1
| #define HAVE_STRING_H 1
| #define HAVE_MEMORY_H 1
| #define HAVE_STRINGS_H 1
| #define HAVE_INTTYPES_H 1
| #define HAVE_STDINT_H 1
| #define HAVE_UNISTD_H 1
| #ifdef __cplusplus
| extern "C" void std::exit (int) throw (); using std::exit;
| #endif
| #define STDC_HEADERS 1
| #define HAVE_ASSERT_H 1
| #define HAVE_LIMITS_H 1
| #define HAVE_UNISTD_H 1
| #define HAVE_SYS_TYPES_H 1
| #define HAVE_FCNTL_H 1
| #define SIZEOF_INT 4
| #define SIZEOF_LONG 4
| #define SIZEOF_LONG_LONG 8
| /* end confdefs.h.  */
| /* Define fork to an innocuous variant, in case <limits.h> declares fork.
|    For example, HP-UX 11i <limits.h> declares gettimeofday.  */
| #define fork innocuous_fork
| 
| /* System header to define __stub macros and hopefully few prototypes,
|     which can conflict with char fork (); below.
|     Prefer <limits.h> to <assert.h> if __STDC__ is defined, since
|     <limits.h> exists even on freestanding compilers.  */
| 
| #ifdef __STDC__
| # include <limits.h>
| #else
| # include <assert.h>
| #endif
| 
| #undef fork
| 
| /* Override any gcc2 internal prototype to avoid an error.  */
| #ifdef __cplusplus
| extern "C"
| {
| #endif
| /* We use char because int might match the return type of a gcc2
|    builtin and then its argument prototype would still apply.  */
| char fork ();
| /* The GNU C library defines this for functions which it implements
|     to always fail with ENOSYS.  Some functions are actually named
|     something starting with __ and the normal name is an alias.  */
| #if defined (__stub_fork) || defined (__stub___fork)
| choke me
| #else
| char (*f) () = fork;
| #endif
| #ifdef __cplusplus
| }
| #endif
| 
| int
| main ()
| {
| return f != fork;
|   ;
|   return 0;
| }
configure:21356: result: no
configure:21428: checking whether to optimize for speed or for accuracy
configure:21470: result: default
configure:21480: checking for architecture-specific fixed-point math routines
configure:21519: result: ARM
configure:21575: checking for ISO/IEC interpretation
configure:21593: result: best accepted practices
configure:21596: checking whether to enable profiling
configure:21607: result: no
configure:21610: checking whether to enable debugging
configure:21647: result: default
configure:21650: checking whether to enable experimental code
configure:21667: result: no
configure:21795: creating ./config.status

## ---------------------- ##
## Running config.status. ##
## ---------------------- ##

This file was extended by MPEG Audio Decoder config.status 0.15.1b, which was
generated by GNU Autoconf 2.59.  Invocation command line was

  CONFIG_FILES    = 
  CONFIG_HEADERS  = 
  CONFIG_LINKS    = 
  CONFIG_COMMANDS = 
  $ ./config.status 

on NOTEPC

config.status:759: creating Makefile
config.status:759: creating msvc++/Makefile
config.status:759: creating libmad.list
config.status:825: creating config.h
config.status:1129: executing depfiles commands

## ---------------- ##
## Cache variables. ##
## ---------------- ##

ac_cv_build=i686-pc-cygwin
ac_cv_build_alias=i686-pc-cygwin
ac_cv_c_bigendian=no
ac_cv_c_compiler_gnu=yes
ac_cv_c_const=yes
ac_cv_c_inline=inline
ac_cv_cxx_compiler_gnu=yes
ac_cv_env_CCASFLAGS_set=
ac_cv_env_CCASFLAGS_value=
ac_cv_env_CCAS_set=
ac_cv_env_CCAS_value=
ac_cv_env_CC_set=set
ac_cv_env_CC_value=/home/cygwin/cegcc/bin/arm-mingw32ce-gcc
ac_cv_env_CFLAGS_set=
ac_cv_env_CFLAGS_value=
ac_cv_env_CPPFLAGS_set=
ac_cv_env_CPPFLAGS_value=
ac_cv_env_CPP_set=
ac_cv_env_CPP_value=
ac_cv_env_CXXCPP_set=
ac_cv_env_CXXCPP_value=
ac_cv_env_CXXFLAGS_set=
ac_cv_env_CXXFLAGS_value=
ac_cv_env_CXX_set=set
ac_cv_env_CXX_value=/home/cygwin/cegcc/bin/arm-mingw32ce-g++
ac_cv_env_F77_set=
ac_cv_env_F77_value=
ac_cv_env_FFLAGS_set=
ac_cv_env_FFLAGS_value=
ac_cv_env_LDFLAGS_set=
ac_cv_env_LDFLAGS_value=
ac_cv_env_build_alias_set=
ac_cv_env_build_alias_value=
ac_cv_env_host_alias_set=set
ac_cv_env_host_alias_value=arm-mingw32ce
ac_cv_env_target_alias_set=
ac_cv_env_target_alias_value=
ac_cv_exeext=.exe
ac_cv_f77_compiler_gnu=no
ac_cv_func_fcntl=no
ac_cv_func_fork=no
ac_cv_func_pipe=no
ac_cv_func_waitpid=no
ac_cv_header_assert_h=yes
ac_cv_header_dlfcn_h=no
ac_cv_header_errno_h=no
ac_cv_header_fcntl_h=yes
ac_cv_header_inttypes_h=yes
ac_cv_header_limits_h=yes
ac_cv_header_memory_h=yes
ac_cv_header_stdc=yes
ac_cv_header_stdint_h=yes
ac_cv_header_stdlib_h=yes
ac_cv_header_string_h=yes
ac_cv_header_strings_h=yes
ac_cv_header_sys_stat_h=yes
ac_cv_header_sys_types_h=yes
ac_cv_header_sys_wait_h=no
ac_cv_header_unistd_h=yes
ac_cv_host=arm-unknown-mingw32ce
ac_cv_host_alias=arm-mingw32ce
ac_cv_objext=o
ac_cv_path_install='/usr/bin/install -c'
ac_cv_prog_AR=/home/cygwin/cegcc/bin/arm-mingw32ce-ar
ac_cv_prog_AWK=gawk
ac_cv_prog_CC=/home/cygwin/cegcc/bin/arm-mingw32ce-gcc
ac_cv_prog_CPP='/home/cygwin/cegcc/bin/arm-mingw32ce-gcc -E'
ac_cv_prog_CXX=/home/cygwin/cegcc/bin/arm-mingw32ce-g++
ac_cv_prog_CXXCPP='/home/cygwin/cegcc/bin/arm-mingw32ce-g++ -E'
ac_cv_prog_RANLIB=/home/cygwin/cegcc/bin/arm-mingw32ce-ranlib
ac_cv_prog_STRIP=/home/cygwin/cegcc/bin/arm-mingw32ce-strip
ac_cv_prog_cc_g=yes
ac_cv_prog_cc_stdc=
ac_cv_prog_cxx_g=yes
ac_cv_prog_egrep='grep -E'
ac_cv_prog_f77_g=no
ac_cv_prog_make_make_set=yes
ac_cv_sizeof_int=4
ac_cv_sizeof_long=4
ac_cv_sizeof_long_long=8
ac_cv_type_int=yes
ac_cv_type_long=yes
ac_cv_type_long_long=yes
ac_cv_type_pid_t=yes
am_cv_CC_dependencies_compiler_type=gcc3
am_cv_CXX_dependencies_compiler_type=gcc3
lt_cv_deplibs_check_method='file_magic file format pei*-i386(.*architecture: i386)?'
lt_cv_file_magic_cmd='$OBJDUMP -f'
lt_cv_file_magic_test_file=
lt_cv_ld_reload_flag=-r
lt_cv_objdir=.libs
lt_cv_path_LD=/home/cygwin/cegcc/bin/arm-mingw32ce-ld
lt_cv_path_LDCXX=/home/cygwin/cegcc/bin/arm-mingw32ce-ld
lt_cv_path_NM=/home/cygwin/cegcc/bin/arm-mingw32ce-nm
lt_cv_path_SED=/usr/bin/sed
lt_cv_prog_compiler_c_o=yes
lt_cv_prog_compiler_c_o_CXX=yes
lt_cv_prog_compiler_rtti_exceptions=no
lt_cv_prog_gnu_ld=yes
lt_cv_prog_gnu_ldcxx=yes
lt_cv_sys_global_symbol_pipe='sed -n -e '\''s/^.*[ 	]\([ABCDGIRSTW][ABCDGIRSTW]*\)[ 	][ 	]*\(\)\([_A-Za-z][_A-Za-z0-9]*\)$/\1 \2\3 \3/p'\'''
lt_cv_sys_global_symbol_to_c_name_address='sed -n -e '\''s/^: \([^ ]*\) $/  {\"\1\", (lt_ptr) 0},/p'\'' -e '\''s/^[BCDEGRST] \([^ ]*\) \([^ ]*\)$/  {"\2", (lt_ptr) \&\2},/p'\'''
lt_cv_sys_global_symbol_to_cdecl='sed -n -e '\''s/^. .* \(.*\)$/extern int \1;/p'\'''
lt_cv_sys_max_cmd_len=8192
lt_lt_cv_prog_compiler_c_o='"yes"'
lt_lt_cv_prog_compiler_c_o_CXX='"yes"'
lt_lt_cv_sys_global_symbol_pipe='"sed -n -e '\''s/^.*[ 	]\\([ABCDGIRSTW][ABCDGIRSTW]*\\)[ 	][ 	]*\\(\\)\\([_A-Za-z][_A-Za-z0-9]*\\)\$/\\1 \\2\\3 \\3/p'\''"'
lt_lt_cv_sys_global_symbol_to_c_name_address='"sed -n -e '\''s/^: \\([^ ]*\\) \$/  {\\\"\\1\\\", (lt_ptr) 0},/p'\'' -e '\''s/^[BCDEGRST] \\([^ ]*\\) \\([^ ]*\\)\$/  {\"\\2\", (lt_ptr) \\&\\2},/p'\''"'
lt_lt_cv_sys_global_symbol_to_cdecl='"sed -n -e '\''s/^. .* \\(.*\\)\$/extern int \\1;/p'\''"'

## ----------------- ##
## Output variables. ##
## ----------------- ##

ACLOCAL='${SHELL} /home/cygwin/libmad-0.15.1b/missing --run aclocal-1.8'
AMDEPBACKSLASH='\'
AMDEP_FALSE='#'
AMDEP_TRUE=''
AMTAR='${SHELL} /home/cygwin/libmad-0.15.1b/missing --run tar'
AR='/home/cygwin/cegcc/bin/arm-mingw32ce-ar'
ASO=' -DASO_INTERLEAVE1 -DASO_IMDCT'
ASO_OBJS='imdct_l_arm.lo'
AUTOCONF='${SHELL} /home/cygwin/libmad-0.15.1b/missing --run autoconf'
AUTOHEADER='${SHELL} /home/cygwin/libmad-0.15.1b/missing --run autoheader'
AUTOMAKE='${SHELL} /home/cygwin/libmad-0.15.1b/missing --run automake-1.8'
AWK='gawk'
CC='/home/cygwin/cegcc/bin/arm-mingw32ce-gcc'
CCAS='/home/cygwin/cegcc/bin/arm-mingw32ce-gcc'
CCASFLAGS='-g -O2'
CCDEPMODE='depmode=gcc3'
CFLAGS='-Wall -g -O -fforce-mem -fforce-addr -fthread-jumps -fcse-follow-jumps -fcse-skip-blocks -fexpensive-optimizations -fregmove -fschedule-insns2 -fstrength-reduce'
CPP='/home/cygwin/cegcc/bin/arm-mingw32ce-gcc -E'
CPPFLAGS=' -mno-cygwin'
CXX='/home/cygwin/cegcc/bin/arm-mingw32ce-g++'
CXXCPP='/home/cygwin/cegcc/bin/arm-mingw32ce-g++ -E'
CXXDEPMODE='depmode=gcc3'
CXXFLAGS='-g -O2'
CYGPATH_W='cygpath -w'
DEFS='-DHAVE_CONFIG_H'
DEPDIR='.deps'
ECHO='echo'
ECHO_C=''
ECHO_N='-n'
ECHO_T=''
EGREP='grep -E'
EXEEXT='.exe'
F77=''
FFLAGS=''
FPM='-DFPM_ARM'
INSTALL_DATA='${INSTALL} -m 644'
INSTALL_PROGRAM='${INSTALL}'
INSTALL_SCRIPT='${INSTALL}'
INSTALL_STRIP_PROGRAM='${SHELL} $(install_sh) -c -s'
LDFLAGS=' -mno-cygwin'
LIBOBJS=''
LIBS=''
LIBTOOL='$(SHELL) $(top_builddir)/libtool'
LIBTOOL_DEPS='./ltmain.sh'
LN_S='ln -s'
LTLIBOBJS=''
MAKEINFO='${SHELL} /home/cygwin/libmad-0.15.1b/missing --run makeinfo'
OBJEXT='o'
PACKAGE='libmad'
PACKAGE_BUGREPORT='support@underbit.com'
PACKAGE_NAME='MPEG Audio Decoder'
PACKAGE_STRING='MPEG Audio Decoder 0.15.1b'
PACKAGE_TARNAME='libmad'
PACKAGE_VERSION='0.15.1b'
PATH_SEPARATOR=':'
RANLIB='/home/cygwin/cegcc/bin/arm-mingw32ce-ranlib'
SET_MAKE=''
SHELL='/bin/sh'
STRIP='/home/cygwin/cegcc/bin/arm-mingw32ce-strip'
VERSION='0.15.1b'
ac_ct_AR=''
ac_ct_CC=''
ac_ct_CXX=''
ac_ct_F77=''
ac_ct_RANLIB=''
ac_ct_STRIP=''
am__fastdepCC_FALSE='#'
am__fastdepCC_TRUE=''
am__fastdepCXX_FALSE='#'
am__fastdepCXX_TRUE=''
am__include='include'
am__leading_dot='.'
am__quote=''
bindir='${exec_prefix}/bin'
build='i686-pc-cygwin'
build_alias=''
build_cpu='i686'
build_os='cygwin'
build_vendor='pc'
datadir='${prefix}/share'
exec_prefix='${prefix}'
host='arm-unknown-mingw32ce'
host_alias='arm-mingw32ce'
host_cpu='arm'
host_os='mingw32ce'
host_vendor='unknown'
includedir='${prefix}/include'
infodir='${prefix}/info'
install_sh='/home/cygwin/libmad-0.15.1b/install-sh'
libdir='${exec_prefix}/lib'
libexecdir='${exec_prefix}/libexec'
localstatedir='${prefix}/var'
mandir='${prefix}/man'
mkdir_p='mkdir -p -- .'
oldincludedir='/usr/include'
prefix='/home/cygwin/cegcc/arm-mingw32ce'
program_transform_name='s,x,x,'
sbindir='${exec_prefix}/sbin'
sharedstatedir='${prefix}/com'
sysconfdir='${prefix}/etc'
target_alias=''

## ----------- ##
## confdefs.h. ##
## ----------- ##

#define HAVE_ASSERT_H 1
#define HAVE_FCNTL_H 1
#define HAVE_INTTYPES_H 1
#define HAVE_LIMITS_H 1
#define HAVE_MEMORY_H 1
#define HAVE_STDINT_H 1
#define HAVE_STDLIB_H 1
#define HAVE_STRINGS_H 1
#define HAVE_STRING_H 1
#define HAVE_SYS_STAT_H 1
#define HAVE_SYS_TYPES_H 1
#define HAVE_SYS_TYPES_H 1
#define HAVE_UNISTD_H 1
#define HAVE_UNISTD_H 1
#define PACKAGE "libmad"
#define PACKAGE_BUGREPORT "support@underbit.com"
#define PACKAGE_NAME "MPEG Audio Decoder"
#define PACKAGE_STRING "MPEG Audio Decoder 0.15.1b"
#define PACKAGE_TARNAME "libmad"
#define PACKAGE_VERSION "0.15.1b"
#define SIZEOF_INT 4
#define SIZEOF_LONG 4
#define SIZEOF_LONG_LONG 8
#define STDC_HEADERS 1
#define STDC_HEADERS 1
#define VERSION "0.15.1b"
#endif
#ifdef __cplusplus
extern "C" void std::exit (int) throw (); using std::exit;

configure: exit 0
